[0.009s] Invoking command in '/home/oberton/manipulation/manipulation_ws/build/snaak_manipulation': CMAKE_PREFIX_PATH=/opt/ros/humble /usr/bin/cmake --build /home/oberton/manipulation/manipulation_ws/build/snaak_manipulation -- -j12 -l12
[0.028s] -- Found ament_cmake: 1.3.11 (/opt/ros/humble/share/ament_cmake/cmake)
[0.103s] -- Found rclcpp: 16.0.11 (/opt/ros/humble/share/rclcpp/cmake)
[0.121s] -- Found rosidl_generator_c: 3.1.6 (/opt/ros/humble/share/rosidl_generator_c/cmake)
[0.122s] -- Found rosidl_adapter: 3.1.6 (/opt/ros/humble/share/rosidl_adapter/cmake)
[0.125s] -- Found rosidl_generator_cpp: 3.1.6 (/opt/ros/humble/share/rosidl_generator_cpp/cmake)
[0.130s] -- Using all available rosidl_typesupport_c: rosidl_typesupport_fastrtps_c;rosidl_typesupport_introspection_c
[0.137s] -- Using all available rosidl_typesupport_cpp: rosidl_typesupport_fastrtps_cpp;rosidl_typesupport_introspection_cpp
[0.153s] -- Found rmw_implementation_cmake: 6.1.2 (/opt/ros/humble/share/rmw_implementation_cmake/cmake)
[0.154s] -- Found rmw_fastrtps_cpp: 6.2.7 (/opt/ros/humble/share/rmw_fastrtps_cpp/cmake)
[0.227s] -- Using RMW implementation 'rmw_fastrtps_cpp' as default
[0.254s] -- Found rclpy: 3.3.15 (/opt/ros/humble/share/rclpy/cmake)
[0.254s] -- Found geometry_msgs: 4.2.4 (/opt/ros/humble/share/geometry_msgs/cmake)
[0.261s] -- Found rosidl_default_generators: 1.2.0 (/opt/ros/humble/share/rosidl_default_generators/cmake)
[0.268s] -- Found tf2: 0.25.11 (/opt/ros/humble/share/tf2/cmake)
[0.277s] -- Found tf2_ros: 0.25.11 (/opt/ros/humble/share/tf2_ros/cmake)
[0.507s] -- Found ament_cmake_ros: 0.10.0 (/opt/ros/humble/share/ament_cmake_ros/cmake)
[0.763s] -- Using all available rosidl_typesupport_c: rosidl_typesupport_fastrtps_c;rosidl_typesupport_introspection_c
[0.863s] -- Using all available rosidl_typesupport_cpp: rosidl_typesupport_fastrtps_cpp;rosidl_typesupport_introspection_cpp
[0.877s] -- Found python_cmake_module: 0.10.0 (/opt/ros/humble/share/python_cmake_module/cmake)
[0.892s] -- Using PYTHON_EXECUTABLE: /usr/bin/python3
[0.892s] -- Using PYTHON_INCLUDE_DIRS: /usr/include/python3.10
[0.892s] -- Using PYTHON_LIBRARIES: /usr/lib/x86_64-linux-gnu/libpython3.10.so
[0.917s] -- Configuring done
[0.942s] -- Generating done
[0.951s] -- Build files have been written to: /home/oberton/manipulation/manipulation_ws/build/snaak_manipulation
[0.973s] [35m[1mConsolidate compiler generated dependencies of target snaak_manipulation__rosidl_generator_c[0m
[0.981s] [  6%] Built target snaak_manipulation__cpp
[0.981s] [ 12%] Built target snaak_manipulation__rosidl_generator_c
[0.987s] [ 12%] Built target ament_cmake_python_copy_snaak_manipulation
[0.989s] [35m[1mConsolidate compiler generated dependencies of target snaak_manipulation__rosidl_typesupport_c[0m
[0.989s] [35m[1mConsolidate compiler generated dependencies of target snaak_manipulation__rosidl_typesupport_cpp[0m
[0.989s] [35m[1mConsolidate compiler generated dependencies of target snaak_manipulation__rosidl_typesupport_fastrtps_cpp[0m
[0.990s] [35m[1mConsolidate compiler generated dependencies of target snaak_manipulation__rosidl_typesupport_introspection_c[0m
[0.990s] [35m[1mConsolidate compiler generated dependencies of target snaak_manipulation__rosidl_typesupport_introspection_cpp[0m
[0.996s] [35m[1mConsolidate compiler generated dependencies of target snaak_manipulation__rosidl_typesupport_fastrtps_c[0m
[0.999s] [ 22%] Built target snaak_manipulation__rosidl_typesupport_introspection_c
[0.999s] [ 32%] Built target snaak_manipulation__rosidl_typesupport_c
[1.000s] [ 41%] Built target snaak_manipulation__rosidl_typesupport_introspection_cpp
[1.001s] [ 51%] Built target snaak_manipulation__rosidl_typesupport_cpp
[1.001s] [ 61%] Built target snaak_manipulation__rosidl_typesupport_fastrtps_cpp
[1.007s] [ 70%] Built target snaak_manipulation__rosidl_typesupport_fastrtps_c
[1.023s] [ 70%] Built target snaak_manipulation
[1.041s] [ 74%] Built target snaak_manipulation__py
[1.049s] [35m[1mConsolidate compiler generated dependencies of target snaak_manipulation__rosidl_generator_py[0m
[1.059s] [ 80%] Built target snaak_manipulation__rosidl_generator_py
[1.067s] [35m[1mConsolidate compiler generated dependencies of target snaak_manipulation__rosidl_typesupport_fastrtps_c__pyext[0m
[1.067s] [35m[1mConsolidate compiler generated dependencies of target snaak_manipulation__rosidl_typesupport_c__pyext[0m
[1.067s] [35m[1mConsolidate compiler generated dependencies of target snaak_manipulation__rosidl_typesupport_introspection_c__pyext[0m
[1.076s] [100%] Built target snaak_manipulation__rosidl_typesupport_c__pyext
[1.077s] [100%] Built target snaak_manipulation__rosidl_typesupport_fastrtps_c__pyext
[1.077s] [100%] Built target snaak_manipulation__rosidl_typesupport_introspection_c__pyext
[1.117s] running egg_info
[1.117s] writing snaak_manipulation.egg-info/PKG-INFO
[1.118s] writing dependency_links to snaak_manipulation.egg-info/dependency_links.txt
[1.118s] writing top-level names to snaak_manipulation.egg-info/top_level.txt
[1.119s] reading manifest file 'snaak_manipulation.egg-info/SOURCES.txt'
[1.119s] writing manifest file 'snaak_manipulation.egg-info/SOURCES.txt'
[1.139s] [100%] Built target ament_cmake_python_build_snaak_manipulation_egg
[1.148s] Invoked command in '/home/oberton/manipulation/manipulation_ws/build/snaak_manipulation' returned '0': CMAKE_PREFIX_PATH=/opt/ros/humble /usr/bin/cmake --build /home/oberton/manipulation/manipulation_ws/build/snaak_manipulation -- -j12 -l12
[1.156s] Invoking command in '/home/oberton/manipulation/manipulation_ws/build/snaak_manipulation': CMAKE_PREFIX_PATH=/opt/ros/humble /usr/bin/cmake --install /home/oberton/manipulation/manipulation_ws/build/snaak_manipulation
[1.161s] -- Install configuration: ""
[1.161s] -- Up-to-date: /home/oberton/manipulation/manipulation_ws/install/snaak_manipulation/share/ament_index/resource_index/rosidl_interfaces/snaak_manipulation
[1.161s] -- Up-to-date: /home/oberton/manipulation/manipulation_ws/install/snaak_manipulation/include/snaak_manipulation/snaak_manipulation
[1.161s] -- Up-to-date: /home/oberton/manipulation/manipulation_ws/install/snaak_manipulation/include/snaak_manipulation/snaak_manipulation/msg
[1.161s] -- Up-to-date: /home/oberton/manipulation/manipulation_ws/install/snaak_manipulation/include/snaak_manipulation/snaak_manipulation/msg/rosidl_generator_c__visibility_control.h
[1.161s] -- Up-to-date: /home/oberton/manipulation/manipulation_ws/install/snaak_manipulation/include/snaak_manipulation/snaak_manipulation/action
[1.161s] -- Up-to-date: /home/oberton/manipulation/manipulation_ws/install/snaak_manipulation/include/snaak_manipulation/snaak_manipulation/action/detail
[1.161s] -- Up-to-date: /home/oberton/manipulation/manipulation_ws/install/snaak_manipulation/include/snaak_manipulation/snaak_manipulation/action/detail/follow_trajectory__functions.c
[1.161s] -- Up-to-date: /home/oberton/manipulation/manipulation_ws/install/snaak_manipulation/include/snaak_manipulation/snaak_manipulation/action/detail/follow_trajectory__struct.h
[1.162s] -- Up-to-date: /home/oberton/manipulation/manipulation_ws/install/snaak_manipulation/include/snaak_manipulation/snaak_manipulation/action/detail/follow_trajectory__functions.h
[1.162s] -- Up-to-date: /home/oberton/manipulation/manipulation_ws/install/snaak_manipulation/include/snaak_manipulation/snaak_manipulation/action/detail/follow_trajectory__type_support.h
[1.162s] -- Up-to-date: /home/oberton/manipulation/manipulation_ws/install/snaak_manipulation/include/snaak_manipulation/snaak_manipulation/action/follow_trajectory.h
[1.162s] -- Up-to-date: /home/oberton/manipulation/manipulation_ws/install/snaak_manipulation/share/snaak_manipulation/environment/library_path.sh
[1.162s] -- Installing: /home/oberton/manipulation/manipulation_ws/install/snaak_manipulation/share/snaak_manipulation/environment/library_path.dsv
[1.162s] -- Up-to-date: /home/oberton/manipulation/manipulation_ws/install/snaak_manipulation/lib/libsnaak_manipulation__rosidl_generator_c.so
[1.162s] -- Up-to-date: /home/oberton/manipulation/manipulation_ws/install/snaak_manipulation/include/snaak_manipulation/snaak_manipulation
[1.162s] -- Up-to-date: /home/oberton/manipulation/manipulation_ws/install/snaak_manipulation/include/snaak_manipulation/snaak_manipulation/msg
[1.162s] -- Up-to-date: /home/oberton/manipulation/manipulation_ws/install/snaak_manipulation/include/snaak_manipulation/snaak_manipulation/msg/rosidl_typesupport_fastrtps_c__visibility_control.h
[1.162s] -- Up-to-date: /home/oberton/manipulation/manipulation_ws/install/snaak_manipulation/include/snaak_manipulation/snaak_manipulation/action
[1.162s] -- Up-to-date: /home/oberton/manipulation/manipulation_ws/install/snaak_manipulation/include/snaak_manipulation/snaak_manipulation/action/detail
[1.162s] -- Up-to-date: /home/oberton/manipulation/manipulation_ws/install/snaak_manipulation/include/snaak_manipulation/snaak_manipulation/action/detail/follow_trajectory__rosidl_typesupport_fastrtps_c.h
[1.162s] -- Up-to-date: /home/oberton/manipulation/manipulation_ws/install/snaak_manipulation/lib/libsnaak_manipulation__rosidl_typesupport_fastrtps_c.so
[1.162s] -- Up-to-date: /home/oberton/manipulation/manipulation_ws/install/snaak_manipulation/include/snaak_manipulation/snaak_manipulation
[1.162s] -- Up-to-date: /home/oberton/manipulation/manipulation_ws/install/snaak_manipulation/include/snaak_manipulation/snaak_manipulation/msg
[1.162s] -- Up-to-date: /home/oberton/manipulation/manipulation_ws/install/snaak_manipulation/include/snaak_manipulation/snaak_manipulation/msg/rosidl_generator_cpp__visibility_control.hpp
[1.162s] -- Up-to-date: /home/oberton/manipulation/manipulation_ws/install/snaak_manipulation/include/snaak_manipulation/snaak_manipulation/action
[1.162s] -- Up-to-date: /home/oberton/manipulation/manipulation_ws/install/snaak_manipulation/include/snaak_manipulation/snaak_manipulation/action/detail
[1.162s] -- Up-to-date: /home/oberton/manipulation/manipulation_ws/install/snaak_manipulation/include/snaak_manipulation/snaak_manipulation/action/detail/follow_trajectory__builder.hpp
[1.162s] -- Up-to-date: /home/oberton/manipulation/manipulation_ws/install/snaak_manipulation/include/snaak_manipulation/snaak_manipulation/action/detail/follow_trajectory__traits.hpp
[1.162s] -- Up-to-date: /home/oberton/manipulation/manipulation_ws/install/snaak_manipulation/include/snaak_manipulation/snaak_manipulation/action/detail/follow_trajectory__struct.hpp
[1.163s] -- Up-to-date: /home/oberton/manipulation/manipulation_ws/install/snaak_manipulation/include/snaak_manipulation/snaak_manipulation/action/detail/follow_trajectory__type_support.hpp
[1.163s] -- Up-to-date: /home/oberton/manipulation/manipulation_ws/install/snaak_manipulation/include/snaak_manipulation/snaak_manipulation/action/follow_trajectory.hpp
[1.163s] -- Up-to-date: /home/oberton/manipulation/manipulation_ws/install/snaak_manipulation/include/snaak_manipulation/snaak_manipulation
[1.163s] -- Up-to-date: /home/oberton/manipulation/manipulation_ws/install/snaak_manipulation/include/snaak_manipulation/snaak_manipulation/msg
[1.163s] -- Up-to-date: /home/oberton/manipulation/manipulation_ws/install/snaak_manipulation/include/snaak_manipulation/snaak_manipulation/msg/rosidl_typesupport_fastrtps_cpp__visibility_control.h
[1.163s] -- Up-to-date: /home/oberton/manipulation/manipulation_ws/install/snaak_manipulation/include/snaak_manipulation/snaak_manipulation/action
[1.163s] -- Up-to-date: /home/oberton/manipulation/manipulation_ws/install/snaak_manipulation/include/snaak_manipulation/snaak_manipulation/action/detail
[1.163s] -- Up-to-date: /home/oberton/manipulation/manipulation_ws/install/snaak_manipulation/include/snaak_manipulation/snaak_manipulation/action/detail/follow_trajectory__rosidl_typesupport_fastrtps_cpp.hpp
[1.163s] -- Up-to-date: /home/oberton/manipulation/manipulation_ws/install/snaak_manipulation/include/snaak_manipulation/snaak_manipulation/action/detail/dds_fastrtps
[1.163s] -- Up-to-date: /home/oberton/manipulation/manipulation_ws/install/snaak_manipulation/lib/libsnaak_manipulation__rosidl_typesupport_fastrtps_cpp.so
[1.163s] -- Up-to-date: /home/oberton/manipulation/manipulation_ws/install/snaak_manipulation/include/snaak_manipulation/snaak_manipulation
[1.163s] -- Up-to-date: /home/oberton/manipulation/manipulation_ws/install/snaak_manipulation/include/snaak_manipulation/snaak_manipulation/msg
[1.163s] -- Up-to-date: /home/oberton/manipulation/manipulation_ws/install/snaak_manipulation/include/snaak_manipulation/snaak_manipulation/msg/rosidl_typesupport_introspection_c__visibility_control.h
[1.163s] -- Up-to-date: /home/oberton/manipulation/manipulation_ws/install/snaak_manipulation/include/snaak_manipulation/snaak_manipulation/action
[1.163s] -- Up-to-date: /home/oberton/manipulation/manipulation_ws/install/snaak_manipulation/include/snaak_manipulation/snaak_manipulation/action/detail
[1.163s] -- Up-to-date: /home/oberton/manipulation/manipulation_ws/install/snaak_manipulation/include/snaak_manipulation/snaak_manipulation/action/detail/follow_trajectory__type_support.c
[1.163s] -- Up-to-date: /home/oberton/manipulation/manipulation_ws/install/snaak_manipulation/include/snaak_manipulation/snaak_manipulation/action/detail/follow_trajectory__rosidl_typesupport_introspection_c.h
[1.163s] -- Up-to-date: /home/oberton/manipulation/manipulation_ws/install/snaak_manipulation/lib/libsnaak_manipulation__rosidl_typesupport_introspection_c.so
[1.163s] -- Up-to-date: /home/oberton/manipulation/manipulation_ws/install/snaak_manipulation/lib/libsnaak_manipulation__rosidl_typesupport_c.so
[1.163s] -- Up-to-date: /home/oberton/manipulation/manipulation_ws/install/snaak_manipulation/include/snaak_manipulation/snaak_manipulation
[1.163s] -- Up-to-date: /home/oberton/manipulation/manipulation_ws/install/snaak_manipulation/include/snaak_manipulation/snaak_manipulation/action
[1.163s] -- Up-to-date: /home/oberton/manipulation/manipulation_ws/install/snaak_manipulation/include/snaak_manipulation/snaak_manipulation/action/detail
[1.163s] -- Up-to-date: /home/oberton/manipulation/manipulation_ws/install/snaak_manipulation/include/snaak_manipulation/snaak_manipulation/action/detail/follow_trajectory__type_support.cpp
[1.163s] -- Up-to-date: /home/oberton/manipulation/manipulation_ws/install/snaak_manipulation/include/snaak_manipulation/snaak_manipulation/action/detail/follow_trajectory__rosidl_typesupport_introspection_cpp.hpp
[1.163s] -- Up-to-date: /home/oberton/manipulation/manipulation_ws/install/snaak_manipulation/lib/libsnaak_manipulation__rosidl_typesupport_introspection_cpp.so
[1.163s] -- Up-to-date: /home/oberton/manipulation/manipulation_ws/install/snaak_manipulation/lib/libsnaak_manipulation__rosidl_typesupport_cpp.so
[1.163s] -- Up-to-date: /home/oberton/manipulation/manipulation_ws/install/snaak_manipulation/share/snaak_manipulation/environment/pythonpath.sh
[1.163s] -- Installing: /home/oberton/manipulation/manipulation_ws/install/snaak_manipulation/share/snaak_manipulation/environment/pythonpath.dsv
[1.163s] -- Up-to-date: /home/oberton/manipulation/manipulation_ws/install/snaak_manipulation/local/lib/python3.10/dist-packages/snaak_manipulation-0.0.1-py3.10.egg-info
[1.163s] -- Installing: /home/oberton/manipulation/manipulation_ws/install/snaak_manipulation/local/lib/python3.10/dist-packages/snaak_manipulation-0.0.1-py3.10.egg-info/dependency_links.txt
[1.163s] -- Installing: /home/oberton/manipulation/manipulation_ws/install/snaak_manipulation/local/lib/python3.10/dist-packages/snaak_manipulation-0.0.1-py3.10.egg-info/top_level.txt
[1.163s] -- Installing: /home/oberton/manipulation/manipulation_ws/install/snaak_manipulation/local/lib/python3.10/dist-packages/snaak_manipulation-0.0.1-py3.10.egg-info/SOURCES.txt
[1.164s] -- Installing: /home/oberton/manipulation/manipulation_ws/install/snaak_manipulation/local/lib/python3.10/dist-packages/snaak_manipulation-0.0.1-py3.10.egg-info/PKG-INFO
[1.164s] -- Up-to-date: /home/oberton/manipulation/manipulation_ws/install/snaak_manipulation/local/lib/python3.10/dist-packages/snaak_manipulation
[1.164s] -- Up-to-date: /home/oberton/manipulation/manipulation_ws/install/snaak_manipulation/local/lib/python3.10/dist-packages/snaak_manipulation/_snaak_manipulation_s.ep.rosidl_typesupport_c.c
[1.164s] -- Up-to-date: /home/oberton/manipulation/manipulation_ws/install/snaak_manipulation/local/lib/python3.10/dist-packages/snaak_manipulation/_snaak_manipulation_s.ep.rosidl_typesupport_introspection_c.c
[1.164s] -- Up-to-date: /home/oberton/manipulation/manipulation_ws/install/snaak_manipulation/local/lib/python3.10/dist-packages/snaak_manipulation/libsnaak_manipulation__rosidl_generator_py.so
[1.164s] -- Installing: /home/oberton/manipulation/manipulation_ws/install/snaak_manipulation/local/lib/python3.10/dist-packages/snaak_manipulation/__init__.py
[1.164s] -- Up-to-date: /home/oberton/manipulation/manipulation_ws/install/snaak_manipulation/local/lib/python3.10/dist-packages/snaak_manipulation/_snaak_manipulation_s.ep.rosidl_typesupport_fastrtps_c.c
[1.164s] -- Up-to-date: /home/oberton/manipulation/manipulation_ws/install/snaak_manipulation/local/lib/python3.10/dist-packages/snaak_manipulation/snaak_manipulation_s__rosidl_typesupport_introspection_c.cpython-310-x86_64-linux-gnu.so
[1.164s] -- Up-to-date: /home/oberton/manipulation/manipulation_ws/install/snaak_manipulation/local/lib/python3.10/dist-packages/snaak_manipulation/action
[1.164s] -- Up-to-date: /home/oberton/manipulation/manipulation_ws/install/snaak_manipulation/local/lib/python3.10/dist-packages/snaak_manipulation/action/_follow_trajectory_s.c
[1.164s] -- Up-to-date: /home/oberton/manipulation/manipulation_ws/install/snaak_manipulation/local/lib/python3.10/dist-packages/snaak_manipulation/action/__init__.py
[1.164s] -- Up-to-date: /home/oberton/manipulation/manipulation_ws/install/snaak_manipulation/local/lib/python3.10/dist-packages/snaak_manipulation/action/_follow_trajectory.py
[1.164s] -- Up-to-date: /home/oberton/manipulation/manipulation_ws/install/snaak_manipulation/local/lib/python3.10/dist-packages/snaak_manipulation/snaak_manipulation_s__rosidl_typesupport_fastrtps_c.cpython-310-x86_64-linux-gnu.so
[1.164s] -- Up-to-date: /home/oberton/manipulation/manipulation_ws/install/snaak_manipulation/local/lib/python3.10/dist-packages/snaak_manipulation/snaak_manipulation_s__rosidl_typesupport_c.cpython-310-x86_64-linux-gnu.so
[1.184s] Listing '/home/oberton/manipulation/manipulation_ws/install/snaak_manipulation/local/lib/python3.10/dist-packages/snaak_manipulation'...
[1.184s] Compiling '/home/oberton/manipulation/manipulation_ws/install/snaak_manipulation/local/lib/python3.10/dist-packages/snaak_manipulation/__init__.py'...
[1.184s] Listing '/home/oberton/manipulation/manipulation_ws/install/snaak_manipulation/local/lib/python3.10/dist-packages/snaak_manipulation/action'...
[1.187s] -- Up-to-date: /home/oberton/manipulation/manipulation_ws/install/snaak_manipulation/local/lib/python3.10/dist-packages/snaak_manipulation/snaak_manipulation_s__rosidl_typesupport_fastrtps_c.cpython-310-x86_64-linux-gnu.so
[1.187s] -- Up-to-date: /home/oberton/manipulation/manipulation_ws/install/snaak_manipulation/local/lib/python3.10/dist-packages/snaak_manipulation/snaak_manipulation_s__rosidl_typesupport_introspection_c.cpython-310-x86_64-linux-gnu.so
[1.187s] -- Up-to-date: /home/oberton/manipulation/manipulation_ws/install/snaak_manipulation/local/lib/python3.10/dist-packages/snaak_manipulation/snaak_manipulation_s__rosidl_typesupport_c.cpython-310-x86_64-linux-gnu.so
[1.188s] -- Up-to-date: /home/oberton/manipulation/manipulation_ws/install/snaak_manipulation/lib/libsnaak_manipulation__rosidl_generator_py.so
[1.188s] -- Up-to-date: /home/oberton/manipulation/manipulation_ws/install/snaak_manipulation/share/snaak_manipulation/action/FollowTrajectory.idl
[1.188s] -- Up-to-date: /home/oberton/manipulation/manipulation_ws/install/snaak_manipulation/share/snaak_manipulation/action/FollowTrajectory.action
[1.188s] -- Installing: /home/oberton/manipulation/manipulation_ws/install/snaak_manipulation/lib/snaak_manipulation/follow_trajectory.py
[1.188s] -- Installing: /home/oberton/manipulation/manipulation_ws/install/snaak_manipulation/share/ament_index/resource_index/package_run_dependencies/snaak_manipulation
[1.188s] -- Up-to-date: /home/oberton/manipulation/manipulation_ws/install/snaak_manipulation/share/ament_index/resource_index/parent_prefix_path/snaak_manipulation
[1.188s] -- Up-to-date: /home/oberton/manipulation/manipulation_ws/install/snaak_manipulation/share/snaak_manipulation/environment/ament_prefix_path.sh
[1.188s] -- Installing: /home/oberton/manipulation/manipulation_ws/install/snaak_manipulation/share/snaak_manipulation/environment/ament_prefix_path.dsv
[1.188s] -- Up-to-date: /home/oberton/manipulation/manipulation_ws/install/snaak_manipulation/share/snaak_manipulation/environment/path.sh
[1.188s] -- Installing: /home/oberton/manipulation/manipulation_ws/install/snaak_manipulation/share/snaak_manipulation/environment/path.dsv
[1.188s] -- Up-to-date: /home/oberton/manipulation/manipulation_ws/install/snaak_manipulation/share/snaak_manipulation/local_setup.bash
[1.188s] -- Up-to-date: /home/oberton/manipulation/manipulation_ws/install/snaak_manipulation/share/snaak_manipulation/local_setup.sh
[1.188s] -- Up-to-date: /home/oberton/manipulation/manipulation_ws/install/snaak_manipulation/share/snaak_manipulation/local_setup.zsh
[1.188s] -- Installing: /home/oberton/manipulation/manipulation_ws/install/snaak_manipulation/share/snaak_manipulation/local_setup.dsv
[1.188s] -- Installing: /home/oberton/manipulation/manipulation_ws/install/snaak_manipulation/share/snaak_manipulation/package.dsv
[1.189s] -- Up-to-date: /home/oberton/manipulation/manipulation_ws/install/snaak_manipulation/share/ament_index/resource_index/packages/snaak_manipulation
[1.189s] -- Up-to-date: /home/oberton/manipulation/manipulation_ws/install/snaak_manipulation/share/snaak_manipulation/cmake/export_snaak_manipulation__rosidl_generator_cExport.cmake
[1.189s] -- Up-to-date: /home/oberton/manipulation/manipulation_ws/install/snaak_manipulation/share/snaak_manipulation/cmake/export_snaak_manipulation__rosidl_generator_cExport-noconfig.cmake
[1.189s] -- Up-to-date: /home/oberton/manipulation/manipulation_ws/install/snaak_manipulation/share/snaak_manipulation/cmake/export_snaak_manipulation__rosidl_typesupport_fastrtps_cExport.cmake
[1.189s] -- Up-to-date: /home/oberton/manipulation/manipulation_ws/install/snaak_manipulation/share/snaak_manipulation/cmake/export_snaak_manipulation__rosidl_typesupport_fastrtps_cExport-noconfig.cmake
[1.189s] -- Up-to-date: /home/oberton/manipulation/manipulation_ws/install/snaak_manipulation/share/snaak_manipulation/cmake/export_snaak_manipulation__rosidl_generator_cppExport.cmake
[1.189s] -- Up-to-date: /home/oberton/manipulation/manipulation_ws/install/snaak_manipulation/share/snaak_manipulation/cmake/export_snaak_manipulation__rosidl_typesupport_fastrtps_cppExport.cmake
[1.189s] -- Up-to-date: /home/oberton/manipulation/manipulation_ws/install/snaak_manipulation/share/snaak_manipulation/cmake/export_snaak_manipulation__rosidl_typesupport_fastrtps_cppExport-noconfig.cmake
[1.189s] -- Up-to-date: /home/oberton/manipulation/manipulation_ws/install/snaak_manipulation/share/snaak_manipulation/cmake/snaak_manipulation__rosidl_typesupport_introspection_cExport.cmake
[1.189s] -- Up-to-date: /home/oberton/manipulation/manipulation_ws/install/snaak_manipulation/share/snaak_manipulation/cmake/snaak_manipulation__rosidl_typesupport_introspection_cExport-noconfig.cmake
[1.189s] -- Up-to-date: /home/oberton/manipulation/manipulation_ws/install/snaak_manipulation/share/snaak_manipulation/cmake/snaak_manipulation__rosidl_typesupport_cExport.cmake
[1.189s] -- Up-to-date: /home/oberton/manipulation/manipulation_ws/install/snaak_manipulation/share/snaak_manipulation/cmake/snaak_manipulation__rosidl_typesupport_cExport-noconfig.cmake
[1.189s] -- Up-to-date: /home/oberton/manipulation/manipulation_ws/install/snaak_manipulation/share/snaak_manipulation/cmake/snaak_manipulation__rosidl_typesupport_introspection_cppExport.cmake
[1.189s] -- Up-to-date: /home/oberton/manipulation/manipulation_ws/install/snaak_manipulation/share/snaak_manipulation/cmake/snaak_manipulation__rosidl_typesupport_introspection_cppExport-noconfig.cmake
[1.189s] -- Up-to-date: /home/oberton/manipulation/manipulation_ws/install/snaak_manipulation/share/snaak_manipulation/cmake/snaak_manipulation__rosidl_typesupport_cppExport.cmake
[1.189s] -- Up-to-date: /home/oberton/manipulation/manipulation_ws/install/snaak_manipulation/share/snaak_manipulation/cmake/snaak_manipulation__rosidl_typesupport_cppExport-noconfig.cmake
[1.189s] -- Up-to-date: /home/oberton/manipulation/manipulation_ws/install/snaak_manipulation/share/snaak_manipulation/cmake/export_snaak_manipulation__rosidl_generator_pyExport.cmake
[1.189s] -- Up-to-date: /home/oberton/manipulation/manipulation_ws/install/snaak_manipulation/share/snaak_manipulation/cmake/export_snaak_manipulation__rosidl_generator_pyExport-noconfig.cmake
[1.189s] -- Up-to-date: /home/oberton/manipulation/manipulation_ws/install/snaak_manipulation/share/snaak_manipulation/cmake/rosidl_cmake-extras.cmake
[1.189s] -- Up-to-date: /home/oberton/manipulation/manipulation_ws/install/snaak_manipulation/share/snaak_manipulation/cmake/ament_cmake_export_dependencies-extras.cmake
[1.189s] -- Up-to-date: /home/oberton/manipulation/manipulation_ws/install/snaak_manipulation/share/snaak_manipulation/cmake/ament_cmake_export_include_directories-extras.cmake
[1.190s] -- Up-to-date: /home/oberton/manipulation/manipulation_ws/install/snaak_manipulation/share/snaak_manipulation/cmake/ament_cmake_export_libraries-extras.cmake
[1.190s] -- Up-to-date: /home/oberton/manipulation/manipulation_ws/install/snaak_manipulation/share/snaak_manipulation/cmake/ament_cmake_export_targets-extras.cmake
[1.190s] -- Up-to-date: /home/oberton/manipulation/manipulation_ws/install/snaak_manipulation/share/snaak_manipulation/cmake/rosidl_cmake_export_typesupport_targets-extras.cmake
[1.190s] -- Up-to-date: /home/oberton/manipulation/manipulation_ws/install/snaak_manipulation/share/snaak_manipulation/cmake/rosidl_cmake_export_typesupport_libraries-extras.cmake
[1.190s] -- Up-to-date: /home/oberton/manipulation/manipulation_ws/install/snaak_manipulation/share/snaak_manipulation/cmake/snaak_manipulationConfig.cmake
[1.190s] -- Up-to-date: /home/oberton/manipulation/manipulation_ws/install/snaak_manipulation/share/snaak_manipulation/cmake/snaak_manipulationConfig-version.cmake
[1.190s] -- Installing: /home/oberton/manipulation/manipulation_ws/install/snaak_manipulation/share/snaak_manipulation/package.xml
[1.192s] Invoked command in '/home/oberton/manipulation/manipulation_ws/build/snaak_manipulation' returned '0': CMAKE_PREFIX_PATH=/opt/ros/humble /usr/bin/cmake --install /home/oberton/manipulation/manipulation_ws/build/snaak_manipulation
