[0.119s] DEBUG:colcon:Command line arguments: ['/usr/bin/colcon', 'build']
[0.119s] DEBUG:colcon:Parsed command line arguments: Namespace(log_base=None, log_level=None, verb_name='build', build_base='build', install_base='install', merge_install=False, symlink_install=False, test_result_base=None, continue_on_error=False, executor='parallel', parallel_workers=16, event_handlers=None, ignore_user_meta=False, metas=['./colcon.meta'], base_paths=['.'], packages_ignore=None, packages_ignore_regex=None, paths=None, packages_up_to=None, packages_up_to_regex=None, packages_above=None, packages_above_and_dependencies=None, packages_above_depth=None, packages_select_by_dep=None, packages_skip_by_dep=None, packages_skip_up_to=None, packages_select_build_failed=False, packages_skip_build_finished=False, packages_select_test_failures=False, packages_skip_test_passed=False, packages_select=None, packages_skip=None, packages_select_regex=None, packages_skip_regex=None, packages_start=None, packages_end=None, allow_overriding=[], cmake_args=None, cmake_target=None, cmake_target_skip_unavailable=False, cmake_clean_cache=False, cmake_clean_first=False, cmake_force_configure=False, ament_cmake_args=None, catkin_cmake_args=None, catkin_skip_building_tests=False, mixin_files=None, mixin=None, verb_parser=<colcon_mixin.mixin.mixin_argument.MixinArgumentDecorator object at 0x770d659f5f00>, verb_extension=<colcon_core.verb.build.BuildVerb object at 0x770d65b62e00>, main=<bound method BuildVerb.main of <colcon_core.verb.build.BuildVerb object at 0x770d65b62e00>>, mixin_verb=('build',))
[0.355s] Level 1:colcon.colcon_core.package_discovery:discover_packages(colcon_meta) check parameters
[0.355s] Level 1:colcon.colcon_core.package_discovery:discover_packages(recursive) check parameters
[0.355s] Level 1:colcon.colcon_core.package_discovery:discover_packages(ignore) check parameters
[0.355s] Level 1:colcon.colcon_core.package_discovery:discover_packages(path) check parameters
[0.355s] Level 1:colcon.colcon_core.package_discovery:discover_packages(colcon_meta) discover
[0.355s] Level 1:colcon.colcon_core.package_discovery:discover_packages(recursive) discover
[0.355s] INFO:colcon.colcon_core.package_discovery:Crawling recursively for packages in '/home/snaak/Documents/manipulation/manipulation_ws'
[0.355s] Level 1:colcon.colcon_core.package_identification:_identify(.) by extensions ['ignore', 'ignore_ament_install']
[0.355s] Level 1:colcon.colcon_core.package_identification:_identify(.) by extension 'ignore'
[0.355s] Level 1:colcon.colcon_core.package_identification:_identify(.) by extension 'ignore_ament_install'
[0.356s] Level 1:colcon.colcon_core.package_identification:_identify(.) by extensions ['colcon_pkg']
[0.356s] Level 1:colcon.colcon_core.package_identification:_identify(.) by extension 'colcon_pkg'
[0.356s] Level 1:colcon.colcon_core.package_identification:_identify(.) by extensions ['colcon_meta']
[0.356s] Level 1:colcon.colcon_core.package_identification:_identify(.) by extension 'colcon_meta'
[0.356s] Level 1:colcon.colcon_core.package_identification:_identify(.) by extensions ['ros']
[0.356s] Level 1:colcon.colcon_core.package_identification:_identify(.) by extension 'ros'
[0.364s] Level 1:colcon.colcon_core.package_identification:_identify(.) by extensions ['cmake', 'python']
[0.364s] Level 1:colcon.colcon_core.package_identification:_identify(.) by extension 'cmake'
[0.364s] Level 1:colcon.colcon_core.package_identification:_identify(.) by extension 'python'
[0.364s] Level 1:colcon.colcon_core.package_identification:_identify(.) by extensions ['python_setup_py']
[0.364s] Level 1:colcon.colcon_core.package_identification:_identify(.) by extension 'python_setup_py'
[0.364s] Level 1:colcon.colcon_core.package_identification:_identify(build) by extensions ['ignore', 'ignore_ament_install']
[0.364s] Level 1:colcon.colcon_core.package_identification:_identify(build) by extension 'ignore'
[0.364s] Level 1:colcon.colcon_core.package_identification:_identify(build) ignored
[0.364s] Level 1:colcon.colcon_core.package_identification:_identify(install) by extensions ['ignore', 'ignore_ament_install']
[0.364s] Level 1:colcon.colcon_core.package_identification:_identify(install) by extension 'ignore'
[0.364s] Level 1:colcon.colcon_core.package_identification:_identify(install) ignored
[0.365s] Level 1:colcon.colcon_core.package_identification:_identify(log) by extensions ['ignore', 'ignore_ament_install']
[0.365s] Level 1:colcon.colcon_core.package_identification:_identify(log) by extension 'ignore'
[0.365s] Level 1:colcon.colcon_core.package_identification:_identify(log) ignored
[0.365s] Level 1:colcon.colcon_core.package_identification:_identify(src) by extensions ['ignore', 'ignore_ament_install']
[0.365s] Level 1:colcon.colcon_core.package_identification:_identify(src) by extension 'ignore'
[0.365s] Level 1:colcon.colcon_core.package_identification:_identify(src) by extension 'ignore_ament_install'
[0.365s] Level 1:colcon.colcon_core.package_identification:_identify(src) by extensions ['colcon_pkg']
[0.365s] Level 1:colcon.colcon_core.package_identification:_identify(src) by extension 'colcon_pkg'
[0.365s] Level 1:colcon.colcon_core.package_identification:_identify(src) by extensions ['colcon_meta']
[0.365s] Level 1:colcon.colcon_core.package_identification:_identify(src) by extension 'colcon_meta'
[0.365s] Level 1:colcon.colcon_core.package_identification:_identify(src) by extensions ['ros']
[0.365s] Level 1:colcon.colcon_core.package_identification:_identify(src) by extension 'ros'
[0.365s] Level 1:colcon.colcon_core.package_identification:_identify(src) by extensions ['cmake', 'python']
[0.365s] Level 1:colcon.colcon_core.package_identification:_identify(src) by extension 'cmake'
[0.365s] Level 1:colcon.colcon_core.package_identification:_identify(src) by extension 'python'
[0.365s] Level 1:colcon.colcon_core.package_identification:_identify(src) by extensions ['python_setup_py']
[0.365s] Level 1:colcon.colcon_core.package_identification:_identify(src) by extension 'python_setup_py'
[0.365s] Level 1:colcon.colcon_core.package_identification:_identify(src/snaak_manipulation) by extensions ['ignore', 'ignore_ament_install']
[0.365s] Level 1:colcon.colcon_core.package_identification:_identify(src/snaak_manipulation) by extension 'ignore'
[0.365s] Level 1:colcon.colcon_core.package_identification:_identify(src/snaak_manipulation) by extension 'ignore_ament_install'
[0.365s] Level 1:colcon.colcon_core.package_identification:_identify(src/snaak_manipulation) by extensions ['colcon_pkg']
[0.365s] Level 1:colcon.colcon_core.package_identification:_identify(src/snaak_manipulation) by extension 'colcon_pkg'
[0.365s] Level 1:colcon.colcon_core.package_identification:_identify(src/snaak_manipulation) by extensions ['colcon_meta']
[0.365s] Level 1:colcon.colcon_core.package_identification:_identify(src/snaak_manipulation) by extension 'colcon_meta'
[0.365s] Level 1:colcon.colcon_core.package_identification:_identify(src/snaak_manipulation) by extensions ['ros']
[0.365s] Level 1:colcon.colcon_core.package_identification:_identify(src/snaak_manipulation) by extension 'ros'
[0.367s] DEBUG:colcon.colcon_core.package_identification:Package 'src/snaak_manipulation' with type 'ros.ament_cmake' and name 'snaak_manipulation'
[0.367s] Level 1:colcon.colcon_core.package_discovery:discover_packages(recursive) using defaults
[0.367s] Level 1:colcon.colcon_core.package_discovery:discover_packages(ignore) discover
[0.367s] Level 1:colcon.colcon_core.package_discovery:discover_packages(ignore) using defaults
[0.367s] Level 1:colcon.colcon_core.package_discovery:discover_packages(path) discover
[0.367s] Level 1:colcon.colcon_core.package_discovery:discover_packages(path) using defaults
[0.385s] Level 1:colcon.colcon_core.package_discovery:discover_packages(prefix_path) check parameters
[0.385s] Level 1:colcon.colcon_core.package_discovery:discover_packages(prefix_path) discover
[0.386s] DEBUG:colcon.colcon_installed_package_information.package_discovery:Found 1 installed packages in /home/snaak/Documents/manipulation/manipulation_ws/install
[0.386s] DEBUG:colcon.colcon_installed_package_information.package_discovery:Found 2 installed packages in /home/snaak/Documents/frankapy/ros2_ws/install
[0.387s] DEBUG:colcon.colcon_installed_package_information.package_discovery:Found 275 installed packages in /opt/ros/humble
[0.388s] Level 1:colcon.colcon_core.package_discovery:discover_packages(prefix_path) using defaults
[0.409s] Level 5:colcon.colcon_core.verb:set package 'snaak_manipulation' build argument 'cmake_args' from command line to 'None'
[0.409s] Level 5:colcon.colcon_core.verb:set package 'snaak_manipulation' build argument 'cmake_target' from command line to 'None'
[0.409s] Level 5:colcon.colcon_core.verb:set package 'snaak_manipulation' build argument 'cmake_target_skip_unavailable' from command line to 'False'
[0.409s] Level 5:colcon.colcon_core.verb:set package 'snaak_manipulation' build argument 'cmake_clean_cache' from command line to 'False'
[0.409s] Level 5:colcon.colcon_core.verb:set package 'snaak_manipulation' build argument 'cmake_clean_first' from command line to 'False'
[0.409s] Level 5:colcon.colcon_core.verb:set package 'snaak_manipulation' build argument 'cmake_force_configure' from command line to 'False'
[0.409s] Level 5:colcon.colcon_core.verb:set package 'snaak_manipulation' build argument 'ament_cmake_args' from command line to 'None'
[0.409s] Level 5:colcon.colcon_core.verb:set package 'snaak_manipulation' build argument 'catkin_cmake_args' from command line to 'None'
[0.409s] Level 5:colcon.colcon_core.verb:set package 'snaak_manipulation' build argument 'catkin_skip_building_tests' from command line to 'False'
[0.409s] DEBUG:colcon.colcon_core.verb:Building package 'snaak_manipulation' with the following arguments: {'ament_cmake_args': None, 'build_base': '/home/snaak/Documents/manipulation/manipulation_ws/build/snaak_manipulation', 'catkin_cmake_args': None, 'catkin_skip_building_tests': False, 'cmake_args': None, 'cmake_clean_cache': False, 'cmake_clean_first': False, 'cmake_force_configure': False, 'cmake_target': None, 'cmake_target_skip_unavailable': False, 'install_base': '/home/snaak/Documents/manipulation/manipulation_ws/install/snaak_manipulation', 'merge_install': False, 'path': '/home/snaak/Documents/manipulation/manipulation_ws/src/snaak_manipulation', 'symlink_install': False, 'test_result_base': None}
[0.409s] INFO:colcon.colcon_core.executor:Executing jobs using 'parallel' executor
[0.410s] DEBUG:colcon.colcon_parallel_executor.executor.parallel:run_until_complete
[0.410s] INFO:colcon.colcon_ros.task.ament_cmake.build:Building ROS package in '/home/snaak/Documents/manipulation/manipulation_ws/src/snaak_manipulation' with build type 'ament_cmake'
[0.410s] INFO:colcon.colcon_cmake.task.cmake.build:Building CMake package in '/home/snaak/Documents/manipulation/manipulation_ws/src/snaak_manipulation'
[0.411s] INFO:colcon.colcon_core.plugin_system:Skipping extension 'colcon_core.shell.bat': Not used on non-Windows systems
[0.411s] INFO:colcon.colcon_core.shell:Skip shell extension 'powershell' for command environment: Not usable outside of PowerShell
[0.411s] DEBUG:colcon.colcon_core.shell:Skip shell extension 'dsv' for command environment
[0.417s] DEBUG:colcon.colcon_core.event_handler.log_command:Invoking command in '/home/snaak/Documents/manipulation/manipulation_ws/build/snaak_manipulation': CMAKE_PREFIX_PATH=${CMAKE_PREFIX_PATH}:/opt/ros/humble /usr/bin/cmake --build /home/snaak/Documents/manipulation/manipulation_ws/build/snaak_manipulation -- -j16 -l16
[1.097s] DEBUG:colcon.colcon_core.event_handler.log_command:Invoked command in '/home/snaak/Documents/manipulation/manipulation_ws/build/snaak_manipulation' returned '0': CMAKE_PREFIX_PATH=${CMAKE_PREFIX_PATH}:/opt/ros/humble /usr/bin/cmake --build /home/snaak/Documents/manipulation/manipulation_ws/build/snaak_manipulation -- -j16 -l16
[1.111s] DEBUG:colcon.colcon_core.event_handler.log_command:Invoking command in '/home/snaak/Documents/manipulation/manipulation_ws/build/snaak_manipulation': CMAKE_PREFIX_PATH=${CMAKE_PREFIX_PATH}:/opt/ros/humble /usr/bin/cmake --install /home/snaak/Documents/manipulation/manipulation_ws/build/snaak_manipulation
[1.203s] Level 1:colcon.colcon_core.environment:create_environment_scripts_only(snaak_manipulation)
[1.204s] DEBUG:colcon.colcon_core.event_handler.log_command:Invoked command in '/home/snaak/Documents/manipulation/manipulation_ws/build/snaak_manipulation' returned '0': CMAKE_PREFIX_PATH=${CMAKE_PREFIX_PATH}:/opt/ros/humble /usr/bin/cmake --install /home/snaak/Documents/manipulation/manipulation_ws/build/snaak_manipulation
[1.205s] Level 1:colcon.colcon_core.environment:checking '/home/snaak/Documents/manipulation/manipulation_ws/install/snaak_manipulation' for CMake module files
[1.205s] Level 1:colcon.colcon_core.environment:checking '/home/snaak/Documents/manipulation/manipulation_ws/install/snaak_manipulation' for CMake config files
[1.206s] Level 1:colcon.colcon_core.shell:create_environment_hook('snaak_manipulation', 'cmake_prefix_path')
[1.206s] INFO:colcon.colcon_core.shell:Creating environment hook '/home/snaak/Documents/manipulation/manipulation_ws/install/snaak_manipulation/share/snaak_manipulation/hook/cmake_prefix_path.ps1'
[1.206s] INFO:colcon.colcon_core.shell:Creating environment descriptor '/home/snaak/Documents/manipulation/manipulation_ws/install/snaak_manipulation/share/snaak_manipulation/hook/cmake_prefix_path.dsv'
[1.206s] INFO:colcon.colcon_core.shell:Creating environment hook '/home/snaak/Documents/manipulation/manipulation_ws/install/snaak_manipulation/share/snaak_manipulation/hook/cmake_prefix_path.sh'
[1.207s] Level 1:colcon.colcon_core.environment:checking '/home/snaak/Documents/manipulation/manipulation_ws/install/snaak_manipulation/lib'
[1.207s] Level 1:colcon.colcon_core.shell:create_environment_hook('snaak_manipulation', 'ld_library_path_lib')
[1.207s] INFO:colcon.colcon_core.shell:Creating environment hook '/home/snaak/Documents/manipulation/manipulation_ws/install/snaak_manipulation/share/snaak_manipulation/hook/ld_library_path_lib.ps1'
[1.207s] INFO:colcon.colcon_core.shell:Creating environment descriptor '/home/snaak/Documents/manipulation/manipulation_ws/install/snaak_manipulation/share/snaak_manipulation/hook/ld_library_path_lib.dsv'
[1.207s] INFO:colcon.colcon_core.shell:Creating environment hook '/home/snaak/Documents/manipulation/manipulation_ws/install/snaak_manipulation/share/snaak_manipulation/hook/ld_library_path_lib.sh'
[1.208s] Level 1:colcon.colcon_core.environment:checking '/home/snaak/Documents/manipulation/manipulation_ws/install/snaak_manipulation/bin'
[1.208s] Level 1:colcon.colcon_core.environment:checking '/home/snaak/Documents/manipulation/manipulation_ws/install/snaak_manipulation/lib/pkgconfig/snaak_manipulation.pc'
[1.208s] Level 1:colcon.colcon_core.environment:checking '/home/snaak/Documents/manipulation/manipulation_ws/install/snaak_manipulation/lib/python3.10/site-packages'
[1.208s] Level 1:colcon.colcon_core.environment:checking '/home/snaak/Documents/manipulation/manipulation_ws/install/snaak_manipulation/bin'
[1.208s] INFO:colcon.colcon_core.shell:Creating package script '/home/snaak/Documents/manipulation/manipulation_ws/install/snaak_manipulation/share/snaak_manipulation/package.ps1'
[1.209s] INFO:colcon.colcon_core.shell:Creating package descriptor '/home/snaak/Documents/manipulation/manipulation_ws/install/snaak_manipulation/share/snaak_manipulation/package.dsv'
[1.209s] INFO:colcon.colcon_core.shell:Creating package script '/home/snaak/Documents/manipulation/manipulation_ws/install/snaak_manipulation/share/snaak_manipulation/package.sh'
[1.209s] INFO:colcon.colcon_core.shell:Creating package script '/home/snaak/Documents/manipulation/manipulation_ws/install/snaak_manipulation/share/snaak_manipulation/package.bash'
[1.210s] INFO:colcon.colcon_core.shell:Creating package script '/home/snaak/Documents/manipulation/manipulation_ws/install/snaak_manipulation/share/snaak_manipulation/package.zsh'
[1.212s] Level 1:colcon.colcon_core.environment:create_file_with_runtime_dependencies(/home/snaak/Documents/manipulation/manipulation_ws/install/snaak_manipulation/share/colcon-core/packages/snaak_manipulation)
[1.215s] Level 1:colcon.colcon_core.environment:create_environment_scripts_only(snaak_manipulation)
[1.215s] Level 1:colcon.colcon_core.environment:checking '/home/snaak/Documents/manipulation/manipulation_ws/install/snaak_manipulation' for CMake module files
[1.217s] Level 1:colcon.colcon_core.environment:checking '/home/snaak/Documents/manipulation/manipulation_ws/install/snaak_manipulation' for CMake config files
[1.219s] Level 1:colcon.colcon_core.shell:create_environment_hook('snaak_manipulation', 'cmake_prefix_path')
[1.220s] INFO:colcon.colcon_core.shell:Creating environment hook '/home/snaak/Documents/manipulation/manipulation_ws/install/snaak_manipulation/share/snaak_manipulation/hook/cmake_prefix_path.ps1'
[1.221s] INFO:colcon.colcon_core.shell:Creating environment descriptor '/home/snaak/Documents/manipulation/manipulation_ws/install/snaak_manipulation/share/snaak_manipulation/hook/cmake_prefix_path.dsv'
[1.222s] INFO:colcon.colcon_core.shell:Creating environment hook '/home/snaak/Documents/manipulation/manipulation_ws/install/snaak_manipulation/share/snaak_manipulation/hook/cmake_prefix_path.sh'
[1.224s] Level 1:colcon.colcon_core.environment:checking '/home/snaak/Documents/manipulation/manipulation_ws/install/snaak_manipulation/lib'
[1.224s] Level 1:colcon.colcon_core.shell:create_environment_hook('snaak_manipulation', 'ld_library_path_lib')
[1.225s] INFO:colcon.colcon_core.shell:Creating environment hook '/home/snaak/Documents/manipulation/manipulation_ws/install/snaak_manipulation/share/snaak_manipulation/hook/ld_library_path_lib.ps1'
[1.227s] INFO:colcon.colcon_core.shell:Creating environment descriptor '/home/snaak/Documents/manipulation/manipulation_ws/install/snaak_manipulation/share/snaak_manipulation/hook/ld_library_path_lib.dsv'
[1.228s] INFO:colcon.colcon_core.shell:Creating environment hook '/home/snaak/Documents/manipulation/manipulation_ws/install/snaak_manipulation/share/snaak_manipulation/hook/ld_library_path_lib.sh'
[1.229s] Level 1:colcon.colcon_core.environment:checking '/home/snaak/Documents/manipulation/manipulation_ws/install/snaak_manipulation/bin'
[1.230s] Level 1:colcon.colcon_core.environment:checking '/home/snaak/Documents/manipulation/manipulation_ws/install/snaak_manipulation/lib/pkgconfig/snaak_manipulation.pc'
[1.230s] Level 1:colcon.colcon_core.environment:checking '/home/snaak/Documents/manipulation/manipulation_ws/install/snaak_manipulation/lib/python3.10/site-packages'
[1.231s] Level 1:colcon.colcon_core.environment:checking '/home/snaak/Documents/manipulation/manipulation_ws/install/snaak_manipulation/bin'
[1.232s] INFO:colcon.colcon_core.shell:Creating package script '/home/snaak/Documents/manipulation/manipulation_ws/install/snaak_manipulation/share/snaak_manipulation/package.ps1'
[1.235s] INFO:colcon.colcon_core.shell:Creating package descriptor '/home/snaak/Documents/manipulation/manipulation_ws/install/snaak_manipulation/share/snaak_manipulation/package.dsv'
[1.237s] INFO:colcon.colcon_core.shell:Creating package script '/home/snaak/Documents/manipulation/manipulation_ws/install/snaak_manipulation/share/snaak_manipulation/package.sh'
[1.238s] INFO:colcon.colcon_core.shell:Creating package script '/home/snaak/Documents/manipulation/manipulation_ws/install/snaak_manipulation/share/snaak_manipulation/package.bash'
[1.239s] INFO:colcon.colcon_core.shell:Creating package script '/home/snaak/Documents/manipulation/manipulation_ws/install/snaak_manipulation/share/snaak_manipulation/package.zsh'
[1.241s] Level 1:colcon.colcon_core.environment:create_file_with_runtime_dependencies(/home/snaak/Documents/manipulation/manipulation_ws/install/snaak_manipulation/share/colcon-core/packages/snaak_manipulation)
[1.242s] DEBUG:colcon.colcon_parallel_executor.executor.parallel:closing loop
[1.244s] DEBUG:colcon.colcon_parallel_executor.executor.parallel:loop closed
[1.244s] DEBUG:colcon.colcon_parallel_executor.executor.parallel:run_until_complete finished with '0'
[1.244s] DEBUG:colcon.colcon_core.event_reactor:joining thread
[1.262s] INFO:colcon.colcon_core.plugin_system:Skipping extension 'colcon_notification.desktop_notification.terminal_notifier': Not used on non-Darwin systems
[1.263s] INFO:colcon.colcon_core.plugin_system:Skipping extension 'colcon_notification.desktop_notification.win32': Not used on non-Windows systems
[1.263s] INFO:colcon.colcon_notification.desktop_notification:Sending desktop notification using 'notify2'
[1.304s] DEBUG:colcon.colcon_core.event_reactor:joined thread
[1.305s] INFO:colcon.colcon_core.shell:Creating prefix script '/home/snaak/Documents/manipulation/manipulation_ws/install/local_setup.ps1'
[1.309s] INFO:colcon.colcon_core.shell:Creating prefix util module '/home/snaak/Documents/manipulation/manipulation_ws/install/_local_setup_util_ps1.py'
[1.314s] INFO:colcon.colcon_core.shell:Creating prefix chain script '/home/snaak/Documents/manipulation/manipulation_ws/install/setup.ps1'
[1.318s] INFO:colcon.colcon_core.shell:Creating prefix script '/home/snaak/Documents/manipulation/manipulation_ws/install/local_setup.sh'
[1.321s] INFO:colcon.colcon_core.shell:Creating prefix util module '/home/snaak/Documents/manipulation/manipulation_ws/install/_local_setup_util_sh.py'
[1.323s] INFO:colcon.colcon_core.shell:Creating prefix chain script '/home/snaak/Documents/manipulation/manipulation_ws/install/setup.sh'
[1.327s] INFO:colcon.colcon_core.shell:Creating prefix script '/home/snaak/Documents/manipulation/manipulation_ws/install/local_setup.bash'
[1.329s] INFO:colcon.colcon_core.shell:Creating prefix chain script '/home/snaak/Documents/manipulation/manipulation_ws/install/setup.bash'
[1.333s] INFO:colcon.colcon_core.shell:Creating prefix script '/home/snaak/Documents/manipulation/manipulation_ws/install/local_setup.zsh'
[1.335s] INFO:colcon.colcon_core.shell:Creating prefix chain script '/home/snaak/Documents/manipulation/manipulation_ws/install/setup.zsh'
