[0.006s] Invoking command in '/home/snaak/Documents/manipulation/manipulation_ws/build/snaak_manipulation': CMAKE_PREFIX_PATH=${CMAKE_PREFIX_PATH}:/opt/ros/humble /usr/bin/cmake --build /home/snaak/Documents/manipulation/manipulation_ws/build/snaak_manipulation -- -j16 -l16
[0.022s] -- Found ament_cmake: 1.3.11 (/opt/ros/humble/share/ament_cmake/cmake)
[0.336s] -- Found rclcpp: 16.0.11 (/opt/ros/humble/share/rclcpp/cmake)
[0.425s] -- Found rosidl_generator_c: 3.1.6 (/opt/ros/humble/share/rosidl_generator_c/cmake)
[0.434s] -- Found rosidl_adapter: 3.1.6 (/opt/ros/humble/share/rosidl_adapter/cmake)
[0.453s] -- Found rosidl_generator_cpp: 3.1.6 (/opt/ros/humble/share/rosidl_generator_cpp/cmake)
[0.483s] -- Using all available rosidl_typesupport_c: rosidl_typesupport_fastrtps_c;rosidl_typesupport_introspection_c
[0.526s] -- Using all available rosidl_typesupport_cpp: rosidl_typesupport_fastrtps_cpp;rosidl_typesupport_introspection_cpp
[0.602s] -- Found rmw_implementation_cmake: 6.1.2 (/opt/ros/humble/share/rmw_implementation_cmake/cmake)
[0.604s] -- Found rmw_fastrtps_cpp: 6.2.7 (/opt/ros/humble/share/rmw_fastrtps_cpp/cmake)
[0.792s] -- Using RMW implementation 'rmw_fastrtps_cpp' as default
[0.878s] -- Found rclpy: 3.3.15 (/opt/ros/humble/share/rclpy/cmake)
[0.878s] -- Found geometry_msgs: 4.2.4 (/opt/ros/humble/share/geometry_msgs/cmake)
[0.886s] -- Found rosidl_default_generators: 1.2.0 (/opt/ros/humble/share/rosidl_default_generators/cmake)
[0.890s] -- Found tf2: 0.25.11 (/opt/ros/humble/share/tf2/cmake)
[0.892s] -- Found tf2_ros: 0.25.11 (/opt/ros/humble/share/tf2_ros/cmake)
[1.557s] -- Found ament_cmake_ros: 0.10.0 (/opt/ros/humble/share/ament_cmake_ros/cmake)
[2.544s] -- Using all available rosidl_typesupport_c: rosidl_typesupport_fastrtps_c;rosidl_typesupport_introspection_c
[2.947s] -- Using all available rosidl_typesupport_cpp: rosidl_typesupport_fastrtps_cpp;rosidl_typesupport_introspection_cpp
[2.986s] -- Found python_cmake_module: 0.10.0 (/opt/ros/humble/share/python_cmake_module/cmake)
[3.054s] -- Using PYTHON_EXECUTABLE: /usr/bin/python3
[3.055s] -- Using PYTHON_INCLUDE_DIRS: /usr/include/python3.10
[3.055s] -- Using PYTHON_LIBRARIES: /usr/lib/x86_64-linux-gnu/libpython3.10.so
[3.190s] -- Configuring done
[3.217s] -- Generating done
[3.225s] -- Build files have been written to: /home/snaak/Documents/manipulation/manipulation_ws/build/snaak_manipulation
[3.243s] [35m[1mConsolidate compiler generated dependencies of target snaak_manipulation__rosidl_generator_c[0m
[3.249s] [  3%] Built target snaak_manipulation__cpp
[3.249s] [  6%] [32mBuilding C object CMakeFiles/snaak_manipulation__rosidl_generator_c.dir/rosidl_generator_c/snaak_manipulation/action/detail/follow_trajectory__functions.c.o[0m
[3.254s] [  6%] Built target ament_cmake_python_copy_snaak_manipulation
[3.255s] [35m[1mConsolidate compiler generated dependencies of target snaak_manipulation__rosidl_typesupport_cpp[0m
[3.255s] [35m[1mConsolidate compiler generated dependencies of target snaak_manipulation__rosidl_typesupport_fastrtps_cpp[0m
[3.255s] [35m[1mConsolidate compiler generated dependencies of target snaak_manipulation__rosidl_typesupport_introspection_cpp[0m
[3.264s] [ 16%] [32mBuilding CXX object CMakeFiles/snaak_manipulation__rosidl_typesupport_fastrtps_cpp.dir/rosidl_typesupport_fastrtps_cpp/snaak_manipulation/action/detail/dds_fastrtps/follow_trajectory__type_support.cpp.o[0m
[3.264s] [ 16%] [32mBuilding CXX object CMakeFiles/snaak_manipulation__rosidl_typesupport_cpp.dir/rosidl_typesupport_cpp/snaak_manipulation/action/follow_trajectory__type_support.cpp.o[0m
[3.264s] [ 16%] [32mBuilding CXX object CMakeFiles/snaak_manipulation__rosidl_typesupport_introspection_cpp.dir/rosidl_typesupport_introspection_cpp/snaak_manipulation/action/detail/follow_trajectory__type_support.cpp.o[0m
[3.330s] [ 19%] [32m[1mLinking C shared library libsnaak_manipulation__rosidl_generator_c.so[0m
[3.356s] [ 22%] Built target snaak_manipulation__rosidl_generator_c
[3.364s] [35m[1mConsolidate compiler generated dependencies of target snaak_manipulation__rosidl_typesupport_c[0m
[3.364s] [35m[1mConsolidate compiler generated dependencies of target snaak_manipulation__rosidl_typesupport_introspection_c[0m
[3.364s] [35m[1mConsolidate compiler generated dependencies of target snaak_manipulation__rosidl_typesupport_fastrtps_c[0m
[3.371s] [ 32%] [32mBuilding CXX object CMakeFiles/snaak_manipulation__rosidl_typesupport_c.dir/rosidl_typesupport_c/snaak_manipulation/action/follow_trajectory__type_support.cpp.o[0m
[3.372s] [ 32%] [32mBuilding C object CMakeFiles/snaak_manipulation__rosidl_typesupport_introspection_c.dir/rosidl_typesupport_introspection_c/snaak_manipulation/action/detail/follow_trajectory__type_support.c.o[0m
[3.372s] [ 32%] [32mBuilding CXX object CMakeFiles/snaak_manipulation__rosidl_typesupport_fastrtps_c.dir/rosidl_typesupport_fastrtps_c/snaak_manipulation/action/detail/follow_trajectory__type_support_c.cpp.o[0m
[3.403s] [ 35%] [32m[1mLinking CXX shared library libsnaak_manipulation__rosidl_typesupport_c.so[0m
[3.406s] [ 38%] [32m[1mLinking C shared library libsnaak_manipulation__rosidl_typesupport_introspection_c.so[0m
[3.419s] running egg_info
[3.419s] writing snaak_manipulation.egg-info/PKG-INFO
[3.419s] writing dependency_links to snaak_manipulation.egg-info/dependency_links.txt
[3.419s] writing top-level names to snaak_manipulation.egg-info/top_level.txt
[3.421s] reading manifest file 'snaak_manipulation.egg-info/SOURCES.txt'
[3.421s] writing manifest file 'snaak_manipulation.egg-info/SOURCES.txt'
[3.430s] [ 41%] Built target snaak_manipulation__rosidl_typesupport_introspection_c
[3.433s] [ 45%] Built target snaak_manipulation__rosidl_typesupport_c
[3.448s] [ 45%] Built target ament_cmake_python_build_snaak_manipulation_egg
[3.562s] [ 48%] [32m[1mLinking CXX shared library libsnaak_manipulation__rosidl_typesupport_cpp.so[0m
[3.589s] [ 51%] Built target snaak_manipulation__rosidl_typesupport_cpp
[3.618s] [ 54%] [32m[1mLinking CXX shared library libsnaak_manipulation__rosidl_typesupport_fastrtps_c.so[0m
[3.627s] [ 58%] [32m[1mLinking CXX shared library libsnaak_manipulation__rosidl_typesupport_fastrtps_cpp.so[0m
[3.646s] [ 61%] [32m[1mLinking CXX shared library libsnaak_manipulation__rosidl_typesupport_introspection_cpp.so[0m
[3.673s] [ 64%] Built target snaak_manipulation__rosidl_typesupport_fastrtps_c
[3.682s] [ 67%] Built target snaak_manipulation__rosidl_typesupport_fastrtps_cpp
[3.697s] [ 70%] Built target snaak_manipulation__rosidl_typesupport_introspection_cpp
[3.710s] [ 70%] Built target snaak_manipulation
[3.747s] [ 74%] Built target snaak_manipulation__py
[3.778s] [35m[1mConsolidate compiler generated dependencies of target snaak_manipulation__rosidl_generator_py[0m
[3.814s] [ 77%] [32mBuilding C object CMakeFiles/snaak_manipulation__rosidl_generator_py.dir/rosidl_generator_py/snaak_manipulation/action/_follow_trajectory_s.c.o[0m
[4.060s] [ 80%] [32m[1mLinking C shared library rosidl_generator_py/snaak_manipulation/libsnaak_manipulation__rosidl_generator_py.so[0m
[4.099s] [ 80%] Built target snaak_manipulation__rosidl_generator_py
[4.121s] [35m[1mConsolidate compiler generated dependencies of target snaak_manipulation__rosidl_typesupport_fastrtps_c__pyext[0m
[4.121s] [35m[1mConsolidate compiler generated dependencies of target snaak_manipulation__rosidl_typesupport_introspection_c__pyext[0m
[4.122s] [35m[1mConsolidate compiler generated dependencies of target snaak_manipulation__rosidl_typesupport_c__pyext[0m
[4.155s] [ 87%] [32mBuilding C object CMakeFiles/snaak_manipulation__rosidl_typesupport_introspection_c__pyext.dir/rosidl_generator_py/snaak_manipulation/_snaak_manipulation_s.ep.rosidl_typesupport_introspection_c.c.o[0m
[4.155s] [ 87%] [32mBuilding C object CMakeFiles/snaak_manipulation__rosidl_typesupport_fastrtps_c__pyext.dir/rosidl_generator_py/snaak_manipulation/_snaak_manipulation_s.ep.rosidl_typesupport_fastrtps_c.c.o[0m
[4.155s] [ 90%] [32mBuilding C object CMakeFiles/snaak_manipulation__rosidl_typesupport_c__pyext.dir/rosidl_generator_py/snaak_manipulation/_snaak_manipulation_s.ep.rosidl_typesupport_c.c.o[0m
[4.280s] [100%] [32m[1mLinking C shared library rosidl_generator_py/snaak_manipulation/snaak_manipulation_s__rosidl_typesupport_c.cpython-310-x86_64-linux-gnu.so[0m
[4.280s] [100%] [32m[1mLinking C shared library rosidl_generator_py/snaak_manipulation/snaak_manipulation_s__rosidl_typesupport_introspection_c.cpython-310-x86_64-linux-gnu.so[0m
[4.280s] [100%] [32m[1mLinking C shared library rosidl_generator_py/snaak_manipulation/snaak_manipulation_s__rosidl_typesupport_fastrtps_c.cpython-310-x86_64-linux-gnu.so[0m
[4.308s] [100%] Built target snaak_manipulation__rosidl_typesupport_introspection_c__pyext
[4.309s] [100%] Built target snaak_manipulation__rosidl_typesupport_c__pyext
[4.309s] [100%] Built target snaak_manipulation__rosidl_typesupport_fastrtps_c__pyext
[4.315s] Invoked command in '/home/snaak/Documents/manipulation/manipulation_ws/build/snaak_manipulation' returned '0': CMAKE_PREFIX_PATH=${CMAKE_PREFIX_PATH}:/opt/ros/humble /usr/bin/cmake --build /home/snaak/Documents/manipulation/manipulation_ws/build/snaak_manipulation -- -j16 -l16
[4.321s] Invoking command in '/home/snaak/Documents/manipulation/manipulation_ws/build/snaak_manipulation': CMAKE_PREFIX_PATH=${CMAKE_PREFIX_PATH}:/opt/ros/humble /usr/bin/cmake --install /home/snaak/Documents/manipulation/manipulation_ws/build/snaak_manipulation
[4.326s] -- Install configuration: ""
[4.326s] -- Up-to-date: /home/snaak/Documents/manipulation/manipulation_ws/install/snaak_manipulation/share/ament_index/resource_index/rosidl_interfaces/snaak_manipulation
[4.326s] -- Up-to-date: /home/snaak/Documents/manipulation/manipulation_ws/install/snaak_manipulation/include/snaak_manipulation/snaak_manipulation
[4.326s] -- Up-to-date: /home/snaak/Documents/manipulation/manipulation_ws/install/snaak_manipulation/include/snaak_manipulation/snaak_manipulation/msg
[4.326s] -- Up-to-date: /home/snaak/Documents/manipulation/manipulation_ws/install/snaak_manipulation/include/snaak_manipulation/snaak_manipulation/msg/rosidl_generator_c__visibility_control.h
[4.326s] -- Up-to-date: /home/snaak/Documents/manipulation/manipulation_ws/install/snaak_manipulation/include/snaak_manipulation/snaak_manipulation/action
[4.326s] -- Up-to-date: /home/snaak/Documents/manipulation/manipulation_ws/install/snaak_manipulation/include/snaak_manipulation/snaak_manipulation/action/detail
[4.326s] -- Up-to-date: /home/snaak/Documents/manipulation/manipulation_ws/install/snaak_manipulation/include/snaak_manipulation/snaak_manipulation/action/detail/follow_trajectory__functions.c
[4.326s] -- Up-to-date: /home/snaak/Documents/manipulation/manipulation_ws/install/snaak_manipulation/include/snaak_manipulation/snaak_manipulation/action/detail/follow_trajectory__struct.h
[4.326s] -- Up-to-date: /home/snaak/Documents/manipulation/manipulation_ws/install/snaak_manipulation/include/snaak_manipulation/snaak_manipulation/action/detail/follow_trajectory__functions.h
[4.326s] -- Up-to-date: /home/snaak/Documents/manipulation/manipulation_ws/install/snaak_manipulation/include/snaak_manipulation/snaak_manipulation/action/detail/follow_trajectory__type_support.h
[4.326s] -- Up-to-date: /home/snaak/Documents/manipulation/manipulation_ws/install/snaak_manipulation/include/snaak_manipulation/snaak_manipulation/action/follow_trajectory.h
[4.326s] -- Up-to-date: /home/snaak/Documents/manipulation/manipulation_ws/install/snaak_manipulation/share/snaak_manipulation/environment/library_path.sh
[4.326s] -- Installing: /home/snaak/Documents/manipulation/manipulation_ws/install/snaak_manipulation/share/snaak_manipulation/environment/library_path.dsv
[4.326s] -- Installing: /home/snaak/Documents/manipulation/manipulation_ws/install/snaak_manipulation/lib/libsnaak_manipulation__rosidl_generator_c.so
[4.326s] -- Set runtime path of "/home/snaak/Documents/manipulation/manipulation_ws/install/snaak_manipulation/lib/libsnaak_manipulation__rosidl_generator_c.so" to ""
[4.326s] -- Up-to-date: /home/snaak/Documents/manipulation/manipulation_ws/install/snaak_manipulation/include/snaak_manipulation/snaak_manipulation
[4.326s] -- Up-to-date: /home/snaak/Documents/manipulation/manipulation_ws/install/snaak_manipulation/include/snaak_manipulation/snaak_manipulation/msg
[4.327s] -- Up-to-date: /home/snaak/Documents/manipulation/manipulation_ws/install/snaak_manipulation/include/snaak_manipulation/snaak_manipulation/msg/rosidl_typesupport_fastrtps_c__visibility_control.h
[4.327s] -- Up-to-date: /home/snaak/Documents/manipulation/manipulation_ws/install/snaak_manipulation/include/snaak_manipulation/snaak_manipulation/action
[4.327s] -- Up-to-date: /home/snaak/Documents/manipulation/manipulation_ws/install/snaak_manipulation/include/snaak_manipulation/snaak_manipulation/action/detail
[4.327s] -- Up-to-date: /home/snaak/Documents/manipulation/manipulation_ws/install/snaak_manipulation/include/snaak_manipulation/snaak_manipulation/action/detail/follow_trajectory__rosidl_typesupport_fastrtps_c.h
[4.327s] -- Installing: /home/snaak/Documents/manipulation/manipulation_ws/install/snaak_manipulation/lib/libsnaak_manipulation__rosidl_typesupport_fastrtps_c.so
[4.327s] -- Set runtime path of "/home/snaak/Documents/manipulation/manipulation_ws/install/snaak_manipulation/lib/libsnaak_manipulation__rosidl_typesupport_fastrtps_c.so" to ""
[4.327s] -- Up-to-date: /home/snaak/Documents/manipulation/manipulation_ws/install/snaak_manipulation/include/snaak_manipulation/snaak_manipulation
[4.327s] -- Up-to-date: /home/snaak/Documents/manipulation/manipulation_ws/install/snaak_manipulation/include/snaak_manipulation/snaak_manipulation/msg
[4.327s] -- Up-to-date: /home/snaak/Documents/manipulation/manipulation_ws/install/snaak_manipulation/include/snaak_manipulation/snaak_manipulation/msg/rosidl_generator_cpp__visibility_control.hpp
[4.327s] -- Up-to-date: /home/snaak/Documents/manipulation/manipulation_ws/install/snaak_manipulation/include/snaak_manipulation/snaak_manipulation/action
[4.327s] -- Up-to-date: /home/snaak/Documents/manipulation/manipulation_ws/install/snaak_manipulation/include/snaak_manipulation/snaak_manipulation/action/detail
[4.327s] -- Up-to-date: /home/snaak/Documents/manipulation/manipulation_ws/install/snaak_manipulation/include/snaak_manipulation/snaak_manipulation/action/detail/follow_trajectory__type_support.hpp
[4.327s] -- Up-to-date: /home/snaak/Documents/manipulation/manipulation_ws/install/snaak_manipulation/include/snaak_manipulation/snaak_manipulation/action/detail/follow_trajectory__builder.hpp
[4.327s] -- Up-to-date: /home/snaak/Documents/manipulation/manipulation_ws/install/snaak_manipulation/include/snaak_manipulation/snaak_manipulation/action/detail/follow_trajectory__traits.hpp
[4.327s] -- Up-to-date: /home/snaak/Documents/manipulation/manipulation_ws/install/snaak_manipulation/include/snaak_manipulation/snaak_manipulation/action/detail/follow_trajectory__struct.hpp
[4.327s] -- Up-to-date: /home/snaak/Documents/manipulation/manipulation_ws/install/snaak_manipulation/include/snaak_manipulation/snaak_manipulation/action/follow_trajectory.hpp
[4.327s] -- Up-to-date: /home/snaak/Documents/manipulation/manipulation_ws/install/snaak_manipulation/include/snaak_manipulation/snaak_manipulation
[4.327s] -- Up-to-date: /home/snaak/Documents/manipulation/manipulation_ws/install/snaak_manipulation/include/snaak_manipulation/snaak_manipulation/msg
[4.327s] -- Up-to-date: /home/snaak/Documents/manipulation/manipulation_ws/install/snaak_manipulation/include/snaak_manipulation/snaak_manipulation/msg/rosidl_typesupport_fastrtps_cpp__visibility_control.h
[4.327s] -- Up-to-date: /home/snaak/Documents/manipulation/manipulation_ws/install/snaak_manipulation/include/snaak_manipulation/snaak_manipulation/action
[4.327s] -- Up-to-date: /home/snaak/Documents/manipulation/manipulation_ws/install/snaak_manipulation/include/snaak_manipulation/snaak_manipulation/action/detail
[4.327s] -- Up-to-date: /home/snaak/Documents/manipulation/manipulation_ws/install/snaak_manipulation/include/snaak_manipulation/snaak_manipulation/action/detail/dds_fastrtps
[4.327s] -- Up-to-date: /home/snaak/Documents/manipulation/manipulation_ws/install/snaak_manipulation/include/snaak_manipulation/snaak_manipulation/action/detail/follow_trajectory__rosidl_typesupport_fastrtps_cpp.hpp
[4.327s] -- Installing: /home/snaak/Documents/manipulation/manipulation_ws/install/snaak_manipulation/lib/libsnaak_manipulation__rosidl_typesupport_fastrtps_cpp.so
[4.327s] -- Set runtime path of "/home/snaak/Documents/manipulation/manipulation_ws/install/snaak_manipulation/lib/libsnaak_manipulation__rosidl_typesupport_fastrtps_cpp.so" to ""
[4.328s] -- Up-to-date: /home/snaak/Documents/manipulation/manipulation_ws/install/snaak_manipulation/include/snaak_manipulation/snaak_manipulation
[4.328s] -- Up-to-date: /home/snaak/Documents/manipulation/manipulation_ws/install/snaak_manipulation/include/snaak_manipulation/snaak_manipulation/msg
[4.328s] -- Up-to-date: /home/snaak/Documents/manipulation/manipulation_ws/install/snaak_manipulation/include/snaak_manipulation/snaak_manipulation/msg/rosidl_typesupport_introspection_c__visibility_control.h
[4.328s] -- Up-to-date: /home/snaak/Documents/manipulation/manipulation_ws/install/snaak_manipulation/include/snaak_manipulation/snaak_manipulation/action
[4.328s] -- Up-to-date: /home/snaak/Documents/manipulation/manipulation_ws/install/snaak_manipulation/include/snaak_manipulation/snaak_manipulation/action/detail
[4.328s] -- Up-to-date: /home/snaak/Documents/manipulation/manipulation_ws/install/snaak_manipulation/include/snaak_manipulation/snaak_manipulation/action/detail/follow_trajectory__rosidl_typesupport_introspection_c.h
[4.328s] -- Up-to-date: /home/snaak/Documents/manipulation/manipulation_ws/install/snaak_manipulation/include/snaak_manipulation/snaak_manipulation/action/detail/follow_trajectory__type_support.c
[4.328s] -- Installing: /home/snaak/Documents/manipulation/manipulation_ws/install/snaak_manipulation/lib/libsnaak_manipulation__rosidl_typesupport_introspection_c.so
[4.328s] -- Set runtime path of "/home/snaak/Documents/manipulation/manipulation_ws/install/snaak_manipulation/lib/libsnaak_manipulation__rosidl_typesupport_introspection_c.so" to ""
[4.328s] -- Installing: /home/snaak/Documents/manipulation/manipulation_ws/install/snaak_manipulation/lib/libsnaak_manipulation__rosidl_typesupport_c.so
[4.328s] -- Set runtime path of "/home/snaak/Documents/manipulation/manipulation_ws/install/snaak_manipulation/lib/libsnaak_manipulation__rosidl_typesupport_c.so" to ""
[4.328s] -- Up-to-date: /home/snaak/Documents/manipulation/manipulation_ws/install/snaak_manipulation/include/snaak_manipulation/snaak_manipulation
[4.328s] -- Up-to-date: /home/snaak/Documents/manipulation/manipulation_ws/install/snaak_manipulation/include/snaak_manipulation/snaak_manipulation/action
[4.328s] -- Up-to-date: /home/snaak/Documents/manipulation/manipulation_ws/install/snaak_manipulation/include/snaak_manipulation/snaak_manipulation/action/detail
[4.328s] -- Up-to-date: /home/snaak/Documents/manipulation/manipulation_ws/install/snaak_manipulation/include/snaak_manipulation/snaak_manipulation/action/detail/follow_trajectory__type_support.cpp
[4.328s] -- Up-to-date: /home/snaak/Documents/manipulation/manipulation_ws/install/snaak_manipulation/include/snaak_manipulation/snaak_manipulation/action/detail/follow_trajectory__rosidl_typesupport_introspection_cpp.hpp
[4.328s] -- Installing: /home/snaak/Documents/manipulation/manipulation_ws/install/snaak_manipulation/lib/libsnaak_manipulation__rosidl_typesupport_introspection_cpp.so
[4.328s] -- Set runtime path of "/home/snaak/Documents/manipulation/manipulation_ws/install/snaak_manipulation/lib/libsnaak_manipulation__rosidl_typesupport_introspection_cpp.so" to ""
[4.328s] -- Installing: /home/snaak/Documents/manipulation/manipulation_ws/install/snaak_manipulation/lib/libsnaak_manipulation__rosidl_typesupport_cpp.so
[4.328s] -- Set runtime path of "/home/snaak/Documents/manipulation/manipulation_ws/install/snaak_manipulation/lib/libsnaak_manipulation__rosidl_typesupport_cpp.so" to ""
[4.328s] -- Up-to-date: /home/snaak/Documents/manipulation/manipulation_ws/install/snaak_manipulation/share/snaak_manipulation/environment/pythonpath.sh
[4.329s] -- Installing: /home/snaak/Documents/manipulation/manipulation_ws/install/snaak_manipulation/share/snaak_manipulation/environment/pythonpath.dsv
[4.329s] -- Up-to-date: /home/snaak/Documents/manipulation/manipulation_ws/install/snaak_manipulation/local/lib/python3.10/dist-packages/snaak_manipulation-0.0.1-py3.10.egg-info
[4.329s] -- Installing: /home/snaak/Documents/manipulation/manipulation_ws/install/snaak_manipulation/local/lib/python3.10/dist-packages/snaak_manipulation-0.0.1-py3.10.egg-info/PKG-INFO
[4.329s] -- Installing: /home/snaak/Documents/manipulation/manipulation_ws/install/snaak_manipulation/local/lib/python3.10/dist-packages/snaak_manipulation-0.0.1-py3.10.egg-info/SOURCES.txt
[4.329s] -- Installing: /home/snaak/Documents/manipulation/manipulation_ws/install/snaak_manipulation/local/lib/python3.10/dist-packages/snaak_manipulation-0.0.1-py3.10.egg-info/dependency_links.txt
[4.329s] -- Installing: /home/snaak/Documents/manipulation/manipulation_ws/install/snaak_manipulation/local/lib/python3.10/dist-packages/snaak_manipulation-0.0.1-py3.10.egg-info/top_level.txt
[4.329s] -- Up-to-date: /home/snaak/Documents/manipulation/manipulation_ws/install/snaak_manipulation/local/lib/python3.10/dist-packages/snaak_manipulation
[4.329s] -- Installing: /home/snaak/Documents/manipulation/manipulation_ws/install/snaak_manipulation/local/lib/python3.10/dist-packages/snaak_manipulation/snaak_manipulation_s__rosidl_typesupport_introspection_c.cpython-310-x86_64-linux-gnu.so
[4.329s] -- Up-to-date: /home/snaak/Documents/manipulation/manipulation_ws/install/snaak_manipulation/local/lib/python3.10/dist-packages/snaak_manipulation/_snaak_manipulation_s.ep.rosidl_typesupport_c.c
[4.329s] -- Installing: /home/snaak/Documents/manipulation/manipulation_ws/install/snaak_manipulation/local/lib/python3.10/dist-packages/snaak_manipulation/__init__.py
[4.329s] -- Installing: /home/snaak/Documents/manipulation/manipulation_ws/install/snaak_manipulation/local/lib/python3.10/dist-packages/snaak_manipulation/libsnaak_manipulation__rosidl_generator_py.so
[4.329s] -- Installing: /home/snaak/Documents/manipulation/manipulation_ws/install/snaak_manipulation/local/lib/python3.10/dist-packages/snaak_manipulation/snaak_manipulation_s__rosidl_typesupport_fastrtps_c.cpython-310-x86_64-linux-gnu.so
[4.329s] -- Up-to-date: /home/snaak/Documents/manipulation/manipulation_ws/install/snaak_manipulation/local/lib/python3.10/dist-packages/snaak_manipulation/_snaak_manipulation_s.ep.rosidl_typesupport_fastrtps_c.c
[4.329s] -- Installing: /home/snaak/Documents/manipulation/manipulation_ws/install/snaak_manipulation/local/lib/python3.10/dist-packages/snaak_manipulation/snaak_manipulation_s__rosidl_typesupport_c.cpython-310-x86_64-linux-gnu.so
[4.329s] -- Up-to-date: /home/snaak/Documents/manipulation/manipulation_ws/install/snaak_manipulation/local/lib/python3.10/dist-packages/snaak_manipulation/action
[4.329s] -- Up-to-date: /home/snaak/Documents/manipulation/manipulation_ws/install/snaak_manipulation/local/lib/python3.10/dist-packages/snaak_manipulation/action/_follow_trajectory.py
[4.329s] -- Up-to-date: /home/snaak/Documents/manipulation/manipulation_ws/install/snaak_manipulation/local/lib/python3.10/dist-packages/snaak_manipulation/action/__init__.py
[4.329s] -- Up-to-date: /home/snaak/Documents/manipulation/manipulation_ws/install/snaak_manipulation/local/lib/python3.10/dist-packages/snaak_manipulation/action/_follow_trajectory_s.c
[4.329s] -- Up-to-date: /home/snaak/Documents/manipulation/manipulation_ws/install/snaak_manipulation/local/lib/python3.10/dist-packages/snaak_manipulation/_snaak_manipulation_s.ep.rosidl_typesupport_introspection_c.c
[4.350s] Listing '/home/snaak/Documents/manipulation/manipulation_ws/install/snaak_manipulation/local/lib/python3.10/dist-packages/snaak_manipulation'...
[4.350s] Compiling '/home/snaak/Documents/manipulation/manipulation_ws/install/snaak_manipulation/local/lib/python3.10/dist-packages/snaak_manipulation/__init__.py'...
[4.350s] Listing '/home/snaak/Documents/manipulation/manipulation_ws/install/snaak_manipulation/local/lib/python3.10/dist-packages/snaak_manipulation/action'...
[4.353s] -- Installing: /home/snaak/Documents/manipulation/manipulation_ws/install/snaak_manipulation/local/lib/python3.10/dist-packages/snaak_manipulation/snaak_manipulation_s__rosidl_typesupport_fastrtps_c.cpython-310-x86_64-linux-gnu.so
[4.353s] -- Set runtime path of "/home/snaak/Documents/manipulation/manipulation_ws/install/snaak_manipulation/local/lib/python3.10/dist-packages/snaak_manipulation/snaak_manipulation_s__rosidl_typesupport_fastrtps_c.cpython-310-x86_64-linux-gnu.so" to ""
[4.353s] -- Installing: /home/snaak/Documents/manipulation/manipulation_ws/install/snaak_manipulation/local/lib/python3.10/dist-packages/snaak_manipulation/snaak_manipulation_s__rosidl_typesupport_introspection_c.cpython-310-x86_64-linux-gnu.so
[4.354s] -- Set runtime path of "/home/snaak/Documents/manipulation/manipulation_ws/install/snaak_manipulation/local/lib/python3.10/dist-packages/snaak_manipulation/snaak_manipulation_s__rosidl_typesupport_introspection_c.cpython-310-x86_64-linux-gnu.so" to ""
[4.354s] -- Installing: /home/snaak/Documents/manipulation/manipulation_ws/install/snaak_manipulation/local/lib/python3.10/dist-packages/snaak_manipulation/snaak_manipulation_s__rosidl_typesupport_c.cpython-310-x86_64-linux-gnu.so
[4.354s] -- Set runtime path of "/home/snaak/Documents/manipulation/manipulation_ws/install/snaak_manipulation/local/lib/python3.10/dist-packages/snaak_manipulation/snaak_manipulation_s__rosidl_typesupport_c.cpython-310-x86_64-linux-gnu.so" to ""
[4.354s] -- Installing: /home/snaak/Documents/manipulation/manipulation_ws/install/snaak_manipulation/lib/libsnaak_manipulation__rosidl_generator_py.so
[4.354s] -- Set runtime path of "/home/snaak/Documents/manipulation/manipulation_ws/install/snaak_manipulation/lib/libsnaak_manipulation__rosidl_generator_py.so" to ""
[4.354s] -- Up-to-date: /home/snaak/Documents/manipulation/manipulation_ws/install/snaak_manipulation/share/snaak_manipulation/action/FollowTrajectory.idl
[4.354s] -- Up-to-date: /home/snaak/Documents/manipulation/manipulation_ws/install/snaak_manipulation/share/snaak_manipulation/action/FollowTrajectory.action
[4.354s] -- Installing: /home/snaak/Documents/manipulation/manipulation_ws/install/snaak_manipulation/lib/snaak_manipulation/follow_trajectory.py
[4.354s] -- Up-to-date: /home/snaak/Documents/manipulation/manipulation_ws/install/snaak_manipulation/share/snaak_manipulation/
[4.354s] -- Installing: /home/snaak/Documents/manipulation/manipulation_ws/install/snaak_manipulation/share/snaak_manipulation//home_bin_1_traj.pkl
[4.354s] -- Installing: /home/snaak/Documents/manipulation/manipulation_ws/install/snaak_manipulation/share/snaak_manipulation//home2bin3_cam_verified.pkl
[4.354s] -- Installing: /home/snaak/Documents/manipulation/manipulation_ws/install/snaak_manipulation/share/snaak_manipulation//home2bin1_cam_verified.pkl
[4.354s] -- Installing: /home/snaak/Documents/manipulation/manipulation_ws/install/snaak_manipulation/share/snaak_manipulation//home2bin2_cam_verified.pkl
[4.355s] -- Installing: /home/snaak/Documents/manipulation/manipulation_ws/install/snaak_manipulation/share/snaak_manipulation//home_bin_3_traj.pkl
[4.355s] -- Installing: /home/snaak/Documents/manipulation/manipulation_ws/install/snaak_manipulation/share/snaak_manipulation//home_bin_2_traj.pkl
[4.355s] -- Installing: /home/snaak/Documents/manipulation/manipulation_ws/install/snaak_manipulation/share/snaak_manipulation//home_assembly_traj.pkl
[4.355s] -- Up-to-date: /home/snaak/Documents/manipulation/manipulation_ws/install/snaak_manipulation/share/ament_index/resource_index/package_run_dependencies/snaak_manipulation
[4.355s] -- Installing: /home/snaak/Documents/manipulation/manipulation_ws/install/snaak_manipulation/share/ament_index/resource_index/parent_prefix_path/snaak_manipulation
[4.355s] -- Up-to-date: /home/snaak/Documents/manipulation/manipulation_ws/install/snaak_manipulation/share/snaak_manipulation/environment/ament_prefix_path.sh
[4.355s] -- Installing: /home/snaak/Documents/manipulation/manipulation_ws/install/snaak_manipulation/share/snaak_manipulation/environment/ament_prefix_path.dsv
[4.355s] -- Up-to-date: /home/snaak/Documents/manipulation/manipulation_ws/install/snaak_manipulation/share/snaak_manipulation/environment/path.sh
[4.355s] -- Installing: /home/snaak/Documents/manipulation/manipulation_ws/install/snaak_manipulation/share/snaak_manipulation/environment/path.dsv
[4.355s] -- Up-to-date: /home/snaak/Documents/manipulation/manipulation_ws/install/snaak_manipulation/share/snaak_manipulation/local_setup.bash
[4.355s] -- Up-to-date: /home/snaak/Documents/manipulation/manipulation_ws/install/snaak_manipulation/share/snaak_manipulation/local_setup.sh
[4.355s] -- Up-to-date: /home/snaak/Documents/manipulation/manipulation_ws/install/snaak_manipulation/share/snaak_manipulation/local_setup.zsh
[4.355s] -- Installing: /home/snaak/Documents/manipulation/manipulation_ws/install/snaak_manipulation/share/snaak_manipulation/local_setup.dsv
[4.355s] -- Installing: /home/snaak/Documents/manipulation/manipulation_ws/install/snaak_manipulation/share/snaak_manipulation/package.dsv
[4.355s] -- Up-to-date: /home/snaak/Documents/manipulation/manipulation_ws/install/snaak_manipulation/share/ament_index/resource_index/packages/snaak_manipulation
[4.356s] -- Up-to-date: /home/snaak/Documents/manipulation/manipulation_ws/install/snaak_manipulation/share/snaak_manipulation/cmake/export_snaak_manipulation__rosidl_generator_cExport.cmake
[4.356s] -- Up-to-date: /home/snaak/Documents/manipulation/manipulation_ws/install/snaak_manipulation/share/snaak_manipulation/cmake/export_snaak_manipulation__rosidl_generator_cExport-noconfig.cmake
[4.356s] -- Up-to-date: /home/snaak/Documents/manipulation/manipulation_ws/install/snaak_manipulation/share/snaak_manipulation/cmake/export_snaak_manipulation__rosidl_typesupport_fastrtps_cExport.cmake
[4.356s] -- Up-to-date: /home/snaak/Documents/manipulation/manipulation_ws/install/snaak_manipulation/share/snaak_manipulation/cmake/export_snaak_manipulation__rosidl_typesupport_fastrtps_cExport-noconfig.cmake
[4.356s] -- Up-to-date: /home/snaak/Documents/manipulation/manipulation_ws/install/snaak_manipulation/share/snaak_manipulation/cmake/export_snaak_manipulation__rosidl_generator_cppExport.cmake
[4.356s] -- Up-to-date: /home/snaak/Documents/manipulation/manipulation_ws/install/snaak_manipulation/share/snaak_manipulation/cmake/export_snaak_manipulation__rosidl_typesupport_fastrtps_cppExport.cmake
[4.356s] -- Up-to-date: /home/snaak/Documents/manipulation/manipulation_ws/install/snaak_manipulation/share/snaak_manipulation/cmake/export_snaak_manipulation__rosidl_typesupport_fastrtps_cppExport-noconfig.cmake
[4.356s] -- Up-to-date: /home/snaak/Documents/manipulation/manipulation_ws/install/snaak_manipulation/share/snaak_manipulation/cmake/snaak_manipulation__rosidl_typesupport_introspection_cExport.cmake
[4.356s] -- Up-to-date: /home/snaak/Documents/manipulation/manipulation_ws/install/snaak_manipulation/share/snaak_manipulation/cmake/snaak_manipulation__rosidl_typesupport_introspection_cExport-noconfig.cmake
[4.356s] -- Up-to-date: /home/snaak/Documents/manipulation/manipulation_ws/install/snaak_manipulation/share/snaak_manipulation/cmake/snaak_manipulation__rosidl_typesupport_cExport.cmake
[4.356s] -- Up-to-date: /home/snaak/Documents/manipulation/manipulation_ws/install/snaak_manipulation/share/snaak_manipulation/cmake/snaak_manipulation__rosidl_typesupport_cExport-noconfig.cmake
[4.356s] -- Up-to-date: /home/snaak/Documents/manipulation/manipulation_ws/install/snaak_manipulation/share/snaak_manipulation/cmake/snaak_manipulation__rosidl_typesupport_introspection_cppExport.cmake
[4.356s] -- Up-to-date: /home/snaak/Documents/manipulation/manipulation_ws/install/snaak_manipulation/share/snaak_manipulation/cmake/snaak_manipulation__rosidl_typesupport_introspection_cppExport-noconfig.cmake
[4.356s] -- Up-to-date: /home/snaak/Documents/manipulation/manipulation_ws/install/snaak_manipulation/share/snaak_manipulation/cmake/snaak_manipulation__rosidl_typesupport_cppExport.cmake
[4.356s] -- Up-to-date: /home/snaak/Documents/manipulation/manipulation_ws/install/snaak_manipulation/share/snaak_manipulation/cmake/snaak_manipulation__rosidl_typesupport_cppExport-noconfig.cmake
[4.356s] -- Up-to-date: /home/snaak/Documents/manipulation/manipulation_ws/install/snaak_manipulation/share/snaak_manipulation/cmake/export_snaak_manipulation__rosidl_generator_pyExport.cmake
[4.356s] -- Up-to-date: /home/snaak/Documents/manipulation/manipulation_ws/install/snaak_manipulation/share/snaak_manipulation/cmake/export_snaak_manipulation__rosidl_generator_pyExport-noconfig.cmake
[4.356s] -- Up-to-date: /home/snaak/Documents/manipulation/manipulation_ws/install/snaak_manipulation/share/snaak_manipulation/cmake/rosidl_cmake-extras.cmake
[4.356s] -- Up-to-date: /home/snaak/Documents/manipulation/manipulation_ws/install/snaak_manipulation/share/snaak_manipulation/cmake/ament_cmake_export_dependencies-extras.cmake
[4.357s] -- Up-to-date: /home/snaak/Documents/manipulation/manipulation_ws/install/snaak_manipulation/share/snaak_manipulation/cmake/ament_cmake_export_include_directories-extras.cmake
[4.357s] -- Up-to-date: /home/snaak/Documents/manipulation/manipulation_ws/install/snaak_manipulation/share/snaak_manipulation/cmake/ament_cmake_export_libraries-extras.cmake
[4.357s] -- Up-to-date: /home/snaak/Documents/manipulation/manipulation_ws/install/snaak_manipulation/share/snaak_manipulation/cmake/ament_cmake_export_targets-extras.cmake
[4.357s] -- Up-to-date: /home/snaak/Documents/manipulation/manipulation_ws/install/snaak_manipulation/share/snaak_manipulation/cmake/rosidl_cmake_export_typesupport_targets-extras.cmake
[4.357s] -- Up-to-date: /home/snaak/Documents/manipulation/manipulation_ws/install/snaak_manipulation/share/snaak_manipulation/cmake/rosidl_cmake_export_typesupport_libraries-extras.cmake
[4.357s] -- Up-to-date: /home/snaak/Documents/manipulation/manipulation_ws/install/snaak_manipulation/share/snaak_manipulation/cmake/snaak_manipulationConfig.cmake
[4.357s] -- Up-to-date: /home/snaak/Documents/manipulation/manipulation_ws/install/snaak_manipulation/share/snaak_manipulation/cmake/snaak_manipulationConfig-version.cmake
[4.357s] -- Up-to-date: /home/snaak/Documents/manipulation/manipulation_ws/install/snaak_manipulation/share/snaak_manipulation/package.xml
[4.358s] Invoked command in '/home/snaak/Documents/manipulation/manipulation_ws/build/snaak_manipulation' returned '0': CMAKE_PREFIX_PATH=${CMAKE_PREFIX_PATH}:/opt/ros/humble /usr/bin/cmake --install /home/snaak/Documents/manipulation/manipulation_ws/build/snaak_manipulation
