[0.007s] Invoking command in '/home/snaak/Documents/manipulation/manipulation_ws/build/snaak_manipulation': CMAKE_PREFIX_PATH=${CMAKE_PREFIX_PATH}:/opt/ros/humble /usr/bin/cmake --build /home/snaak/Documents/manipulation/manipulation_ws/build/snaak_manipulation -- -j16 -l16
[0.060s] [  2%] Built target snaak_manipulation__cpp
[0.061s] [ 12%] Built target snaak_manipulation__rosidl_generator_c
[0.080s] [ 12%] Built target ament_cmake_python_copy_snaak_manipulation
[0.123s] [ 23%] Built target snaak_manipulation__rosidl_typesupport_cpp
[0.126s] [ 33%] Built target snaak_manipulation__rosidl_typesupport_introspection_cpp
[0.126s] [ 43%] Built target snaak_manipulation__rosidl_typesupport_fastrtps_cpp
[0.149s] [ 56%] Built target snaak_manipulation__rosidl_typesupport_introspection_c
[0.150s] [ 64%] Built target snaak_manipulation__rosidl_typesupport_c
[0.151s] [ 74%] Built target snaak_manipulation__rosidl_typesupport_fastrtps_c
[0.210s] [ 74%] Built target snaak_manipulation
[0.272s] [ 76%] Built target snaak_manipulation__py
[0.339s] [ 84%] Built target snaak_manipulation__rosidl_generator_py
[0.405s] [ 92%] Built target snaak_manipulation__rosidl_typesupport_fastrtps_c__pyext
[0.406s] [ 94%] Built target snaak_manipulation__rosidl_typesupport_introspection_c__pyext
[0.406s] [100%] Built target snaak_manipulation__rosidl_typesupport_c__pyext
[0.662s] running egg_info
[0.663s] writing snaak_manipulation.egg-info/PKG-INFO
[0.663s] writing dependency_links to snaak_manipulation.egg-info/dependency_links.txt
[0.663s] writing top-level names to snaak_manipulation.egg-info/top_level.txt
[0.664s] reading manifest file 'snaak_manipulation.egg-info/SOURCES.txt'
[0.664s] writing manifest file 'snaak_manipulation.egg-info/SOURCES.txt'
[0.680s] [100%] Built target ament_cmake_python_build_snaak_manipulation_egg
[0.687s] Invoked command in '/home/snaak/Documents/manipulation/manipulation_ws/build/snaak_manipulation' returned '0': CMAKE_PREFIX_PATH=${CMAKE_PREFIX_PATH}:/opt/ros/humble /usr/bin/cmake --build /home/snaak/Documents/manipulation/manipulation_ws/build/snaak_manipulation -- -j16 -l16
[0.700s] Invoking command in '/home/snaak/Documents/manipulation/manipulation_ws/build/snaak_manipulation': CMAKE_PREFIX_PATH=${CMAKE_PREFIX_PATH}:/opt/ros/humble /usr/bin/cmake --install /home/snaak/Documents/manipulation/manipulation_ws/build/snaak_manipulation
[0.720s] -- Install configuration: ""
[0.720s] -- Up-to-date: /home/snaak/Documents/manipulation/manipulation_ws/install/snaak_manipulation/share/ament_index/resource_index/rosidl_interfaces/snaak_manipulation
[0.721s] -- Up-to-date: /home/snaak/Documents/manipulation/manipulation_ws/install/snaak_manipulation/include/snaak_manipulation/snaak_manipulation
[0.721s] -- Up-to-date: /home/snaak/Documents/manipulation/manipulation_ws/install/snaak_manipulation/include/snaak_manipulation/snaak_manipulation/msg
[0.721s] -- Up-to-date: /home/snaak/Documents/manipulation/manipulation_ws/install/snaak_manipulation/include/snaak_manipulation/snaak_manipulation/msg/rosidl_generator_c__visibility_control.h
[0.721s] -- Up-to-date: /home/snaak/Documents/manipulation/manipulation_ws/install/snaak_manipulation/include/snaak_manipulation/snaak_manipulation/action
[0.722s] -- Up-to-date: /home/snaak/Documents/manipulation/manipulation_ws/install/snaak_manipulation/include/snaak_manipulation/snaak_manipulation/action/pickup.h
[0.722s] -- Up-to-date: /home/snaak/Documents/manipulation/manipulation_ws/install/snaak_manipulation/include/snaak_manipulation/snaak_manipulation/action/detail
[0.722s] -- Up-to-date: /home/snaak/Documents/manipulation/manipulation_ws/install/snaak_manipulation/include/snaak_manipulation/snaak_manipulation/action/detail/follow_trajectory__functions.c
[0.722s] -- Up-to-date: /home/snaak/Documents/manipulation/manipulation_ws/install/snaak_manipulation/include/snaak_manipulation/snaak_manipulation/action/detail/pickup__functions.c
[0.722s] -- Up-to-date: /home/snaak/Documents/manipulation/manipulation_ws/install/snaak_manipulation/include/snaak_manipulation/snaak_manipulation/action/detail/pickup__struct.h
[0.723s] -- Up-to-date: /home/snaak/Documents/manipulation/manipulation_ws/install/snaak_manipulation/include/snaak_manipulation/snaak_manipulation/action/detail/follow_trajectory__struct.h
[0.723s] -- Up-to-date: /home/snaak/Documents/manipulation/manipulation_ws/install/snaak_manipulation/include/snaak_manipulation/snaak_manipulation/action/detail/pickup__functions.h
[0.723s] -- Up-to-date: /home/snaak/Documents/manipulation/manipulation_ws/install/snaak_manipulation/include/snaak_manipulation/snaak_manipulation/action/detail/follow_trajectory__functions.h
[0.723s] -- Up-to-date: /home/snaak/Documents/manipulation/manipulation_ws/install/snaak_manipulation/include/snaak_manipulation/snaak_manipulation/action/detail/follow_trajectory__type_support.h
[0.723s] -- Up-to-date: /home/snaak/Documents/manipulation/manipulation_ws/install/snaak_manipulation/include/snaak_manipulation/snaak_manipulation/action/detail/pickup__type_support.h
[0.723s] -- Up-to-date: /home/snaak/Documents/manipulation/manipulation_ws/install/snaak_manipulation/include/snaak_manipulation/snaak_manipulation/action/follow_trajectory.h
[0.723s] -- Up-to-date: /home/snaak/Documents/manipulation/manipulation_ws/install/snaak_manipulation/share/snaak_manipulation/environment/library_path.sh
[0.723s] -- Up-to-date: /home/snaak/Documents/manipulation/manipulation_ws/install/snaak_manipulation/share/snaak_manipulation/environment/library_path.dsv
[0.723s] -- Up-to-date: /home/snaak/Documents/manipulation/manipulation_ws/install/snaak_manipulation/lib/libsnaak_manipulation__rosidl_generator_c.so
[0.723s] -- Up-to-date: /home/snaak/Documents/manipulation/manipulation_ws/install/snaak_manipulation/include/snaak_manipulation/snaak_manipulation
[0.723s] -- Up-to-date: /home/snaak/Documents/manipulation/manipulation_ws/install/snaak_manipulation/include/snaak_manipulation/snaak_manipulation/msg
[0.723s] -- Up-to-date: /home/snaak/Documents/manipulation/manipulation_ws/install/snaak_manipulation/include/snaak_manipulation/snaak_manipulation/msg/rosidl_typesupport_fastrtps_c__visibility_control.h
[0.723s] -- Up-to-date: /home/snaak/Documents/manipulation/manipulation_ws/install/snaak_manipulation/include/snaak_manipulation/snaak_manipulation/action
[0.723s] -- Up-to-date: /home/snaak/Documents/manipulation/manipulation_ws/install/snaak_manipulation/include/snaak_manipulation/snaak_manipulation/action/detail
[0.723s] -- Up-to-date: /home/snaak/Documents/manipulation/manipulation_ws/install/snaak_manipulation/include/snaak_manipulation/snaak_manipulation/action/detail/pickup__rosidl_typesupport_fastrtps_c.h
[0.723s] -- Up-to-date: /home/snaak/Documents/manipulation/manipulation_ws/install/snaak_manipulation/include/snaak_manipulation/snaak_manipulation/action/detail/follow_trajectory__rosidl_typesupport_fastrtps_c.h
[0.723s] -- Up-to-date: /home/snaak/Documents/manipulation/manipulation_ws/install/snaak_manipulation/lib/libsnaak_manipulation__rosidl_typesupport_fastrtps_c.so
[0.723s] -- Up-to-date: /home/snaak/Documents/manipulation/manipulation_ws/install/snaak_manipulation/include/snaak_manipulation/snaak_manipulation
[0.723s] -- Up-to-date: /home/snaak/Documents/manipulation/manipulation_ws/install/snaak_manipulation/include/snaak_manipulation/snaak_manipulation/msg
[0.724s] -- Up-to-date: /home/snaak/Documents/manipulation/manipulation_ws/install/snaak_manipulation/include/snaak_manipulation/snaak_manipulation/msg/rosidl_generator_cpp__visibility_control.hpp
[0.724s] -- Up-to-date: /home/snaak/Documents/manipulation/manipulation_ws/install/snaak_manipulation/include/snaak_manipulation/snaak_manipulation/action
[0.724s] -- Up-to-date: /home/snaak/Documents/manipulation/manipulation_ws/install/snaak_manipulation/include/snaak_manipulation/snaak_manipulation/action/detail
[0.724s] -- Up-to-date: /home/snaak/Documents/manipulation/manipulation_ws/install/snaak_manipulation/include/snaak_manipulation/snaak_manipulation/action/detail/follow_trajectory__type_support.hpp
[0.724s] -- Up-to-date: /home/snaak/Documents/manipulation/manipulation_ws/install/snaak_manipulation/include/snaak_manipulation/snaak_manipulation/action/detail/pickup__builder.hpp
[0.724s] -- Up-to-date: /home/snaak/Documents/manipulation/manipulation_ws/install/snaak_manipulation/include/snaak_manipulation/snaak_manipulation/action/detail/pickup__struct.hpp
[0.724s] -- Up-to-date: /home/snaak/Documents/manipulation/manipulation_ws/install/snaak_manipulation/include/snaak_manipulation/snaak_manipulation/action/detail/follow_trajectory__builder.hpp
[0.724s] -- Up-to-date: /home/snaak/Documents/manipulation/manipulation_ws/install/snaak_manipulation/include/snaak_manipulation/snaak_manipulation/action/detail/follow_trajectory__traits.hpp
[0.724s] -- Up-to-date: /home/snaak/Documents/manipulation/manipulation_ws/install/snaak_manipulation/include/snaak_manipulation/snaak_manipulation/action/detail/pickup__traits.hpp
[0.724s] -- Up-to-date: /home/snaak/Documents/manipulation/manipulation_ws/install/snaak_manipulation/include/snaak_manipulation/snaak_manipulation/action/detail/pickup__type_support.hpp
[0.724s] -- Up-to-date: /home/snaak/Documents/manipulation/manipulation_ws/install/snaak_manipulation/include/snaak_manipulation/snaak_manipulation/action/detail/follow_trajectory__struct.hpp
[0.724s] -- Up-to-date: /home/snaak/Documents/manipulation/manipulation_ws/install/snaak_manipulation/include/snaak_manipulation/snaak_manipulation/action/follow_trajectory.hpp
[0.724s] -- Up-to-date: /home/snaak/Documents/manipulation/manipulation_ws/install/snaak_manipulation/include/snaak_manipulation/snaak_manipulation/action/pickup.hpp
[0.724s] -- Up-to-date: /home/snaak/Documents/manipulation/manipulation_ws/install/snaak_manipulation/include/snaak_manipulation/snaak_manipulation
[0.724s] -- Up-to-date: /home/snaak/Documents/manipulation/manipulation_ws/install/snaak_manipulation/include/snaak_manipulation/snaak_manipulation/msg
[0.724s] -- Up-to-date: /home/snaak/Documents/manipulation/manipulation_ws/install/snaak_manipulation/include/snaak_manipulation/snaak_manipulation/msg/rosidl_typesupport_fastrtps_cpp__visibility_control.h
[0.724s] -- Up-to-date: /home/snaak/Documents/manipulation/manipulation_ws/install/snaak_manipulation/include/snaak_manipulation/snaak_manipulation/action
[0.724s] -- Up-to-date: /home/snaak/Documents/manipulation/manipulation_ws/install/snaak_manipulation/include/snaak_manipulation/snaak_manipulation/action/detail
[0.724s] -- Up-to-date: /home/snaak/Documents/manipulation/manipulation_ws/install/snaak_manipulation/include/snaak_manipulation/snaak_manipulation/action/detail/dds_fastrtps
[0.724s] -- Up-to-date: /home/snaak/Documents/manipulation/manipulation_ws/install/snaak_manipulation/include/snaak_manipulation/snaak_manipulation/action/detail/pickup__rosidl_typesupport_fastrtps_cpp.hpp
[0.724s] -- Up-to-date: /home/snaak/Documents/manipulation/manipulation_ws/install/snaak_manipulation/include/snaak_manipulation/snaak_manipulation/action/detail/follow_trajectory__rosidl_typesupport_fastrtps_cpp.hpp
[0.725s] -- Up-to-date: /home/snaak/Documents/manipulation/manipulation_ws/install/snaak_manipulation/lib/libsnaak_manipulation__rosidl_typesupport_fastrtps_cpp.so
[0.725s] -- Up-to-date: /home/snaak/Documents/manipulation/manipulation_ws/install/snaak_manipulation/include/snaak_manipulation/snaak_manipulation
[0.725s] -- Up-to-date: /home/snaak/Documents/manipulation/manipulation_ws/install/snaak_manipulation/include/snaak_manipulation/snaak_manipulation/msg
[0.725s] -- Up-to-date: /home/snaak/Documents/manipulation/manipulation_ws/install/snaak_manipulation/include/snaak_manipulation/snaak_manipulation/msg/rosidl_typesupport_introspection_c__visibility_control.h
[0.725s] -- Up-to-date: /home/snaak/Documents/manipulation/manipulation_ws/install/snaak_manipulation/include/snaak_manipulation/snaak_manipulation/action
[0.725s] -- Up-to-date: /home/snaak/Documents/manipulation/manipulation_ws/install/snaak_manipulation/include/snaak_manipulation/snaak_manipulation/action/detail
[0.725s] -- Up-to-date: /home/snaak/Documents/manipulation/manipulation_ws/install/snaak_manipulation/include/snaak_manipulation/snaak_manipulation/action/detail/pickup__type_support.c
[0.725s] -- Up-to-date: /home/snaak/Documents/manipulation/manipulation_ws/install/snaak_manipulation/include/snaak_manipulation/snaak_manipulation/action/detail/pickup__rosidl_typesupport_introspection_c.h
[0.725s] -- Up-to-date: /home/snaak/Documents/manipulation/manipulation_ws/install/snaak_manipulation/include/snaak_manipulation/snaak_manipulation/action/detail/follow_trajectory__rosidl_typesupport_introspection_c.h
[0.725s] -- Up-to-date: /home/snaak/Documents/manipulation/manipulation_ws/install/snaak_manipulation/include/snaak_manipulation/snaak_manipulation/action/detail/follow_trajectory__type_support.c
[0.725s] -- Up-to-date: /home/snaak/Documents/manipulation/manipulation_ws/install/snaak_manipulation/lib/libsnaak_manipulation__rosidl_typesupport_introspection_c.so
[0.725s] -- Up-to-date: /home/snaak/Documents/manipulation/manipulation_ws/install/snaak_manipulation/lib/libsnaak_manipulation__rosidl_typesupport_c.so
[0.725s] -- Up-to-date: /home/snaak/Documents/manipulation/manipulation_ws/install/snaak_manipulation/include/snaak_manipulation/snaak_manipulation
[0.725s] -- Up-to-date: /home/snaak/Documents/manipulation/manipulation_ws/install/snaak_manipulation/include/snaak_manipulation/snaak_manipulation/action
[0.725s] -- Up-to-date: /home/snaak/Documents/manipulation/manipulation_ws/install/snaak_manipulation/include/snaak_manipulation/snaak_manipulation/action/detail
[0.725s] -- Up-to-date: /home/snaak/Documents/manipulation/manipulation_ws/install/snaak_manipulation/include/snaak_manipulation/snaak_manipulation/action/detail/pickup__rosidl_typesupport_introspection_cpp.hpp
[0.725s] -- Up-to-date: /home/snaak/Documents/manipulation/manipulation_ws/install/snaak_manipulation/include/snaak_manipulation/snaak_manipulation/action/detail/follow_trajectory__type_support.cpp
[0.725s] -- Up-to-date: /home/snaak/Documents/manipulation/manipulation_ws/install/snaak_manipulation/include/snaak_manipulation/snaak_manipulation/action/detail/pickup__type_support.cpp
[0.725s] -- Up-to-date: /home/snaak/Documents/manipulation/manipulation_ws/install/snaak_manipulation/include/snaak_manipulation/snaak_manipulation/action/detail/follow_trajectory__rosidl_typesupport_introspection_cpp.hpp
[0.725s] -- Up-to-date: /home/snaak/Documents/manipulation/manipulation_ws/install/snaak_manipulation/lib/libsnaak_manipulation__rosidl_typesupport_introspection_cpp.so
[0.725s] -- Up-to-date: /home/snaak/Documents/manipulation/manipulation_ws/install/snaak_manipulation/lib/libsnaak_manipulation__rosidl_typesupport_cpp.so
[0.725s] -- Up-to-date: /home/snaak/Documents/manipulation/manipulation_ws/install/snaak_manipulation/share/snaak_manipulation/environment/pythonpath.sh
[0.725s] -- Up-to-date: /home/snaak/Documents/manipulation/manipulation_ws/install/snaak_manipulation/share/snaak_manipulation/environment/pythonpath.dsv
[0.725s] -- Up-to-date: /home/snaak/Documents/manipulation/manipulation_ws/install/snaak_manipulation/local/lib/python3.10/dist-packages/snaak_manipulation-0.0.1-py3.10.egg-info
[0.725s] -- Installing: /home/snaak/Documents/manipulation/manipulation_ws/install/snaak_manipulation/local/lib/python3.10/dist-packages/snaak_manipulation-0.0.1-py3.10.egg-info/PKG-INFO
[0.725s] -- Installing: /home/snaak/Documents/manipulation/manipulation_ws/install/snaak_manipulation/local/lib/python3.10/dist-packages/snaak_manipulation-0.0.1-py3.10.egg-info/SOURCES.txt
[0.725s] -- Installing: /home/snaak/Documents/manipulation/manipulation_ws/install/snaak_manipulation/local/lib/python3.10/dist-packages/snaak_manipulation-0.0.1-py3.10.egg-info/dependency_links.txt
[0.725s] -- Installing: /home/snaak/Documents/manipulation/manipulation_ws/install/snaak_manipulation/local/lib/python3.10/dist-packages/snaak_manipulation-0.0.1-py3.10.egg-info/top_level.txt
[0.725s] -- Up-to-date: /home/snaak/Documents/manipulation/manipulation_ws/install/snaak_manipulation/local/lib/python3.10/dist-packages/snaak_manipulation
[0.726s] -- Up-to-date: /home/snaak/Documents/manipulation/manipulation_ws/install/snaak_manipulation/local/lib/python3.10/dist-packages/snaak_manipulation/snaak_manipulation_s__rosidl_typesupport_introspection_c.cpython-310-x86_64-linux-gnu.so
[0.726s] -- Up-to-date: /home/snaak/Documents/manipulation/manipulation_ws/install/snaak_manipulation/local/lib/python3.10/dist-packages/snaak_manipulation/_snaak_manipulation_s.ep.rosidl_typesupport_c.c
[0.726s] -- Up-to-date: /home/snaak/Documents/manipulation/manipulation_ws/install/snaak_manipulation/local/lib/python3.10/dist-packages/snaak_manipulation/__init__.py
[0.726s] -- Up-to-date: /home/snaak/Documents/manipulation/manipulation_ws/install/snaak_manipulation/local/lib/python3.10/dist-packages/snaak_manipulation/libsnaak_manipulation__rosidl_generator_py.so
[0.726s] -- Up-to-date: /home/snaak/Documents/manipulation/manipulation_ws/install/snaak_manipulation/local/lib/python3.10/dist-packages/snaak_manipulation/snaak_manipulation_s__rosidl_typesupport_fastrtps_c.cpython-310-x86_64-linux-gnu.so
[0.726s] -- Up-to-date: /home/snaak/Documents/manipulation/manipulation_ws/install/snaak_manipulation/local/lib/python3.10/dist-packages/snaak_manipulation/_snaak_manipulation_s.ep.rosidl_typesupport_fastrtps_c.c
[0.726s] -- Up-to-date: /home/snaak/Documents/manipulation/manipulation_ws/install/snaak_manipulation/local/lib/python3.10/dist-packages/snaak_manipulation/snaak_manipulation_s__rosidl_typesupport_c.cpython-310-x86_64-linux-gnu.so
[0.726s] -- Up-to-date: /home/snaak/Documents/manipulation/manipulation_ws/install/snaak_manipulation/local/lib/python3.10/dist-packages/snaak_manipulation/action
[0.726s] -- Up-to-date: /home/snaak/Documents/manipulation/manipulation_ws/install/snaak_manipulation/local/lib/python3.10/dist-packages/snaak_manipulation/action/_follow_trajectory.py
[0.726s] -- Up-to-date: /home/snaak/Documents/manipulation/manipulation_ws/install/snaak_manipulation/local/lib/python3.10/dist-packages/snaak_manipulation/action/_pickup.py
[0.726s] -- Up-to-date: /home/snaak/Documents/manipulation/manipulation_ws/install/snaak_manipulation/local/lib/python3.10/dist-packages/snaak_manipulation/action/__init__.py
[0.726s] -- Up-to-date: /home/snaak/Documents/manipulation/manipulation_ws/install/snaak_manipulation/local/lib/python3.10/dist-packages/snaak_manipulation/action/_follow_trajectory_s.c
[0.726s] -- Up-to-date: /home/snaak/Documents/manipulation/manipulation_ws/install/snaak_manipulation/local/lib/python3.10/dist-packages/snaak_manipulation/action/_pickup_s.c
[0.726s] -- Up-to-date: /home/snaak/Documents/manipulation/manipulation_ws/install/snaak_manipulation/local/lib/python3.10/dist-packages/snaak_manipulation/_snaak_manipulation_s.ep.rosidl_typesupport_introspection_c.c
[0.761s] Listing '/home/snaak/Documents/manipulation/manipulation_ws/install/snaak_manipulation/local/lib/python3.10/dist-packages/snaak_manipulation'...
[0.761s] Listing '/home/snaak/Documents/manipulation/manipulation_ws/install/snaak_manipulation/local/lib/python3.10/dist-packages/snaak_manipulation/action'...
[0.775s] -- Up-to-date: /home/snaak/Documents/manipulation/manipulation_ws/install/snaak_manipulation/local/lib/python3.10/dist-packages/snaak_manipulation/snaak_manipulation_s__rosidl_typesupport_fastrtps_c.cpython-310-x86_64-linux-gnu.so
[0.776s] -- Up-to-date: /home/snaak/Documents/manipulation/manipulation_ws/install/snaak_manipulation/local/lib/python3.10/dist-packages/snaak_manipulation/snaak_manipulation_s__rosidl_typesupport_introspection_c.cpython-310-x86_64-linux-gnu.so
[0.777s] -- Up-to-date: /home/snaak/Documents/manipulation/manipulation_ws/install/snaak_manipulation/local/lib/python3.10/dist-packages/snaak_manipulation/snaak_manipulation_s__rosidl_typesupport_c.cpython-310-x86_64-linux-gnu.so
[0.778s] -- Up-to-date: /home/snaak/Documents/manipulation/manipulation_ws/install/snaak_manipulation/lib/libsnaak_manipulation__rosidl_generator_py.so
[0.778s] -- Up-to-date: /home/snaak/Documents/manipulation/manipulation_ws/install/snaak_manipulation/share/snaak_manipulation/action/FollowTrajectory.idl
[0.778s] -- Up-to-date: /home/snaak/Documents/manipulation/manipulation_ws/install/snaak_manipulation/share/snaak_manipulation/action/Pickup.idl
[0.779s] -- Up-to-date: /home/snaak/Documents/manipulation/manipulation_ws/install/snaak_manipulation/share/snaak_manipulation/action/FollowTrajectory.action
[0.779s] -- Up-to-date: /home/snaak/Documents/manipulation/manipulation_ws/install/snaak_manipulation/share/snaak_manipulation/action/Pickup.action
[0.779s] -- Installing: /home/snaak/Documents/manipulation/manipulation_ws/install/snaak_manipulation/lib/snaak_manipulation/manipulation_actions_node.py
[0.780s] -- Up-to-date: /home/snaak/Documents/manipulation/manipulation_ws/install/snaak_manipulation/share/snaak_manipulation/
[0.780s] -- Up-to-date: /home/snaak/Documents/manipulation/manipulation_ws/install/snaak_manipulation/share/snaak_manipulation//home_bin_1_traj.pkl
[0.781s] -- Up-to-date: /home/snaak/Documents/manipulation/manipulation_ws/install/snaak_manipulation/share/snaak_manipulation//home2bin3_cam_verified.pkl
[0.781s] -- Up-to-date: /home/snaak/Documents/manipulation/manipulation_ws/install/snaak_manipulation/share/snaak_manipulation//home2bin1_cam_verified.pkl
[0.781s] -- Up-to-date: /home/snaak/Documents/manipulation/manipulation_ws/install/snaak_manipulation/share/snaak_manipulation//home2bin2_cam_verified.pkl
[0.781s] -- Up-to-date: /home/snaak/Documents/manipulation/manipulation_ws/install/snaak_manipulation/share/snaak_manipulation//home_bin_3_traj.pkl
[0.782s] -- Up-to-date: /home/snaak/Documents/manipulation/manipulation_ws/install/snaak_manipulation/share/snaak_manipulation//home_bin_2_traj.pkl
[0.782s] -- Up-to-date: /home/snaak/Documents/manipulation/manipulation_ws/install/snaak_manipulation/share/snaak_manipulation//home_assembly_traj.pkl
[0.782s] -- Up-to-date: /home/snaak/Documents/manipulation/manipulation_ws/install/snaak_manipulation/share/ament_index/resource_index/package_run_dependencies/snaak_manipulation
[0.783s] -- Up-to-date: /home/snaak/Documents/manipulation/manipulation_ws/install/snaak_manipulation/share/ament_index/resource_index/parent_prefix_path/snaak_manipulation
[0.783s] -- Up-to-date: /home/snaak/Documents/manipulation/manipulation_ws/install/snaak_manipulation/share/snaak_manipulation/environment/ament_prefix_path.sh
[0.784s] -- Up-to-date: /home/snaak/Documents/manipulation/manipulation_ws/install/snaak_manipulation/share/snaak_manipulation/environment/ament_prefix_path.dsv
[0.784s] -- Up-to-date: /home/snaak/Documents/manipulation/manipulation_ws/install/snaak_manipulation/share/snaak_manipulation/environment/path.sh
[0.784s] -- Up-to-date: /home/snaak/Documents/manipulation/manipulation_ws/install/snaak_manipulation/share/snaak_manipulation/environment/path.dsv
[0.785s] -- Up-to-date: /home/snaak/Documents/manipulation/manipulation_ws/install/snaak_manipulation/share/snaak_manipulation/local_setup.bash
[0.785s] -- Up-to-date: /home/snaak/Documents/manipulation/manipulation_ws/install/snaak_manipulation/share/snaak_manipulation/local_setup.sh
[0.785s] -- Up-to-date: /home/snaak/Documents/manipulation/manipulation_ws/install/snaak_manipulation/share/snaak_manipulation/local_setup.zsh
[0.786s] -- Up-to-date: /home/snaak/Documents/manipulation/manipulation_ws/install/snaak_manipulation/share/snaak_manipulation/local_setup.dsv
[0.786s] -- Installing: /home/snaak/Documents/manipulation/manipulation_ws/install/snaak_manipulation/share/snaak_manipulation/package.dsv
[0.786s] -- Up-to-date: /home/snaak/Documents/manipulation/manipulation_ws/install/snaak_manipulation/share/ament_index/resource_index/packages/snaak_manipulation
[0.786s] -- Up-to-date: /home/snaak/Documents/manipulation/manipulation_ws/install/snaak_manipulation/share/snaak_manipulation/cmake/export_snaak_manipulation__rosidl_generator_cExport.cmake
[0.786s] -- Up-to-date: /home/snaak/Documents/manipulation/manipulation_ws/install/snaak_manipulation/share/snaak_manipulation/cmake/export_snaak_manipulation__rosidl_generator_cExport-noconfig.cmake
[0.787s] -- Up-to-date: /home/snaak/Documents/manipulation/manipulation_ws/install/snaak_manipulation/share/snaak_manipulation/cmake/export_snaak_manipulation__rosidl_typesupport_fastrtps_cExport.cmake
[0.787s] -- Up-to-date: /home/snaak/Documents/manipulation/manipulation_ws/install/snaak_manipulation/share/snaak_manipulation/cmake/export_snaak_manipulation__rosidl_typesupport_fastrtps_cExport-noconfig.cmake
[0.787s] -- Up-to-date: /home/snaak/Documents/manipulation/manipulation_ws/install/snaak_manipulation/share/snaak_manipulation/cmake/export_snaak_manipulation__rosidl_generator_cppExport.cmake
[0.787s] -- Up-to-date: /home/snaak/Documents/manipulation/manipulation_ws/install/snaak_manipulation/share/snaak_manipulation/cmake/export_snaak_manipulation__rosidl_typesupport_fastrtps_cppExport.cmake
[0.787s] -- Up-to-date: /home/snaak/Documents/manipulation/manipulation_ws/install/snaak_manipulation/share/snaak_manipulation/cmake/export_snaak_manipulation__rosidl_typesupport_fastrtps_cppExport-noconfig.cmake
[0.788s] -- Up-to-date: /home/snaak/Documents/manipulation/manipulation_ws/install/snaak_manipulation/share/snaak_manipulation/cmake/snaak_manipulation__rosidl_typesupport_introspection_cExport.cmake
[0.788s] -- Up-to-date: /home/snaak/Documents/manipulation/manipulation_ws/install/snaak_manipulation/share/snaak_manipulation/cmake/snaak_manipulation__rosidl_typesupport_introspection_cExport-noconfig.cmake
[0.788s] -- Up-to-date: /home/snaak/Documents/manipulation/manipulation_ws/install/snaak_manipulation/share/snaak_manipulation/cmake/snaak_manipulation__rosidl_typesupport_cExport.cmake
[0.788s] -- Up-to-date: /home/snaak/Documents/manipulation/manipulation_ws/install/snaak_manipulation/share/snaak_manipulation/cmake/snaak_manipulation__rosidl_typesupport_cExport-noconfig.cmake
[0.788s] -- Up-to-date: /home/snaak/Documents/manipulation/manipulation_ws/install/snaak_manipulation/share/snaak_manipulation/cmake/snaak_manipulation__rosidl_typesupport_introspection_cppExport.cmake
[0.788s] -- Up-to-date: /home/snaak/Documents/manipulation/manipulation_ws/install/snaak_manipulation/share/snaak_manipulation/cmake/snaak_manipulation__rosidl_typesupport_introspection_cppExport-noconfig.cmake
[0.789s] -- Up-to-date: /home/snaak/Documents/manipulation/manipulation_ws/install/snaak_manipulation/share/snaak_manipulation/cmake/snaak_manipulation__rosidl_typesupport_cppExport.cmake
[0.789s] -- Up-to-date: /home/snaak/Documents/manipulation/manipulation_ws/install/snaak_manipulation/share/snaak_manipulation/cmake/snaak_manipulation__rosidl_typesupport_cppExport-noconfig.cmake
[0.789s] -- Up-to-date: /home/snaak/Documents/manipulation/manipulation_ws/install/snaak_manipulation/share/snaak_manipulation/cmake/export_snaak_manipulation__rosidl_generator_pyExport.cmake
[0.790s] -- Up-to-date: /home/snaak/Documents/manipulation/manipulation_ws/install/snaak_manipulation/share/snaak_manipulation/cmake/export_snaak_manipulation__rosidl_generator_pyExport-noconfig.cmake
[0.790s] -- Up-to-date: /home/snaak/Documents/manipulation/manipulation_ws/install/snaak_manipulation/share/snaak_manipulation/cmake/rosidl_cmake-extras.cmake
[0.790s] -- Up-to-date: /home/snaak/Documents/manipulation/manipulation_ws/install/snaak_manipulation/share/snaak_manipulation/cmake/ament_cmake_export_dependencies-extras.cmake
[0.790s] -- Up-to-date: /home/snaak/Documents/manipulation/manipulation_ws/install/snaak_manipulation/share/snaak_manipulation/cmake/ament_cmake_export_include_directories-extras.cmake
[0.791s] -- Up-to-date: /home/snaak/Documents/manipulation/manipulation_ws/install/snaak_manipulation/share/snaak_manipulation/cmake/ament_cmake_export_libraries-extras.cmake
[0.791s] -- Up-to-date: /home/snaak/Documents/manipulation/manipulation_ws/install/snaak_manipulation/share/snaak_manipulation/cmake/ament_cmake_export_targets-extras.cmake
[0.791s] -- Up-to-date: /home/snaak/Documents/manipulation/manipulation_ws/install/snaak_manipulation/share/snaak_manipulation/cmake/rosidl_cmake_export_typesupport_targets-extras.cmake
[0.791s] -- Up-to-date: /home/snaak/Documents/manipulation/manipulation_ws/install/snaak_manipulation/share/snaak_manipulation/cmake/rosidl_cmake_export_typesupport_libraries-extras.cmake
[0.792s] -- Up-to-date: /home/snaak/Documents/manipulation/manipulation_ws/install/snaak_manipulation/share/snaak_manipulation/cmake/snaak_manipulationConfig.cmake
[0.792s] -- Up-to-date: /home/snaak/Documents/manipulation/manipulation_ws/install/snaak_manipulation/share/snaak_manipulation/cmake/snaak_manipulationConfig-version.cmake
[0.793s] -- Up-to-date: /home/snaak/Documents/manipulation/manipulation_ws/install/snaak_manipulation/share/snaak_manipulation/package.xml
[0.793s] Invoked command in '/home/snaak/Documents/manipulation/manipulation_ws/build/snaak_manipulation' returned '0': CMAKE_PREFIX_PATH=${CMAKE_PREFIX_PATH}:/opt/ros/humble /usr/bin/cmake --install /home/snaak/Documents/manipulation/manipulation_ws/build/snaak_manipulation
