[0.076s] DEBUG:colcon:Command line arguments: ['/usr/bin/colcon', 'build']
[0.076s] DEBUG:colcon:Parsed command line arguments: Namespace(log_base=None, log_level=None, verb_name='build', build_base='build', install_base='install', merge_install=False, symlink_install=False, test_result_base=None, continue_on_error=False, executor='parallel', parallel_workers=16, event_handlers=None, ignore_user_meta=False, metas=['./colcon.meta'], base_paths=['.'], packages_ignore=None, packages_ignore_regex=None, paths=None, packages_up_to=None, packages_up_to_regex=None, packages_above=None, packages_above_and_dependencies=None, packages_above_depth=None, packages_select_by_dep=None, packages_skip_by_dep=None, packages_skip_up_to=None, packages_select_build_failed=False, packages_skip_build_finished=False, packages_select_test_failures=False, packages_skip_test_passed=False, packages_select=None, packages_skip=None, packages_select_regex=None, packages_skip_regex=None, packages_start=None, packages_end=None, allow_overriding=[], cmake_args=None, cmake_target=None, cmake_target_skip_unavailable=False, cmake_clean_cache=False, cmake_clean_first=False, cmake_force_configure=False, ament_cmake_args=None, catkin_cmake_args=None, catkin_skip_building_tests=False, mixin_files=None, mixin=None, verb_parser=<colcon_mixin.mixin.mixin_argument.MixinArgumentDecorator object at 0x72344fc5d6f0>, verb_extension=<colcon_core.verb.build.BuildVerb object at 0x72344fd6e560>, main=<bound method BuildVerb.main of <colcon_core.verb.build.BuildVerb object at 0x72344fd6e560>>, mixin_verb=('build',))
[0.304s] Level 1:colcon.colcon_core.package_discovery:discover_packages(colcon_meta) check parameters
[0.304s] Level 1:colcon.colcon_core.package_discovery:discover_packages(recursive) check parameters
[0.304s] Level 1:colcon.colcon_core.package_discovery:discover_packages(ignore) check parameters
[0.304s] Level 1:colcon.colcon_core.package_discovery:discover_packages(path) check parameters
[0.304s] Level 1:colcon.colcon_core.package_discovery:discover_packages(colcon_meta) discover
[0.304s] Level 1:colcon.colcon_core.package_discovery:discover_packages(recursive) discover
[0.304s] INFO:colcon.colcon_core.package_discovery:Crawling recursively for packages in '/home/snaak/Documents/manipulation/manipulation_ws'
[0.304s] Level 1:colcon.colcon_core.package_identification:_identify(.) by extensions ['ignore', 'ignore_ament_install']
[0.304s] Level 1:colcon.colcon_core.package_identification:_identify(.) by extension 'ignore'
[0.304s] Level 1:colcon.colcon_core.package_identification:_identify(.) by extension 'ignore_ament_install'
[0.304s] Level 1:colcon.colcon_core.package_identification:_identify(.) by extensions ['colcon_pkg']
[0.304s] Level 1:colcon.colcon_core.package_identification:_identify(.) by extension 'colcon_pkg'
[0.304s] Level 1:colcon.colcon_core.package_identification:_identify(.) by extensions ['colcon_meta']
[0.304s] Level 1:colcon.colcon_core.package_identification:_identify(.) by extension 'colcon_meta'
[0.304s] Level 1:colcon.colcon_core.package_identification:_identify(.) by extensions ['ros']
[0.304s] Level 1:colcon.colcon_core.package_identification:_identify(.) by extension 'ros'
[0.310s] Level 1:colcon.colcon_core.package_identification:_identify(.) by extensions ['cmake', 'python']
[0.310s] Level 1:colcon.colcon_core.package_identification:_identify(.) by extension 'cmake'
[0.310s] Level 1:colcon.colcon_core.package_identification:_identify(.) by extension 'python'
[0.310s] Level 1:colcon.colcon_core.package_identification:_identify(.) by extensions ['python_setup_py']
[0.310s] Level 1:colcon.colcon_core.package_identification:_identify(.) by extension 'python_setup_py'
[0.310s] Level 1:colcon.colcon_core.package_identification:_identify(build) by extensions ['ignore', 'ignore_ament_install']
[0.310s] Level 1:colcon.colcon_core.package_identification:_identify(build) by extension 'ignore'
[0.310s] Level 1:colcon.colcon_core.package_identification:_identify(build) ignored
[0.310s] Level 1:colcon.colcon_core.package_identification:_identify(install) by extensions ['ignore', 'ignore_ament_install']
[0.310s] Level 1:colcon.colcon_core.package_identification:_identify(install) by extension 'ignore'
[0.311s] Level 1:colcon.colcon_core.package_identification:_identify(install) ignored
[0.311s] Level 1:colcon.colcon_core.package_identification:_identify(log) by extensions ['ignore', 'ignore_ament_install']
[0.311s] Level 1:colcon.colcon_core.package_identification:_identify(log) by extension 'ignore'
[0.311s] Level 1:colcon.colcon_core.package_identification:_identify(log) ignored
[0.311s] Level 1:colcon.colcon_core.package_identification:_identify(src) by extensions ['ignore', 'ignore_ament_install']
[0.311s] Level 1:colcon.colcon_core.package_identification:_identify(src) by extension 'ignore'
[0.311s] Level 1:colcon.colcon_core.package_identification:_identify(src) by extension 'ignore_ament_install'
[0.311s] Level 1:colcon.colcon_core.package_identification:_identify(src) by extensions ['colcon_pkg']
[0.311s] Level 1:colcon.colcon_core.package_identification:_identify(src) by extension 'colcon_pkg'
[0.311s] Level 1:colcon.colcon_core.package_identification:_identify(src) by extensions ['colcon_meta']
[0.311s] Level 1:colcon.colcon_core.package_identification:_identify(src) by extension 'colcon_meta'
[0.311s] Level 1:colcon.colcon_core.package_identification:_identify(src) by extensions ['ros']
[0.311s] Level 1:colcon.colcon_core.package_identification:_identify(src) by extension 'ros'
[0.311s] Level 1:colcon.colcon_core.package_identification:_identify(src) by extensions ['cmake', 'python']
[0.311s] Level 1:colcon.colcon_core.package_identification:_identify(src) by extension 'cmake'
[0.311s] Level 1:colcon.colcon_core.package_identification:_identify(src) by extension 'python'
[0.311s] Level 1:colcon.colcon_core.package_identification:_identify(src) by extensions ['python_setup_py']
[0.311s] Level 1:colcon.colcon_core.package_identification:_identify(src) by extension 'python_setup_py'
[0.311s] Level 1:colcon.colcon_core.package_identification:_identify(src/snaak_manipulation) by extensions ['ignore', 'ignore_ament_install']
[0.311s] Level 1:colcon.colcon_core.package_identification:_identify(src/snaak_manipulation) by extension 'ignore'
[0.311s] Level 1:colcon.colcon_core.package_identification:_identify(src/snaak_manipulation) by extension 'ignore_ament_install'
[0.311s] Level 1:colcon.colcon_core.package_identification:_identify(src/snaak_manipulation) by extensions ['colcon_pkg']
[0.311s] Level 1:colcon.colcon_core.package_identification:_identify(src/snaak_manipulation) by extension 'colcon_pkg'
[0.311s] Level 1:colcon.colcon_core.package_identification:_identify(src/snaak_manipulation) by extensions ['colcon_meta']
[0.311s] Level 1:colcon.colcon_core.package_identification:_identify(src/snaak_manipulation) by extension 'colcon_meta'
[0.311s] Level 1:colcon.colcon_core.package_identification:_identify(src/snaak_manipulation) by extensions ['ros']
[0.311s] Level 1:colcon.colcon_core.package_identification:_identify(src/snaak_manipulation) by extension 'ros'
[0.313s] DEBUG:colcon.colcon_core.package_identification:Package 'src/snaak_manipulation' with type 'ros.ament_cmake' and name 'snaak_manipulation'
[0.313s] Level 1:colcon.colcon_core.package_discovery:discover_packages(recursive) using defaults
[0.313s] Level 1:colcon.colcon_core.package_discovery:discover_packages(ignore) discover
[0.313s] Level 1:colcon.colcon_core.package_discovery:discover_packages(ignore) using defaults
[0.313s] Level 1:colcon.colcon_core.package_discovery:discover_packages(path) discover
[0.313s] Level 1:colcon.colcon_core.package_discovery:discover_packages(path) using defaults
[0.331s] Level 1:colcon.colcon_core.package_discovery:discover_packages(prefix_path) check parameters
[0.331s] Level 1:colcon.colcon_core.package_discovery:discover_packages(prefix_path) discover
[0.332s] DEBUG:colcon.colcon_installed_package_information.package_discovery:Found 2 installed packages in /home/snaak/Documents/frankapy/ros2_ws/install
[0.332s] DEBUG:colcon.colcon_installed_package_information.package_discovery:Found 275 installed packages in /opt/ros/humble
[0.333s] Level 1:colcon.colcon_core.package_discovery:discover_packages(prefix_path) using defaults
[0.354s] Level 5:colcon.colcon_core.verb:set package 'snaak_manipulation' build argument 'cmake_args' from command line to 'None'
[0.354s] Level 5:colcon.colcon_core.verb:set package 'snaak_manipulation' build argument 'cmake_target' from command line to 'None'
[0.354s] Level 5:colcon.colcon_core.verb:set package 'snaak_manipulation' build argument 'cmake_target_skip_unavailable' from command line to 'False'
[0.354s] Level 5:colcon.colcon_core.verb:set package 'snaak_manipulation' build argument 'cmake_clean_cache' from command line to 'False'
[0.354s] Level 5:colcon.colcon_core.verb:set package 'snaak_manipulation' build argument 'cmake_clean_first' from command line to 'False'
[0.354s] Level 5:colcon.colcon_core.verb:set package 'snaak_manipulation' build argument 'cmake_force_configure' from command line to 'False'
[0.354s] Level 5:colcon.colcon_core.verb:set package 'snaak_manipulation' build argument 'ament_cmake_args' from command line to 'None'
[0.354s] Level 5:colcon.colcon_core.verb:set package 'snaak_manipulation' build argument 'catkin_cmake_args' from command line to 'None'
[0.354s] Level 5:colcon.colcon_core.verb:set package 'snaak_manipulation' build argument 'catkin_skip_building_tests' from command line to 'False'
[0.354s] DEBUG:colcon.colcon_core.verb:Building package 'snaak_manipulation' with the following arguments: {'ament_cmake_args': None, 'build_base': '/home/snaak/Documents/manipulation/manipulation_ws/build/snaak_manipulation', 'catkin_cmake_args': None, 'catkin_skip_building_tests': False, 'cmake_args': None, 'cmake_clean_cache': False, 'cmake_clean_first': False, 'cmake_force_configure': False, 'cmake_target': None, 'cmake_target_skip_unavailable': False, 'install_base': '/home/snaak/Documents/manipulation/manipulation_ws/install/snaak_manipulation', 'merge_install': False, 'path': '/home/snaak/Documents/manipulation/manipulation_ws/src/snaak_manipulation', 'symlink_install': False, 'test_result_base': None}
[0.354s] INFO:colcon.colcon_core.executor:Executing jobs using 'parallel' executor
[0.354s] DEBUG:colcon.colcon_parallel_executor.executor.parallel:run_until_complete
[0.355s] INFO:colcon.colcon_ros.task.ament_cmake.build:Building ROS package in '/home/snaak/Documents/manipulation/manipulation_ws/src/snaak_manipulation' with build type 'ament_cmake'
[0.355s] INFO:colcon.colcon_cmake.task.cmake.build:Building CMake package in '/home/snaak/Documents/manipulation/manipulation_ws/src/snaak_manipulation'
[0.356s] INFO:colcon.colcon_core.plugin_system:Skipping extension 'colcon_core.shell.bat': Not used on non-Windows systems
[0.356s] INFO:colcon.colcon_core.shell:Skip shell extension 'powershell' for command environment: Not usable outside of PowerShell
[0.356s] DEBUG:colcon.colcon_core.shell:Skip shell extension 'dsv' for command environment
[0.361s] DEBUG:colcon.colcon_core.event_handler.log_command:Invoking command in '/home/snaak/Documents/manipulation/manipulation_ws/build/snaak_manipulation': CMAKE_PREFIX_PATH=${CMAKE_PREFIX_PATH}:/opt/ros/humble /usr/bin/cmake /home/snaak/Documents/manipulation/manipulation_ws/src/snaak_manipulation -DCMAKE_INSTALL_PREFIX=/home/snaak/Documents/manipulation/manipulation_ws/install/snaak_manipulation
[2.806s] DEBUG:colcon.colcon_core.event_handler.log_command:Invoked command in '/home/snaak/Documents/manipulation/manipulation_ws/build/snaak_manipulation' returned '1': CMAKE_PREFIX_PATH=${CMAKE_PREFIX_PATH}:/opt/ros/humble /usr/bin/cmake /home/snaak/Documents/manipulation/manipulation_ws/src/snaak_manipulation -DCMAKE_INSTALL_PREFIX=/home/snaak/Documents/manipulation/manipulation_ws/install/snaak_manipulation
[2.824s] Level 1:colcon.colcon_core.environment:create_environment_scripts_only(snaak_manipulation)
[2.831s] Level 1:colcon.colcon_core.environment:checking '/home/snaak/Documents/manipulation/manipulation_ws/install/snaak_manipulation' for CMake module files
[2.832s] Level 1:colcon.colcon_core.environment:checking '/home/snaak/Documents/manipulation/manipulation_ws/install/snaak_manipulation' for CMake config files
[2.833s] Level 1:colcon.colcon_core.environment:checking '/home/snaak/Documents/manipulation/manipulation_ws/install/snaak_manipulation/bin'
[2.834s] Level 1:colcon.colcon_core.environment:checking '/home/snaak/Documents/manipulation/manipulation_ws/install/snaak_manipulation/lib/pkgconfig/snaak_manipulation.pc'
[2.835s] Level 1:colcon.colcon_core.environment:checking '/home/snaak/Documents/manipulation/manipulation_ws/install/snaak_manipulation/lib/python3.10/site-packages'
[2.835s] Level 1:colcon.colcon_core.environment:checking '/home/snaak/Documents/manipulation/manipulation_ws/install/snaak_manipulation/bin'
[2.836s] INFO:colcon.colcon_core.shell:Creating package script '/home/snaak/Documents/manipulation/manipulation_ws/install/snaak_manipulation/share/snaak_manipulation/package.ps1'
[2.839s] INFO:colcon.colcon_core.shell:Creating package descriptor '/home/snaak/Documents/manipulation/manipulation_ws/install/snaak_manipulation/share/snaak_manipulation/package.dsv'
[2.840s] INFO:colcon.colcon_core.shell:Creating package script '/home/snaak/Documents/manipulation/manipulation_ws/install/snaak_manipulation/share/snaak_manipulation/package.sh'
[2.842s] INFO:colcon.colcon_core.shell:Creating package script '/home/snaak/Documents/manipulation/manipulation_ws/install/snaak_manipulation/share/snaak_manipulation/package.bash'
[2.845s] INFO:colcon.colcon_core.shell:Creating package script '/home/snaak/Documents/manipulation/manipulation_ws/install/snaak_manipulation/share/snaak_manipulation/package.zsh'
[2.847s] Level 1:colcon.colcon_core.environment:create_file_with_runtime_dependencies(/home/snaak/Documents/manipulation/manipulation_ws/install/snaak_manipulation/share/colcon-core/packages/snaak_manipulation)
[2.858s] DEBUG:colcon.colcon_parallel_executor.executor.parallel:closing loop
[2.858s] DEBUG:colcon.colcon_parallel_executor.executor.parallel:loop closed
[2.858s] DEBUG:colcon.colcon_parallel_executor.executor.parallel:run_until_complete finished with '1'
[2.859s] DEBUG:colcon.colcon_core.event_reactor:joining thread
[2.874s] INFO:colcon.colcon_core.plugin_system:Skipping extension 'colcon_notification.desktop_notification.terminal_notifier': Not used on non-Darwin systems
[2.874s] INFO:colcon.colcon_core.plugin_system:Skipping extension 'colcon_notification.desktop_notification.win32': Not used on non-Windows systems
[2.875s] INFO:colcon.colcon_notification.desktop_notification:Sending desktop notification using 'notify2'
[2.919s] DEBUG:colcon.colcon_core.event_reactor:joined thread
[2.920s] INFO:colcon.colcon_core.shell:Creating prefix script '/home/snaak/Documents/manipulation/manipulation_ws/install/local_setup.ps1'
[2.924s] INFO:colcon.colcon_core.shell:Creating prefix util module '/home/snaak/Documents/manipulation/manipulation_ws/install/_local_setup_util_ps1.py'
[2.928s] INFO:colcon.colcon_core.shell:Creating prefix chain script '/home/snaak/Documents/manipulation/manipulation_ws/install/setup.ps1'
[2.932s] INFO:colcon.colcon_core.shell:Creating prefix script '/home/snaak/Documents/manipulation/manipulation_ws/install/local_setup.sh'
[2.934s] INFO:colcon.colcon_core.shell:Creating prefix util module '/home/snaak/Documents/manipulation/manipulation_ws/install/_local_setup_util_sh.py'
[2.936s] INFO:colcon.colcon_core.shell:Creating prefix chain script '/home/snaak/Documents/manipulation/manipulation_ws/install/setup.sh'
[2.939s] INFO:colcon.colcon_core.shell:Creating prefix script '/home/snaak/Documents/manipulation/manipulation_ws/install/local_setup.bash'
[2.940s] INFO:colcon.colcon_core.shell:Creating prefix chain script '/home/snaak/Documents/manipulation/manipulation_ws/install/setup.bash'
[2.943s] INFO:colcon.colcon_core.shell:Creating prefix script '/home/snaak/Documents/manipulation/manipulation_ws/install/local_setup.zsh'
[2.945s] INFO:colcon.colcon_core.shell:Creating prefix chain script '/home/snaak/Documents/manipulation/manipulation_ws/install/setup.zsh'
