[0.006s] Invoking command in '/home/snaak/Documents/manipulation/manipulation_ws/build/snaak_manipulation': CMAKE_PREFIX_PATH=${CMAKE_PREFIX_PATH}:/opt/ros/humble /usr/bin/cmake /home/snaak/Documents/manipulation/manipulation_ws/src/snaak_manipulation -DCMAKE_INSTALL_PREFIX=/home/snaak/Documents/manipulation/manipulation_ws/install/snaak_manipulation
[0.013s] -- Found ament_cmake: 1.3.11 (/opt/ros/humble/share/ament_cmake/cmake)
[0.130s] -- Found rclcpp: 16.0.11 (/opt/ros/humble/share/rclcpp/cmake)
[0.196s] -- Found rosidl_generator_c: 3.1.6 (/opt/ros/humble/share/rosidl_generator_c/cmake)
[0.205s] -- Found rosidl_adapter: 3.1.6 (/opt/ros/humble/share/rosidl_adapter/cmake)
[0.225s] -- Found rosidl_generator_cpp: 3.1.6 (/opt/ros/humble/share/rosidl_generator_cpp/cmake)
[0.258s] -- Using all available rosidl_typesupport_c: rosidl_typesupport_fastrtps_c;rosidl_typesupport_introspection_c
[0.299s] -- Using all available rosidl_typesupport_cpp: rosidl_typesupport_fastrtps_cpp;rosidl_typesupport_introspection_cpp
[0.389s] -- Found rmw_implementation_cmake: 6.1.2 (/opt/ros/humble/share/rmw_implementation_cmake/cmake)
[0.392s] -- Found rmw_fastrtps_cpp: 6.2.7 (/opt/ros/humble/share/rmw_fastrtps_cpp/cmake)
[0.459s] -- Using RMW implementation 'rmw_fastrtps_cpp' as default
[0.486s] -- Found rclpy: 3.3.15 (/opt/ros/humble/share/rclpy/cmake)
[0.486s] -- Found geometry_msgs: 4.2.4 (/opt/ros/humble/share/geometry_msgs/cmake)
[0.493s] -- Found rosidl_default_generators: 1.2.0 (/opt/ros/humble/share/rosidl_default_generators/cmake)
[0.496s] -- Found tf2: 0.25.11 (/opt/ros/humble/share/tf2/cmake)
[0.498s] -- Found tf2_ros: 0.25.11 (/opt/ros/humble/share/tf2_ros/cmake)
[1.326s] -- Found ament_cmake_ros: 0.10.0 (/opt/ros/humble/share/ament_cmake_ros/cmake)
[2.292s] -- Using all available rosidl_typesupport_c: rosidl_typesupport_fastrtps_c;rosidl_typesupport_introspection_c
[2.467s] -- Using all available rosidl_typesupport_cpp: rosidl_typesupport_fastrtps_cpp;rosidl_typesupport_introspection_cpp
[2.543s] -- Found PythonInterp: /usr/bin/python3 (found suitable version "3.10.12", minimum required is "3.6") 
[2.547s] -- Found python_cmake_module: 0.10.0 (/opt/ros/humble/share/python_cmake_module/cmake)
[2.634s] -- Found PythonLibs: /usr/lib/x86_64-linux-gnu/libpython3.10.so (found suitable version "3.10.12", minimum required is "3.5") 
[2.634s] -- Using PYTHON_EXECUTABLE: /usr/bin/python3
[2.635s] -- Using PYTHON_INCLUDE_DIRS: /usr/include/python3.10
[2.635s] -- Using PYTHON_LIBRARIES: /usr/lib/x86_64-linux-gnu/libpython3.10.so
[2.709s] -- Found PythonExtra: .so  
[2.940s] -- Configuring done
[2.978s] -- Generating done
[2.985s] -- Build files have been written to: /home/snaak/Documents/manipulation/manipulation_ws/build/snaak_manipulation
[2.991s] Invoked command in '/home/snaak/Documents/manipulation/manipulation_ws/build/snaak_manipulation' returned '0': CMAKE_PREFIX_PATH=${CMAKE_PREFIX_PATH}:/opt/ros/humble /usr/bin/cmake /home/snaak/Documents/manipulation/manipulation_ws/src/snaak_manipulation -DCMAKE_INSTALL_PREFIX=/home/snaak/Documents/manipulation/manipulation_ws/install/snaak_manipulation
[2.993s] Invoking command in '/home/snaak/Documents/manipulation/manipulation_ws/build/snaak_manipulation': CMAKE_PREFIX_PATH=${CMAKE_PREFIX_PATH}:/opt/ros/humble /usr/bin/cmake --build /home/snaak/Documents/manipulation/manipulation_ws/build/snaak_manipulation -- -j16 -l16
[3.037s] [  2%] [34m[1mGenerating C code for ROS interfaces[0m
[3.043s] [  5%] [34m[1mGenerating C++ code for ROS interfaces[0m
[3.049s] [  5%] Built target ament_cmake_python_copy_snaak_manipulation
[3.237s] running egg_info
[3.238s] creating snaak_manipulation.egg-info
[3.238s] writing snaak_manipulation.egg-info/PKG-INFO
[3.238s] writing dependency_links to snaak_manipulation.egg-info/dependency_links.txt
[3.238s] writing top-level names to snaak_manipulation.egg-info/top_level.txt
[3.238s] writing manifest file 'snaak_manipulation.egg-info/SOURCES.txt'
[3.240s] reading manifest file 'snaak_manipulation.egg-info/SOURCES.txt'
[3.240s] writing manifest file 'snaak_manipulation.egg-info/SOURCES.txt'
[3.258s] [  5%] Built target ament_cmake_python_build_snaak_manipulation_egg
[3.485s] [ 10%] [32mBuilding C object CMakeFiles/snaak_manipulation__rosidl_generator_c.dir/rosidl_generator_c/snaak_manipulation/action/detail/pickup__functions.c.o[0m
[3.485s] [ 10%] [32mBuilding C object CMakeFiles/snaak_manipulation__rosidl_generator_c.dir/rosidl_generator_c/snaak_manipulation/action/detail/follow_trajectory__functions.c.o[0m
[3.491s] [ 10%] Built target snaak_manipulation__cpp
[3.498s] [ 17%] [34m[1mGenerating C++ type support for eProsima Fast-RTPS[0m
[3.498s] [ 17%] [34m[1mGenerating C++ introspection for ROS interfaces[0m
[3.498s] [ 17%] [34m[1mGenerating C++ type support dispatch for ROS interfaces[0m
[3.568s] [ 20%] [32m[1mLinking C shared library libsnaak_manipulation__rosidl_generator_c.so[0m
[3.592s] [ 20%] Built target snaak_manipulation__rosidl_generator_c
[3.599s] [ 28%] [34m[1mGenerating C type support for eProsima Fast-RTPS[0m
[3.599s] [ 28%] [34m[1mGenerating C introspection for ROS interfaces[0m
[3.599s] [ 28%] [34m[1mGenerating C type support dispatch for ROS interfaces[0m
[3.745s] [ 33%] [32mBuilding CXX object CMakeFiles/snaak_manipulation__rosidl_typesupport_cpp.dir/rosidl_typesupport_cpp/snaak_manipulation/action/follow_trajectory__type_support.cpp.o[0m
[3.745s] [ 33%] [32mBuilding CXX object CMakeFiles/snaak_manipulation__rosidl_typesupport_cpp.dir/rosidl_typesupport_cpp/snaak_manipulation/action/pickup__type_support.cpp.o[0m
[3.804s] [ 38%] [32mBuilding CXX object CMakeFiles/snaak_manipulation__rosidl_typesupport_introspection_cpp.dir/rosidl_typesupport_introspection_cpp/snaak_manipulation/action/detail/pickup__type_support.cpp.o[0m
[3.804s] [ 38%] [32mBuilding CXX object CMakeFiles/snaak_manipulation__rosidl_typesupport_introspection_cpp.dir/rosidl_typesupport_introspection_cpp/snaak_manipulation/action/detail/follow_trajectory__type_support.cpp.o[0m
[3.843s] [ 41%] [32mBuilding CXX object CMakeFiles/snaak_manipulation__rosidl_typesupport_c.dir/rosidl_typesupport_c/snaak_manipulation/action/follow_trajectory__type_support.cpp.o[0m
[3.846s] [ 43%] [32mBuilding CXX object CMakeFiles/snaak_manipulation__rosidl_typesupport_c.dir/rosidl_typesupport_c/snaak_manipulation/action/pickup__type_support.cpp.o[0m
[3.890s] [ 46%] [32m[1mLinking CXX shared library libsnaak_manipulation__rosidl_typesupport_c.so[0m
[3.893s] [ 48%] [32mBuilding CXX object CMakeFiles/snaak_manipulation__rosidl_typesupport_fastrtps_cpp.dir/rosidl_typesupport_fastrtps_cpp/snaak_manipulation/action/detail/dds_fastrtps/follow_trajectory__type_support.cpp.o[0m
[3.895s] [ 51%] [32mBuilding CXX object CMakeFiles/snaak_manipulation__rosidl_typesupport_fastrtps_cpp.dir/rosidl_typesupport_fastrtps_cpp/snaak_manipulation/action/detail/dds_fastrtps/pickup__type_support.cpp.o[0m
[3.935s] [ 51%] Built target snaak_manipulation__rosidl_typesupport_c
[3.961s] [ 53%] [32mBuilding C object CMakeFiles/snaak_manipulation__rosidl_typesupport_introspection_c.dir/rosidl_typesupport_introspection_c/snaak_manipulation/action/detail/follow_trajectory__type_support.c.o[0m
[3.964s] [ 56%] [32mBuilding C object CMakeFiles/snaak_manipulation__rosidl_typesupport_introspection_c.dir/rosidl_typesupport_introspection_c/snaak_manipulation/action/detail/pickup__type_support.c.o[0m
[3.994s] [ 58%] [32mBuilding CXX object CMakeFiles/snaak_manipulation__rosidl_typesupport_fastrtps_c.dir/rosidl_typesupport_fastrtps_c/snaak_manipulation/action/detail/follow_trajectory__type_support_c.cpp.o[0m
[3.996s] [ 61%] [32mBuilding CXX object CMakeFiles/snaak_manipulation__rosidl_typesupport_fastrtps_c.dir/rosidl_typesupport_fastrtps_c/snaak_manipulation/action/detail/pickup__type_support_c.cpp.o[0m
[4.015s] [ 64%] [32m[1mLinking C shared library libsnaak_manipulation__rosidl_typesupport_introspection_c.so[0m
[4.051s] [ 64%] Built target snaak_manipulation__rosidl_typesupport_introspection_c
[4.093s] [ 66%] [32m[1mLinking CXX shared library libsnaak_manipulation__rosidl_typesupport_cpp.so[0m
[4.124s] [ 66%] Built target snaak_manipulation__rosidl_typesupport_cpp
[4.230s] [ 69%] [32m[1mLinking CXX shared library libsnaak_manipulation__rosidl_typesupport_introspection_cpp.so[0m
[4.270s] [ 71%] [32m[1mLinking CXX shared library libsnaak_manipulation__rosidl_typesupport_fastrtps_c.so[0m
[4.285s] [ 71%] Built target snaak_manipulation__rosidl_typesupport_introspection_cpp
[4.300s] [ 74%] [32m[1mLinking CXX shared library libsnaak_manipulation__rosidl_typesupport_fastrtps_cpp.so[0m
[4.318s] [ 74%] Built target snaak_manipulation__rosidl_typesupport_fastrtps_c
[4.373s] [ 74%] Built target snaak_manipulation__rosidl_typesupport_fastrtps_cpp
[4.428s] [ 74%] Built target snaak_manipulation
[4.488s] [ 76%] [34m[1mGenerating Python code for ROS interfaces[0m
[5.321s] [ 76%] Built target snaak_manipulation__py
[5.335s] [ 79%] [32mBuilding C object CMakeFiles/snaak_manipulation__rosidl_generator_py.dir/rosidl_generator_py/snaak_manipulation/action/_follow_trajectory_s.c.o[0m
[5.335s] [ 82%] [32mBuilding C object CMakeFiles/snaak_manipulation__rosidl_generator_py.dir/rosidl_generator_py/snaak_manipulation/action/_pickup_s.c.o[0m
[5.434s] [ 84%] [32m[1mLinking C shared library rosidl_generator_py/snaak_manipulation/libsnaak_manipulation__rosidl_generator_py.so[0m
[5.511s] [ 84%] Built target snaak_manipulation__rosidl_generator_py
[5.572s] [ 89%] [32mBuilding C object CMakeFiles/snaak_manipulation__rosidl_typesupport_introspection_c__pyext.dir/rosidl_generator_py/snaak_manipulation/_snaak_manipulation_s.ep.rosidl_typesupport_introspection_c.c.o[0m
[5.573s] [ 89%] [32mBuilding C object CMakeFiles/snaak_manipulation__rosidl_typesupport_c__pyext.dir/rosidl_generator_py/snaak_manipulation/_snaak_manipulation_s.ep.rosidl_typesupport_c.c.o[0m
[5.573s] [ 92%] [32mBuilding C object CMakeFiles/snaak_manipulation__rosidl_typesupport_fastrtps_c__pyext.dir/rosidl_generator_py/snaak_manipulation/_snaak_manipulation_s.ep.rosidl_typesupport_fastrtps_c.c.o[0m
[5.764s] [100%] [32m[1mLinking C shared library rosidl_generator_py/snaak_manipulation/snaak_manipulation_s__rosidl_typesupport_c.cpython-310-x86_64-linux-gnu.so[0m
[5.764s] [100%] [32m[1mLinking C shared library rosidl_generator_py/snaak_manipulation/snaak_manipulation_s__rosidl_typesupport_fastrtps_c.cpython-310-x86_64-linux-gnu.so[0m
[5.764s] [100%] [32m[1mLinking C shared library rosidl_generator_py/snaak_manipulation/snaak_manipulation_s__rosidl_typesupport_introspection_c.cpython-310-x86_64-linux-gnu.so[0m
[5.880s] [100%] Built target snaak_manipulation__rosidl_typesupport_introspection_c__pyext
[5.880s] [100%] Built target snaak_manipulation__rosidl_typesupport_c__pyext
[5.881s] [100%] Built target snaak_manipulation__rosidl_typesupport_fastrtps_c__pyext
[5.915s] Invoked command in '/home/snaak/Documents/manipulation/manipulation_ws/build/snaak_manipulation' returned '0': CMAKE_PREFIX_PATH=${CMAKE_PREFIX_PATH}:/opt/ros/humble /usr/bin/cmake --build /home/snaak/Documents/manipulation/manipulation_ws/build/snaak_manipulation -- -j16 -l16
[5.943s] Invoking command in '/home/snaak/Documents/manipulation/manipulation_ws/build/snaak_manipulation': CMAKE_PREFIX_PATH=${CMAKE_PREFIX_PATH}:/opt/ros/humble /usr/bin/cmake --install /home/snaak/Documents/manipulation/manipulation_ws/build/snaak_manipulation
[5.966s] -- Install configuration: ""
[5.966s] -- Installing: /home/snaak/Documents/manipulation/manipulation_ws/install/snaak_manipulation/share/ament_index/resource_index/rosidl_interfaces/snaak_manipulation
[5.967s] -- Installing: /home/snaak/Documents/manipulation/manipulation_ws/install/snaak_manipulation/include/snaak_manipulation/snaak_manipulation
[5.967s] -- Installing: /home/snaak/Documents/manipulation/manipulation_ws/install/snaak_manipulation/include/snaak_manipulation/snaak_manipulation/msg
[5.968s] -- Installing: /home/snaak/Documents/manipulation/manipulation_ws/install/snaak_manipulation/include/snaak_manipulation/snaak_manipulation/msg/rosidl_generator_c__visibility_control.h
[5.968s] -- Installing: /home/snaak/Documents/manipulation/manipulation_ws/install/snaak_manipulation/include/snaak_manipulation/snaak_manipulation/action
[5.969s] -- Installing: /home/snaak/Documents/manipulation/manipulation_ws/install/snaak_manipulation/include/snaak_manipulation/snaak_manipulation/action/pickup.h
[5.969s] -- Installing: /home/snaak/Documents/manipulation/manipulation_ws/install/snaak_manipulation/include/snaak_manipulation/snaak_manipulation/action/detail
[5.969s] -- Installing: /home/snaak/Documents/manipulation/manipulation_ws/install/snaak_manipulation/include/snaak_manipulation/snaak_manipulation/action/detail/follow_trajectory__functions.c
[5.970s] -- Installing: /home/snaak/Documents/manipulation/manipulation_ws/install/snaak_manipulation/include/snaak_manipulation/snaak_manipulation/action/detail/pickup__functions.c
[5.970s] -- Installing: /home/snaak/Documents/manipulation/manipulation_ws/install/snaak_manipulation/include/snaak_manipulation/snaak_manipulation/action/detail/pickup__struct.h
[5.970s] -- Installing: /home/snaak/Documents/manipulation/manipulation_ws/install/snaak_manipulation/include/snaak_manipulation/snaak_manipulation/action/detail/follow_trajectory__struct.h
[5.971s] -- Installing: /home/snaak/Documents/manipulation/manipulation_ws/install/snaak_manipulation/include/snaak_manipulation/snaak_manipulation/action/detail/pickup__functions.h
[5.971s] -- Installing: /home/snaak/Documents/manipulation/manipulation_ws/install/snaak_manipulation/include/snaak_manipulation/snaak_manipulation/action/detail/follow_trajectory__functions.h
[5.971s] -- Installing: /home/snaak/Documents/manipulation/manipulation_ws/install/snaak_manipulation/include/snaak_manipulation/snaak_manipulation/action/detail/follow_trajectory__type_support.h
[5.971s] -- Installing: /home/snaak/Documents/manipulation/manipulation_ws/install/snaak_manipulation/include/snaak_manipulation/snaak_manipulation/action/detail/pickup__type_support.h
[5.971s] -- Installing: /home/snaak/Documents/manipulation/manipulation_ws/install/snaak_manipulation/include/snaak_manipulation/snaak_manipulation/action/follow_trajectory.h
[5.971s] -- Installing: /home/snaak/Documents/manipulation/manipulation_ws/install/snaak_manipulation/share/snaak_manipulation/environment/library_path.sh
[5.972s] -- Installing: /home/snaak/Documents/manipulation/manipulation_ws/install/snaak_manipulation/share/snaak_manipulation/environment/library_path.dsv
[5.972s] -- Installing: /home/snaak/Documents/manipulation/manipulation_ws/install/snaak_manipulation/lib/libsnaak_manipulation__rosidl_generator_c.so
[5.972s] -- Set runtime path of "/home/snaak/Documents/manipulation/manipulation_ws/install/snaak_manipulation/lib/libsnaak_manipulation__rosidl_generator_c.so" to ""
[5.972s] -- Up-to-date: /home/snaak/Documents/manipulation/manipulation_ws/install/snaak_manipulation/include/snaak_manipulation/snaak_manipulation
[5.972s] -- Up-to-date: /home/snaak/Documents/manipulation/manipulation_ws/install/snaak_manipulation/include/snaak_manipulation/snaak_manipulation/msg
[5.972s] -- Installing: /home/snaak/Documents/manipulation/manipulation_ws/install/snaak_manipulation/include/snaak_manipulation/snaak_manipulation/msg/rosidl_typesupport_fastrtps_c__visibility_control.h
[5.972s] -- Up-to-date: /home/snaak/Documents/manipulation/manipulation_ws/install/snaak_manipulation/include/snaak_manipulation/snaak_manipulation/action
[5.972s] -- Up-to-date: /home/snaak/Documents/manipulation/manipulation_ws/install/snaak_manipulation/include/snaak_manipulation/snaak_manipulation/action/detail
[5.972s] -- Installing: /home/snaak/Documents/manipulation/manipulation_ws/install/snaak_manipulation/include/snaak_manipulation/snaak_manipulation/action/detail/pickup__rosidl_typesupport_fastrtps_c.h
[5.972s] -- Installing: /home/snaak/Documents/manipulation/manipulation_ws/install/snaak_manipulation/include/snaak_manipulation/snaak_manipulation/action/detail/follow_trajectory__rosidl_typesupport_fastrtps_c.h
[5.972s] -- Installing: /home/snaak/Documents/manipulation/manipulation_ws/install/snaak_manipulation/lib/libsnaak_manipulation__rosidl_typesupport_fastrtps_c.so
[5.972s] -- Set runtime path of "/home/snaak/Documents/manipulation/manipulation_ws/install/snaak_manipulation/lib/libsnaak_manipulation__rosidl_typesupport_fastrtps_c.so" to ""
[5.972s] -- Up-to-date: /home/snaak/Documents/manipulation/manipulation_ws/install/snaak_manipulation/include/snaak_manipulation/snaak_manipulation
[5.972s] -- Up-to-date: /home/snaak/Documents/manipulation/manipulation_ws/install/snaak_manipulation/include/snaak_manipulation/snaak_manipulation/msg
[5.972s] -- Installing: /home/snaak/Documents/manipulation/manipulation_ws/install/snaak_manipulation/include/snaak_manipulation/snaak_manipulation/msg/rosidl_generator_cpp__visibility_control.hpp
[5.972s] -- Up-to-date: /home/snaak/Documents/manipulation/manipulation_ws/install/snaak_manipulation/include/snaak_manipulation/snaak_manipulation/action
[5.972s] -- Up-to-date: /home/snaak/Documents/manipulation/manipulation_ws/install/snaak_manipulation/include/snaak_manipulation/snaak_manipulation/action/detail
[5.972s] -- Installing: /home/snaak/Documents/manipulation/manipulation_ws/install/snaak_manipulation/include/snaak_manipulation/snaak_manipulation/action/detail/follow_trajectory__type_support.hpp
[5.972s] -- Installing: /home/snaak/Documents/manipulation/manipulation_ws/install/snaak_manipulation/include/snaak_manipulation/snaak_manipulation/action/detail/pickup__builder.hpp
[5.972s] -- Installing: /home/snaak/Documents/manipulation/manipulation_ws/install/snaak_manipulation/include/snaak_manipulation/snaak_manipulation/action/detail/pickup__struct.hpp
[5.973s] -- Installing: /home/snaak/Documents/manipulation/manipulation_ws/install/snaak_manipulation/include/snaak_manipulation/snaak_manipulation/action/detail/follow_trajectory__builder.hpp
[5.973s] -- Installing: /home/snaak/Documents/manipulation/manipulation_ws/install/snaak_manipulation/include/snaak_manipulation/snaak_manipulation/action/detail/follow_trajectory__traits.hpp
[5.973s] -- Installing: /home/snaak/Documents/manipulation/manipulation_ws/install/snaak_manipulation/include/snaak_manipulation/snaak_manipulation/action/detail/pickup__traits.hpp
[5.973s] -- Installing: /home/snaak/Documents/manipulation/manipulation_ws/install/snaak_manipulation/include/snaak_manipulation/snaak_manipulation/action/detail/pickup__type_support.hpp
[5.973s] -- Installing: /home/snaak/Documents/manipulation/manipulation_ws/install/snaak_manipulation/include/snaak_manipulation/snaak_manipulation/action/detail/follow_trajectory__struct.hpp
[5.973s] -- Installing: /home/snaak/Documents/manipulation/manipulation_ws/install/snaak_manipulation/include/snaak_manipulation/snaak_manipulation/action/follow_trajectory.hpp
[5.973s] -- Installing: /home/snaak/Documents/manipulation/manipulation_ws/install/snaak_manipulation/include/snaak_manipulation/snaak_manipulation/action/pickup.hpp
[5.973s] -- Up-to-date: /home/snaak/Documents/manipulation/manipulation_ws/install/snaak_manipulation/include/snaak_manipulation/snaak_manipulation
[5.973s] -- Up-to-date: /home/snaak/Documents/manipulation/manipulation_ws/install/snaak_manipulation/include/snaak_manipulation/snaak_manipulation/msg
[5.973s] -- Installing: /home/snaak/Documents/manipulation/manipulation_ws/install/snaak_manipulation/include/snaak_manipulation/snaak_manipulation/msg/rosidl_typesupport_fastrtps_cpp__visibility_control.h
[5.973s] -- Up-to-date: /home/snaak/Documents/manipulation/manipulation_ws/install/snaak_manipulation/include/snaak_manipulation/snaak_manipulation/action
[5.973s] -- Up-to-date: /home/snaak/Documents/manipulation/manipulation_ws/install/snaak_manipulation/include/snaak_manipulation/snaak_manipulation/action/detail
[5.973s] -- Installing: /home/snaak/Documents/manipulation/manipulation_ws/install/snaak_manipulation/include/snaak_manipulation/snaak_manipulation/action/detail/dds_fastrtps
[5.973s] -- Installing: /home/snaak/Documents/manipulation/manipulation_ws/install/snaak_manipulation/include/snaak_manipulation/snaak_manipulation/action/detail/pickup__rosidl_typesupport_fastrtps_cpp.hpp
[5.973s] -- Installing: /home/snaak/Documents/manipulation/manipulation_ws/install/snaak_manipulation/include/snaak_manipulation/snaak_manipulation/action/detail/follow_trajectory__rosidl_typesupport_fastrtps_cpp.hpp
[5.973s] -- Installing: /home/snaak/Documents/manipulation/manipulation_ws/install/snaak_manipulation/lib/libsnaak_manipulation__rosidl_typesupport_fastrtps_cpp.so
[5.973s] -- Set runtime path of "/home/snaak/Documents/manipulation/manipulation_ws/install/snaak_manipulation/lib/libsnaak_manipulation__rosidl_typesupport_fastrtps_cpp.so" to ""
[5.973s] -- Up-to-date: /home/snaak/Documents/manipulation/manipulation_ws/install/snaak_manipulation/include/snaak_manipulation/snaak_manipulation
[5.973s] -- Up-to-date: /home/snaak/Documents/manipulation/manipulation_ws/install/snaak_manipulation/include/snaak_manipulation/snaak_manipulation/msg
[5.973s] -- Installing: /home/snaak/Documents/manipulation/manipulation_ws/install/snaak_manipulation/include/snaak_manipulation/snaak_manipulation/msg/rosidl_typesupport_introspection_c__visibility_control.h
[5.973s] -- Up-to-date: /home/snaak/Documents/manipulation/manipulation_ws/install/snaak_manipulation/include/snaak_manipulation/snaak_manipulation/action
[5.974s] -- Up-to-date: /home/snaak/Documents/manipulation/manipulation_ws/install/snaak_manipulation/include/snaak_manipulation/snaak_manipulation/action/detail
[5.974s] -- Installing: /home/snaak/Documents/manipulation/manipulation_ws/install/snaak_manipulation/include/snaak_manipulation/snaak_manipulation/action/detail/pickup__type_support.c
[5.974s] -- Installing: /home/snaak/Documents/manipulation/manipulation_ws/install/snaak_manipulation/include/snaak_manipulation/snaak_manipulation/action/detail/pickup__rosidl_typesupport_introspection_c.h
[5.974s] -- Installing: /home/snaak/Documents/manipulation/manipulation_ws/install/snaak_manipulation/include/snaak_manipulation/snaak_manipulation/action/detail/follow_trajectory__rosidl_typesupport_introspection_c.h
[5.974s] -- Installing: /home/snaak/Documents/manipulation/manipulation_ws/install/snaak_manipulation/include/snaak_manipulation/snaak_manipulation/action/detail/follow_trajectory__type_support.c
[5.974s] -- Installing: /home/snaak/Documents/manipulation/manipulation_ws/install/snaak_manipulation/lib/libsnaak_manipulation__rosidl_typesupport_introspection_c.so
[5.974s] -- Set runtime path of "/home/snaak/Documents/manipulation/manipulation_ws/install/snaak_manipulation/lib/libsnaak_manipulation__rosidl_typesupport_introspection_c.so" to ""
[5.974s] -- Installing: /home/snaak/Documents/manipulation/manipulation_ws/install/snaak_manipulation/lib/libsnaak_manipulation__rosidl_typesupport_c.so
[5.974s] -- Set runtime path of "/home/snaak/Documents/manipulation/manipulation_ws/install/snaak_manipulation/lib/libsnaak_manipulation__rosidl_typesupport_c.so" to ""
[5.974s] -- Up-to-date: /home/snaak/Documents/manipulation/manipulation_ws/install/snaak_manipulation/include/snaak_manipulation/snaak_manipulation
[5.974s] -- Up-to-date: /home/snaak/Documents/manipulation/manipulation_ws/install/snaak_manipulation/include/snaak_manipulation/snaak_manipulation/action
[5.974s] -- Up-to-date: /home/snaak/Documents/manipulation/manipulation_ws/install/snaak_manipulation/include/snaak_manipulation/snaak_manipulation/action/detail
[5.974s] -- Installing: /home/snaak/Documents/manipulation/manipulation_ws/install/snaak_manipulation/include/snaak_manipulation/snaak_manipulation/action/detail/pickup__rosidl_typesupport_introspection_cpp.hpp
[5.974s] -- Installing: /home/snaak/Documents/manipulation/manipulation_ws/install/snaak_manipulation/include/snaak_manipulation/snaak_manipulation/action/detail/follow_trajectory__type_support.cpp
[5.974s] -- Installing: /home/snaak/Documents/manipulation/manipulation_ws/install/snaak_manipulation/include/snaak_manipulation/snaak_manipulation/action/detail/pickup__type_support.cpp
[5.974s] -- Installing: /home/snaak/Documents/manipulation/manipulation_ws/install/snaak_manipulation/include/snaak_manipulation/snaak_manipulation/action/detail/follow_trajectory__rosidl_typesupport_introspection_cpp.hpp
[5.974s] -- Installing: /home/snaak/Documents/manipulation/manipulation_ws/install/snaak_manipulation/lib/libsnaak_manipulation__rosidl_typesupport_introspection_cpp.so
[5.975s] -- Set runtime path of "/home/snaak/Documents/manipulation/manipulation_ws/install/snaak_manipulation/lib/libsnaak_manipulation__rosidl_typesupport_introspection_cpp.so" to ""
[5.975s] -- Installing: /home/snaak/Documents/manipulation/manipulation_ws/install/snaak_manipulation/lib/libsnaak_manipulation__rosidl_typesupport_cpp.so
[5.975s] -- Set runtime path of "/home/snaak/Documents/manipulation/manipulation_ws/install/snaak_manipulation/lib/libsnaak_manipulation__rosidl_typesupport_cpp.so" to ""
[5.975s] -- Installing: /home/snaak/Documents/manipulation/manipulation_ws/install/snaak_manipulation/share/snaak_manipulation/environment/pythonpath.sh
[5.975s] -- Installing: /home/snaak/Documents/manipulation/manipulation_ws/install/snaak_manipulation/share/snaak_manipulation/environment/pythonpath.dsv
[5.975s] -- Installing: /home/snaak/Documents/manipulation/manipulation_ws/install/snaak_manipulation/local/lib/python3.10/dist-packages/snaak_manipulation-0.0.1-py3.10.egg-info
[5.975s] -- Installing: /home/snaak/Documents/manipulation/manipulation_ws/install/snaak_manipulation/local/lib/python3.10/dist-packages/snaak_manipulation-0.0.1-py3.10.egg-info/PKG-INFO
[5.975s] -- Installing: /home/snaak/Documents/manipulation/manipulation_ws/install/snaak_manipulation/local/lib/python3.10/dist-packages/snaak_manipulation-0.0.1-py3.10.egg-info/SOURCES.txt
[5.975s] -- Installing: /home/snaak/Documents/manipulation/manipulation_ws/install/snaak_manipulation/local/lib/python3.10/dist-packages/snaak_manipulation-0.0.1-py3.10.egg-info/dependency_links.txt
[5.975s] -- Installing: /home/snaak/Documents/manipulation/manipulation_ws/install/snaak_manipulation/local/lib/python3.10/dist-packages/snaak_manipulation-0.0.1-py3.10.egg-info/top_level.txt
[5.975s] -- Installing: /home/snaak/Documents/manipulation/manipulation_ws/install/snaak_manipulation/local/lib/python3.10/dist-packages/snaak_manipulation
[5.975s] -- Installing: /home/snaak/Documents/manipulation/manipulation_ws/install/snaak_manipulation/local/lib/python3.10/dist-packages/snaak_manipulation/snaak_manipulation_s__rosidl_typesupport_introspection_c.cpython-310-x86_64-linux-gnu.so
[5.975s] -- Installing: /home/snaak/Documents/manipulation/manipulation_ws/install/snaak_manipulation/local/lib/python3.10/dist-packages/snaak_manipulation/_snaak_manipulation_s.ep.rosidl_typesupport_c.c
[5.975s] -- Installing: /home/snaak/Documents/manipulation/manipulation_ws/install/snaak_manipulation/local/lib/python3.10/dist-packages/snaak_manipulation/__init__.py
[5.976s] -- Installing: /home/snaak/Documents/manipulation/manipulation_ws/install/snaak_manipulation/local/lib/python3.10/dist-packages/snaak_manipulation/libsnaak_manipulation__rosidl_generator_py.so
[5.976s] -- Installing: /home/snaak/Documents/manipulation/manipulation_ws/install/snaak_manipulation/local/lib/python3.10/dist-packages/snaak_manipulation/snaak_manipulation_s__rosidl_typesupport_fastrtps_c.cpython-310-x86_64-linux-gnu.so
[5.976s] -- Installing: /home/snaak/Documents/manipulation/manipulation_ws/install/snaak_manipulation/local/lib/python3.10/dist-packages/snaak_manipulation/_snaak_manipulation_s.ep.rosidl_typesupport_fastrtps_c.c
[5.976s] -- Installing: /home/snaak/Documents/manipulation/manipulation_ws/install/snaak_manipulation/local/lib/python3.10/dist-packages/snaak_manipulation/snaak_manipulation_s__rosidl_typesupport_c.cpython-310-x86_64-linux-gnu.so
[5.976s] -- Installing: /home/snaak/Documents/manipulation/manipulation_ws/install/snaak_manipulation/local/lib/python3.10/dist-packages/snaak_manipulation/action
[5.976s] -- Installing: /home/snaak/Documents/manipulation/manipulation_ws/install/snaak_manipulation/local/lib/python3.10/dist-packages/snaak_manipulation/action/_follow_trajectory.py
[5.976s] -- Installing: /home/snaak/Documents/manipulation/manipulation_ws/install/snaak_manipulation/local/lib/python3.10/dist-packages/snaak_manipulation/action/_pickup.py
[5.976s] -- Installing: /home/snaak/Documents/manipulation/manipulation_ws/install/snaak_manipulation/local/lib/python3.10/dist-packages/snaak_manipulation/action/__init__.py
[5.976s] -- Installing: /home/snaak/Documents/manipulation/manipulation_ws/install/snaak_manipulation/local/lib/python3.10/dist-packages/snaak_manipulation/action/_follow_trajectory_s.c
[5.976s] -- Installing: /home/snaak/Documents/manipulation/manipulation_ws/install/snaak_manipulation/local/lib/python3.10/dist-packages/snaak_manipulation/action/_pickup_s.c
[5.976s] -- Installing: /home/snaak/Documents/manipulation/manipulation_ws/install/snaak_manipulation/local/lib/python3.10/dist-packages/snaak_manipulation/_snaak_manipulation_s.ep.rosidl_typesupport_introspection_c.c
[6.010s] Listing '/home/snaak/Documents/manipulation/manipulation_ws/install/snaak_manipulation/local/lib/python3.10/dist-packages/snaak_manipulation'...
[6.010s] Compiling '/home/snaak/Documents/manipulation/manipulation_ws/install/snaak_manipulation/local/lib/python3.10/dist-packages/snaak_manipulation/__init__.py'...
[6.010s] Listing '/home/snaak/Documents/manipulation/manipulation_ws/install/snaak_manipulation/local/lib/python3.10/dist-packages/snaak_manipulation/action'...
[6.010s] Compiling '/home/snaak/Documents/manipulation/manipulation_ws/install/snaak_manipulation/local/lib/python3.10/dist-packages/snaak_manipulation/action/__init__.py'...
[6.010s] Compiling '/home/snaak/Documents/manipulation/manipulation_ws/install/snaak_manipulation/local/lib/python3.10/dist-packages/snaak_manipulation/action/_follow_trajectory.py'...
[6.010s] Compiling '/home/snaak/Documents/manipulation/manipulation_ws/install/snaak_manipulation/local/lib/python3.10/dist-packages/snaak_manipulation/action/_pickup.py'...
[6.021s] -- Installing: /home/snaak/Documents/manipulation/manipulation_ws/install/snaak_manipulation/local/lib/python3.10/dist-packages/snaak_manipulation/snaak_manipulation_s__rosidl_typesupport_fastrtps_c.cpython-310-x86_64-linux-gnu.so
[6.022s] -- Set runtime path of "/home/snaak/Documents/manipulation/manipulation_ws/install/snaak_manipulation/local/lib/python3.10/dist-packages/snaak_manipulation/snaak_manipulation_s__rosidl_typesupport_fastrtps_c.cpython-310-x86_64-linux-gnu.so" to ""
[6.022s] -- Installing: /home/snaak/Documents/manipulation/manipulation_ws/install/snaak_manipulation/local/lib/python3.10/dist-packages/snaak_manipulation/snaak_manipulation_s__rosidl_typesupport_introspection_c.cpython-310-x86_64-linux-gnu.so
[6.023s] -- Set runtime path of "/home/snaak/Documents/manipulation/manipulation_ws/install/snaak_manipulation/local/lib/python3.10/dist-packages/snaak_manipulation/snaak_manipulation_s__rosidl_typesupport_introspection_c.cpython-310-x86_64-linux-gnu.so" to ""
[6.023s] -- Installing: /home/snaak/Documents/manipulation/manipulation_ws/install/snaak_manipulation/local/lib/python3.10/dist-packages/snaak_manipulation/snaak_manipulation_s__rosidl_typesupport_c.cpython-310-x86_64-linux-gnu.so
[6.024s] -- Set runtime path of "/home/snaak/Documents/manipulation/manipulation_ws/install/snaak_manipulation/local/lib/python3.10/dist-packages/snaak_manipulation/snaak_manipulation_s__rosidl_typesupport_c.cpython-310-x86_64-linux-gnu.so" to ""
[6.024s] -- Installing: /home/snaak/Documents/manipulation/manipulation_ws/install/snaak_manipulation/lib/libsnaak_manipulation__rosidl_generator_py.so
[6.025s] -- Set runtime path of "/home/snaak/Documents/manipulation/manipulation_ws/install/snaak_manipulation/lib/libsnaak_manipulation__rosidl_generator_py.so" to ""
[6.025s] -- Installing: /home/snaak/Documents/manipulation/manipulation_ws/install/snaak_manipulation/share/snaak_manipulation/action/FollowTrajectory.idl
[6.026s] -- Installing: /home/snaak/Documents/manipulation/manipulation_ws/install/snaak_manipulation/share/snaak_manipulation/action/Pickup.idl
[6.026s] -- Installing: /home/snaak/Documents/manipulation/manipulation_ws/install/snaak_manipulation/share/snaak_manipulation/action/FollowTrajectory.action
[6.026s] -- Installing: /home/snaak/Documents/manipulation/manipulation_ws/install/snaak_manipulation/share/snaak_manipulation/action/Pickup.action
[6.026s] -- Installing: /home/snaak/Documents/manipulation/manipulation_ws/install/snaak_manipulation/lib/snaak_manipulation/manipulation_actions_node.py
[6.026s] -- Up-to-date: /home/snaak/Documents/manipulation/manipulation_ws/install/snaak_manipulation/share/snaak_manipulation/
[6.027s] -- Installing: /home/snaak/Documents/manipulation/manipulation_ws/install/snaak_manipulation/share/snaak_manipulation//home_bin_1_traj.pkl
[6.027s] -- Installing: /home/snaak/Documents/manipulation/manipulation_ws/install/snaak_manipulation/share/snaak_manipulation//home2bin3_cam_verified.pkl
[6.027s] -- Installing: /home/snaak/Documents/manipulation/manipulation_ws/install/snaak_manipulation/share/snaak_manipulation//home2bin1_cam_verified.pkl
[6.028s] -- Installing: /home/snaak/Documents/manipulation/manipulation_ws/install/snaak_manipulation/share/snaak_manipulation//home2bin2_cam_verified.pkl
[6.028s] -- Installing: /home/snaak/Documents/manipulation/manipulation_ws/install/snaak_manipulation/share/snaak_manipulation//home_bin_3_traj.pkl
[6.028s] -- Installing: /home/snaak/Documents/manipulation/manipulation_ws/install/snaak_manipulation/share/snaak_manipulation//home_bin_2_traj.pkl
[6.028s] -- Installing: /home/snaak/Documents/manipulation/manipulation_ws/install/snaak_manipulation/share/snaak_manipulation//home_assembly_traj.pkl
[6.029s] -- Installing: /home/snaak/Documents/manipulation/manipulation_ws/install/snaak_manipulation/share/ament_index/resource_index/package_run_dependencies/snaak_manipulation
[6.029s] -- Installing: /home/snaak/Documents/manipulation/manipulation_ws/install/snaak_manipulation/share/ament_index/resource_index/parent_prefix_path/snaak_manipulation
[6.029s] -- Installing: /home/snaak/Documents/manipulation/manipulation_ws/install/snaak_manipulation/share/snaak_manipulation/environment/ament_prefix_path.sh
[6.029s] -- Installing: /home/snaak/Documents/manipulation/manipulation_ws/install/snaak_manipulation/share/snaak_manipulation/environment/ament_prefix_path.dsv
[6.029s] -- Installing: /home/snaak/Documents/manipulation/manipulation_ws/install/snaak_manipulation/share/snaak_manipulation/environment/path.sh
[6.029s] -- Installing: /home/snaak/Documents/manipulation/manipulation_ws/install/snaak_manipulation/share/snaak_manipulation/environment/path.dsv
[6.029s] -- Installing: /home/snaak/Documents/manipulation/manipulation_ws/install/snaak_manipulation/share/snaak_manipulation/local_setup.bash
[6.029s] -- Installing: /home/snaak/Documents/manipulation/manipulation_ws/install/snaak_manipulation/share/snaak_manipulation/local_setup.sh
[6.029s] -- Installing: /home/snaak/Documents/manipulation/manipulation_ws/install/snaak_manipulation/share/snaak_manipulation/local_setup.zsh
[6.029s] -- Installing: /home/snaak/Documents/manipulation/manipulation_ws/install/snaak_manipulation/share/snaak_manipulation/local_setup.dsv
[6.029s] -- Installing: /home/snaak/Documents/manipulation/manipulation_ws/install/snaak_manipulation/share/snaak_manipulation/package.dsv
[6.029s] -- Installing: /home/snaak/Documents/manipulation/manipulation_ws/install/snaak_manipulation/share/ament_index/resource_index/packages/snaak_manipulation
[6.029s] -- Installing: /home/snaak/Documents/manipulation/manipulation_ws/install/snaak_manipulation/share/snaak_manipulation/cmake/export_snaak_manipulation__rosidl_generator_cExport.cmake
[6.030s] -- Installing: /home/snaak/Documents/manipulation/manipulation_ws/install/snaak_manipulation/share/snaak_manipulation/cmake/export_snaak_manipulation__rosidl_generator_cExport-noconfig.cmake
[6.030s] -- Installing: /home/snaak/Documents/manipulation/manipulation_ws/install/snaak_manipulation/share/snaak_manipulation/cmake/export_snaak_manipulation__rosidl_typesupport_fastrtps_cExport.cmake
[6.030s] -- Installing: /home/snaak/Documents/manipulation/manipulation_ws/install/snaak_manipulation/share/snaak_manipulation/cmake/export_snaak_manipulation__rosidl_typesupport_fastrtps_cExport-noconfig.cmake
[6.030s] -- Installing: /home/snaak/Documents/manipulation/manipulation_ws/install/snaak_manipulation/share/snaak_manipulation/cmake/export_snaak_manipulation__rosidl_generator_cppExport.cmake
[6.030s] -- Installing: /home/snaak/Documents/manipulation/manipulation_ws/install/snaak_manipulation/share/snaak_manipulation/cmake/export_snaak_manipulation__rosidl_typesupport_fastrtps_cppExport.cmake
[6.030s] -- Installing: /home/snaak/Documents/manipulation/manipulation_ws/install/snaak_manipulation/share/snaak_manipulation/cmake/export_snaak_manipulation__rosidl_typesupport_fastrtps_cppExport-noconfig.cmake
[6.030s] -- Installing: /home/snaak/Documents/manipulation/manipulation_ws/install/snaak_manipulation/share/snaak_manipulation/cmake/snaak_manipulation__rosidl_typesupport_introspection_cExport.cmake
[6.030s] -- Installing: /home/snaak/Documents/manipulation/manipulation_ws/install/snaak_manipulation/share/snaak_manipulation/cmake/snaak_manipulation__rosidl_typesupport_introspection_cExport-noconfig.cmake
[6.030s] -- Installing: /home/snaak/Documents/manipulation/manipulation_ws/install/snaak_manipulation/share/snaak_manipulation/cmake/snaak_manipulation__rosidl_typesupport_cExport.cmake
[6.030s] -- Installing: /home/snaak/Documents/manipulation/manipulation_ws/install/snaak_manipulation/share/snaak_manipulation/cmake/snaak_manipulation__rosidl_typesupport_cExport-noconfig.cmake
[6.030s] -- Installing: /home/snaak/Documents/manipulation/manipulation_ws/install/snaak_manipulation/share/snaak_manipulation/cmake/snaak_manipulation__rosidl_typesupport_introspection_cppExport.cmake
[6.030s] -- Installing: /home/snaak/Documents/manipulation/manipulation_ws/install/snaak_manipulation/share/snaak_manipulation/cmake/snaak_manipulation__rosidl_typesupport_introspection_cppExport-noconfig.cmake
[6.030s] -- Installing: /home/snaak/Documents/manipulation/manipulation_ws/install/snaak_manipulation/share/snaak_manipulation/cmake/snaak_manipulation__rosidl_typesupport_cppExport.cmake
[6.030s] -- Installing: /home/snaak/Documents/manipulation/manipulation_ws/install/snaak_manipulation/share/snaak_manipulation/cmake/snaak_manipulation__rosidl_typesupport_cppExport-noconfig.cmake
[6.030s] -- Installing: /home/snaak/Documents/manipulation/manipulation_ws/install/snaak_manipulation/share/snaak_manipulation/cmake/export_snaak_manipulation__rosidl_generator_pyExport.cmake
[6.031s] -- Installing: /home/snaak/Documents/manipulation/manipulation_ws/install/snaak_manipulation/share/snaak_manipulation/cmake/export_snaak_manipulation__rosidl_generator_pyExport-noconfig.cmake
[6.031s] -- Installing: /home/snaak/Documents/manipulation/manipulation_ws/install/snaak_manipulation/share/snaak_manipulation/cmake/rosidl_cmake-extras.cmake
[6.031s] -- Installing: /home/snaak/Documents/manipulation/manipulation_ws/install/snaak_manipulation/share/snaak_manipulation/cmake/ament_cmake_export_dependencies-extras.cmake
[6.031s] -- Installing: /home/snaak/Documents/manipulation/manipulation_ws/install/snaak_manipulation/share/snaak_manipulation/cmake/ament_cmake_export_include_directories-extras.cmake
[6.031s] -- Installing: /home/snaak/Documents/manipulation/manipulation_ws/install/snaak_manipulation/share/snaak_manipulation/cmake/ament_cmake_export_libraries-extras.cmake
[6.031s] -- Installing: /home/snaak/Documents/manipulation/manipulation_ws/install/snaak_manipulation/share/snaak_manipulation/cmake/ament_cmake_export_targets-extras.cmake
[6.031s] -- Installing: /home/snaak/Documents/manipulation/manipulation_ws/install/snaak_manipulation/share/snaak_manipulation/cmake/rosidl_cmake_export_typesupport_targets-extras.cmake
[6.031s] -- Installing: /home/snaak/Documents/manipulation/manipulation_ws/install/snaak_manipulation/share/snaak_manipulation/cmake/rosidl_cmake_export_typesupport_libraries-extras.cmake
[6.031s] -- Installing: /home/snaak/Documents/manipulation/manipulation_ws/install/snaak_manipulation/share/snaak_manipulation/cmake/snaak_manipulationConfig.cmake
[6.031s] -- Installing: /home/snaak/Documents/manipulation/manipulation_ws/install/snaak_manipulation/share/snaak_manipulation/cmake/snaak_manipulationConfig-version.cmake
[6.031s] -- Installing: /home/snaak/Documents/manipulation/manipulation_ws/install/snaak_manipulation/share/snaak_manipulation/package.xml
[6.033s] Invoked command in '/home/snaak/Documents/manipulation/manipulation_ws/build/snaak_manipulation' returned '0': CMAKE_PREFIX_PATH=${CMAKE_PREFIX_PATH}:/opt/ros/humble /usr/bin/cmake --install /home/snaak/Documents/manipulation/manipulation_ws/build/snaak_manipulation
