[31mCMake Error at /opt/ros/humble/share/rosidl_adapter/cmake/rosidl_adapt_interfaces.cmake:59 (message):
  execute_process(/usr/bin/python3 -m rosidl_adapter --package-name
  snaak_manipulation --arguments-file
  /home/oberton/manipulation/manipulation_ws/build/snaak_manipulation/rosidl_adapter__arguments__snaak_manipulation.json
  --output-dir
  /home/oberton/manipulation/manipulation_ws/build/snaak_manipulation/rosidl_adapter/snaak_manipulation
  --output-file
  /home/oberton/manipulation/manipulation_ws/build/snaak_manipulation/rosidl_adapter/snaak_manipulation.idls)
  returned error code 1:

  Error processing 'snaak_manipulation/msg/RigidTransform end_pose' of
  'snaak_manipulation/FollowTrajectory_Result':
  'snaak_manipulation/msg/RigidTransform'

  Traceback (most recent call last):

    File "/usr/lib/python3.10/runpy.py", line 196, in _run_module_as_main
      return _run_code(code, main_globals, None,
    File "/usr/lib/python3.10/runpy.py", line 86, in _run_code
      exec(code, run_globals)
    File "/opt/ros/humble/local/lib/python3.10/dist-packages/rosidl_adapter/__main__.py", line 19, in <module>
      sys.exit(main())
    File "/opt/ros/humble/local/lib/python3.10/dist-packages/rosidl_adapter/main.py", line 53, in main
      abs_idl_file = convert_to_idl(
    File "/opt/ros/humble/local/lib/python3.10/dist-packages/rosidl_adapter/__init__.py", line 29, in convert_to_idl
      return convert_action_to_idl(
    File "/opt/ros/humble/local/lib/python3.10/dist-packages/rosidl_adapter/action/__init__.py", line 28, in convert_action_to_idl
      action = parse_action_string(package_name, input_file.stem, content)
    File "/opt/ros/humble/local/lib/python3.10/dist-packages/rosidl_adapter/parser.py", line 904, in parse_action_string
      result_message = parse_message_string(
    File "/opt/ros/humble/local/lib/python3.10/dist-packages/rosidl_adapter/parser.py", line 520, in parse_message_string
      Type(type_string, context_package_name=pkg_name),
    File "/opt/ros/humble/local/lib/python3.10/dist-packages/rosidl_adapter/parser.py", line 277, in __init__
      super(Type, self).__init__(
    File "/opt/ros/humble/local/lib/python3.10/dist-packages/rosidl_adapter/parser.py", line 190, in __init__
      raise InvalidResourceName(type_string)

  rosidl_adapter.parser.InvalidResourceName:
  snaak_manipulation/msg/RigidTransform

Call Stack (most recent call first):
  /opt/ros/humble/share/rosidl_cmake/cmake/rosidl_generate_interfaces.cmake:130 (rosidl_adapt_interfaces)
  CMakeLists.txt:19 (rosidl_generate_interfaces)

[0m
