[0.007s] Invoking command in '/home/snaak/Documents/manipulation/manipulation_ws/build/snaak_manipulation': CMAKE_PREFIX_PATH=${CMAKE_PREFIX_PATH}:/opt/ros/humble /usr/bin/cmake --build /home/snaak/Documents/manipulation/manipulation_ws/build/snaak_manipulation -- -j16 -l16
[0.023s] -- Found ament_cmake: 1.3.11 (/opt/ros/humble/share/ament_cmake/cmake)
[0.392s] -- Found rclcpp: 16.0.11 (/opt/ros/humble/share/rclcpp/cmake)
[0.487s] -- Found rosidl_generator_c: 3.1.6 (/opt/ros/humble/share/rosidl_generator_c/cmake)
[0.495s] -- Found rosidl_adapter: 3.1.6 (/opt/ros/humble/share/rosidl_adapter/cmake)
[0.515s] -- Found rosidl_generator_cpp: 3.1.6 (/opt/ros/humble/share/rosidl_generator_cpp/cmake)
[0.548s] -- Using all available rosidl_typesupport_c: rosidl_typesupport_fastrtps_c;rosidl_typesupport_introspection_c
[0.589s] -- Using all available rosidl_typesupport_cpp: rosidl_typesupport_fastrtps_cpp;rosidl_typesupport_introspection_cpp
[0.668s] -- Found rmw_implementation_cmake: 6.1.2 (/opt/ros/humble/share/rmw_implementation_cmake/cmake)
[0.673s] -- Found rmw_fastrtps_cpp: 6.2.7 (/opt/ros/humble/share/rmw_fastrtps_cpp/cmake)
[0.956s] -- Using RMW implementation 'rmw_fastrtps_cpp' as default
[1.042s] -- Found rclpy: 3.3.15 (/opt/ros/humble/share/rclpy/cmake)
[1.042s] -- Found geometry_msgs: 4.2.4 (/opt/ros/humble/share/geometry_msgs/cmake)
[1.050s] -- Found rosidl_default_generators: 1.2.0 (/opt/ros/humble/share/rosidl_default_generators/cmake)
[1.054s] -- Found tf2: 0.25.11 (/opt/ros/humble/share/tf2/cmake)
[1.056s] -- Found tf2_ros: 0.25.11 (/opt/ros/humble/share/tf2_ros/cmake)
[1.275s] -- Found ament_cmake_ros: 0.10.0 (/opt/ros/humble/share/ament_cmake_ros/cmake)
[1.794s] -- Using all available rosidl_typesupport_c: rosidl_typesupport_fastrtps_c;rosidl_typesupport_introspection_c
[2.309s] -- Using all available rosidl_typesupport_cpp: rosidl_typesupport_fastrtps_cpp;rosidl_typesupport_introspection_cpp
[2.385s] -- Found python_cmake_module: 0.10.0 (/opt/ros/humble/share/python_cmake_module/cmake)
[2.463s] -- Using PYTHON_EXECUTABLE: /usr/bin/python3
[2.463s] -- Using PYTHON_INCLUDE_DIRS: /usr/include/python3.10
[2.463s] -- Using PYTHON_LIBRARIES: /usr/lib/x86_64-linux-gnu/libpython3.10.so
[2.599s] -- Configuring done
[2.627s] -- Generating done
[2.635s] -- Build files have been written to: /home/snaak/Documents/manipulation/manipulation_ws/build/snaak_manipulation
[2.654s] [35m[1mConsolidate compiler generated dependencies of target snaak_manipulation__rosidl_generator_c[0m
[2.664s] [  3%] Built target snaak_manipulation__cpp
[2.665s] [ 12%] Built target snaak_manipulation__rosidl_generator_c
[2.677s] [ 12%] Built target ament_cmake_python_copy_snaak_manipulation
[2.680s] [35m[1mConsolidate compiler generated dependencies of target snaak_manipulation__rosidl_typesupport_fastrtps_cpp[0m
[2.681s] [35m[1mConsolidate compiler generated dependencies of target snaak_manipulation__rosidl_typesupport_cpp[0m
[2.681s] [35m[1mConsolidate compiler generated dependencies of target snaak_manipulation__rosidl_typesupport_introspection_cpp[0m
[2.682s] [35m[1mConsolidate compiler generated dependencies of target snaak_manipulation__rosidl_typesupport_fastrtps_c[0m
[2.682s] [35m[1mConsolidate compiler generated dependencies of target snaak_manipulation__rosidl_typesupport_introspection_c[0m
[2.682s] [35m[1mConsolidate compiler generated dependencies of target snaak_manipulation__rosidl_typesupport_c[0m
[2.702s] [ 22%] Built target snaak_manipulation__rosidl_typesupport_introspection_c
[2.702s] [ 32%] Built target snaak_manipulation__rosidl_typesupport_c
[2.703s] [ 41%] Built target snaak_manipulation__rosidl_typesupport_cpp
[2.704s] [ 51%] Built target snaak_manipulation__rosidl_typesupport_fastrtps_cpp
[2.704s] [ 61%] Built target snaak_manipulation__rosidl_typesupport_fastrtps_c
[2.704s] [ 70%] Built target snaak_manipulation__rosidl_typesupport_introspection_cpp
[2.748s] [ 70%] Built target snaak_manipulation
[2.788s] [ 74%] Built target snaak_manipulation__py
[2.800s] [35m[1mConsolidate compiler generated dependencies of target snaak_manipulation__rosidl_generator_py[0m
[2.811s] [ 80%] Built target snaak_manipulation__rosidl_generator_py
[2.818s] [35m[1mConsolidate compiler generated dependencies of target snaak_manipulation__rosidl_typesupport_introspection_c__pyext[0m
[2.819s] [35m[1mConsolidate compiler generated dependencies of target snaak_manipulation__rosidl_typesupport_fastrtps_c__pyext[0m
[2.819s] [35m[1mConsolidate compiler generated dependencies of target snaak_manipulation__rosidl_typesupport_c__pyext[0m
[2.827s] [ 87%] Built target snaak_manipulation__rosidl_typesupport_c__pyext
[2.827s] [100%] Built target snaak_manipulation__rosidl_typesupport_fastrtps_c__pyext
[2.827s] [100%] Built target snaak_manipulation__rosidl_typesupport_introspection_c__pyext
[2.915s] running egg_info
[2.915s] writing snaak_manipulation.egg-info/PKG-INFO
[2.916s] writing dependency_links to snaak_manipulation.egg-info/dependency_links.txt
[2.916s] writing top-level names to snaak_manipulation.egg-info/top_level.txt
[2.917s] reading manifest file 'snaak_manipulation.egg-info/SOURCES.txt'
[2.917s] writing manifest file 'snaak_manipulation.egg-info/SOURCES.txt'
[2.933s] [100%] Built target ament_cmake_python_build_snaak_manipulation_egg
[2.940s] Invoked command in '/home/snaak/Documents/manipulation/manipulation_ws/build/snaak_manipulation' returned '0': CMAKE_PREFIX_PATH=${CMAKE_PREFIX_PATH}:/opt/ros/humble /usr/bin/cmake --build /home/snaak/Documents/manipulation/manipulation_ws/build/snaak_manipulation -- -j16 -l16
[2.946s] Invoking command in '/home/snaak/Documents/manipulation/manipulation_ws/build/snaak_manipulation': CMAKE_PREFIX_PATH=${CMAKE_PREFIX_PATH}:/opt/ros/humble /usr/bin/cmake --install /home/snaak/Documents/manipulation/manipulation_ws/build/snaak_manipulation
[2.950s] -- Install configuration: ""
[2.950s] -- Up-to-date: /home/snaak/Documents/manipulation/manipulation_ws/install/snaak_manipulation/share/ament_index/resource_index/rosidl_interfaces/snaak_manipulation
[2.950s] -- Up-to-date: /home/snaak/Documents/manipulation/manipulation_ws/install/snaak_manipulation/include/snaak_manipulation/snaak_manipulation
[2.950s] -- Up-to-date: /home/snaak/Documents/manipulation/manipulation_ws/install/snaak_manipulation/include/snaak_manipulation/snaak_manipulation/msg
[2.950s] -- Up-to-date: /home/snaak/Documents/manipulation/manipulation_ws/install/snaak_manipulation/include/snaak_manipulation/snaak_manipulation/msg/rosidl_generator_c__visibility_control.h
[2.950s] -- Up-to-date: /home/snaak/Documents/manipulation/manipulation_ws/install/snaak_manipulation/include/snaak_manipulation/snaak_manipulation/action
[2.950s] -- Up-to-date: /home/snaak/Documents/manipulation/manipulation_ws/install/snaak_manipulation/include/snaak_manipulation/snaak_manipulation/action/detail
[2.950s] -- Up-to-date: /home/snaak/Documents/manipulation/manipulation_ws/install/snaak_manipulation/include/snaak_manipulation/snaak_manipulation/action/detail/follow_trajectory__functions.c
[2.951s] -- Up-to-date: /home/snaak/Documents/manipulation/manipulation_ws/install/snaak_manipulation/include/snaak_manipulation/snaak_manipulation/action/detail/follow_trajectory__struct.h
[2.951s] -- Up-to-date: /home/snaak/Documents/manipulation/manipulation_ws/install/snaak_manipulation/include/snaak_manipulation/snaak_manipulation/action/detail/follow_trajectory__functions.h
[2.951s] -- Up-to-date: /home/snaak/Documents/manipulation/manipulation_ws/install/snaak_manipulation/include/snaak_manipulation/snaak_manipulation/action/detail/follow_trajectory__type_support.h
[2.951s] -- Up-to-date: /home/snaak/Documents/manipulation/manipulation_ws/install/snaak_manipulation/include/snaak_manipulation/snaak_manipulation/action/follow_trajectory.h
[2.951s] -- Up-to-date: /home/snaak/Documents/manipulation/manipulation_ws/install/snaak_manipulation/share/snaak_manipulation/environment/library_path.sh
[2.951s] -- Installing: /home/snaak/Documents/manipulation/manipulation_ws/install/snaak_manipulation/share/snaak_manipulation/environment/library_path.dsv
[2.951s] -- Up-to-date: /home/snaak/Documents/manipulation/manipulation_ws/install/snaak_manipulation/lib/libsnaak_manipulation__rosidl_generator_c.so
[2.951s] -- Up-to-date: /home/snaak/Documents/manipulation/manipulation_ws/install/snaak_manipulation/include/snaak_manipulation/snaak_manipulation
[2.951s] -- Up-to-date: /home/snaak/Documents/manipulation/manipulation_ws/install/snaak_manipulation/include/snaak_manipulation/snaak_manipulation/msg
[2.951s] -- Up-to-date: /home/snaak/Documents/manipulation/manipulation_ws/install/snaak_manipulation/include/snaak_manipulation/snaak_manipulation/msg/rosidl_typesupport_fastrtps_c__visibility_control.h
[2.951s] -- Up-to-date: /home/snaak/Documents/manipulation/manipulation_ws/install/snaak_manipulation/include/snaak_manipulation/snaak_manipulation/action
[2.951s] -- Up-to-date: /home/snaak/Documents/manipulation/manipulation_ws/install/snaak_manipulation/include/snaak_manipulation/snaak_manipulation/action/detail
[2.951s] -- Up-to-date: /home/snaak/Documents/manipulation/manipulation_ws/install/snaak_manipulation/include/snaak_manipulation/snaak_manipulation/action/detail/follow_trajectory__rosidl_typesupport_fastrtps_c.h
[2.951s] -- Up-to-date: /home/snaak/Documents/manipulation/manipulation_ws/install/snaak_manipulation/lib/libsnaak_manipulation__rosidl_typesupport_fastrtps_c.so
[2.951s] -- Up-to-date: /home/snaak/Documents/manipulation/manipulation_ws/install/snaak_manipulation/include/snaak_manipulation/snaak_manipulation
[2.952s] -- Up-to-date: /home/snaak/Documents/manipulation/manipulation_ws/install/snaak_manipulation/include/snaak_manipulation/snaak_manipulation/msg
[2.952s] -- Up-to-date: /home/snaak/Documents/manipulation/manipulation_ws/install/snaak_manipulation/include/snaak_manipulation/snaak_manipulation/msg/rosidl_generator_cpp__visibility_control.hpp
[2.952s] -- Up-to-date: /home/snaak/Documents/manipulation/manipulation_ws/install/snaak_manipulation/include/snaak_manipulation/snaak_manipulation/action
[2.952s] -- Up-to-date: /home/snaak/Documents/manipulation/manipulation_ws/install/snaak_manipulation/include/snaak_manipulation/snaak_manipulation/action/detail
[2.952s] -- Up-to-date: /home/snaak/Documents/manipulation/manipulation_ws/install/snaak_manipulation/include/snaak_manipulation/snaak_manipulation/action/detail/follow_trajectory__type_support.hpp
[2.952s] -- Up-to-date: /home/snaak/Documents/manipulation/manipulation_ws/install/snaak_manipulation/include/snaak_manipulation/snaak_manipulation/action/detail/follow_trajectory__builder.hpp
[2.952s] -- Up-to-date: /home/snaak/Documents/manipulation/manipulation_ws/install/snaak_manipulation/include/snaak_manipulation/snaak_manipulation/action/detail/follow_trajectory__traits.hpp
[2.952s] -- Up-to-date: /home/snaak/Documents/manipulation/manipulation_ws/install/snaak_manipulation/include/snaak_manipulation/snaak_manipulation/action/detail/follow_trajectory__struct.hpp
[2.952s] -- Up-to-date: /home/snaak/Documents/manipulation/manipulation_ws/install/snaak_manipulation/include/snaak_manipulation/snaak_manipulation/action/follow_trajectory.hpp
[2.952s] -- Up-to-date: /home/snaak/Documents/manipulation/manipulation_ws/install/snaak_manipulation/include/snaak_manipulation/snaak_manipulation
[2.952s] -- Up-to-date: /home/snaak/Documents/manipulation/manipulation_ws/install/snaak_manipulation/include/snaak_manipulation/snaak_manipulation/msg
[2.952s] -- Up-to-date: /home/snaak/Documents/manipulation/manipulation_ws/install/snaak_manipulation/include/snaak_manipulation/snaak_manipulation/msg/rosidl_typesupport_fastrtps_cpp__visibility_control.h
[2.952s] -- Up-to-date: /home/snaak/Documents/manipulation/manipulation_ws/install/snaak_manipulation/include/snaak_manipulation/snaak_manipulation/action
[2.952s] -- Up-to-date: /home/snaak/Documents/manipulation/manipulation_ws/install/snaak_manipulation/include/snaak_manipulation/snaak_manipulation/action/detail
[2.952s] -- Up-to-date: /home/snaak/Documents/manipulation/manipulation_ws/install/snaak_manipulation/include/snaak_manipulation/snaak_manipulation/action/detail/dds_fastrtps
[2.952s] -- Up-to-date: /home/snaak/Documents/manipulation/manipulation_ws/install/snaak_manipulation/include/snaak_manipulation/snaak_manipulation/action/detail/follow_trajectory__rosidl_typesupport_fastrtps_cpp.hpp
[2.952s] -- Up-to-date: /home/snaak/Documents/manipulation/manipulation_ws/install/snaak_manipulation/lib/libsnaak_manipulation__rosidl_typesupport_fastrtps_cpp.so
[2.953s] -- Up-to-date: /home/snaak/Documents/manipulation/manipulation_ws/install/snaak_manipulation/include/snaak_manipulation/snaak_manipulation
[2.953s] -- Up-to-date: /home/snaak/Documents/manipulation/manipulation_ws/install/snaak_manipulation/include/snaak_manipulation/snaak_manipulation/msg
[2.953s] -- Up-to-date: /home/snaak/Documents/manipulation/manipulation_ws/install/snaak_manipulation/include/snaak_manipulation/snaak_manipulation/msg/rosidl_typesupport_introspection_c__visibility_control.h
[2.953s] -- Up-to-date: /home/snaak/Documents/manipulation/manipulation_ws/install/snaak_manipulation/include/snaak_manipulation/snaak_manipulation/action
[2.953s] -- Up-to-date: /home/snaak/Documents/manipulation/manipulation_ws/install/snaak_manipulation/include/snaak_manipulation/snaak_manipulation/action/detail
[2.953s] -- Up-to-date: /home/snaak/Documents/manipulation/manipulation_ws/install/snaak_manipulation/include/snaak_manipulation/snaak_manipulation/action/detail/follow_trajectory__rosidl_typesupport_introspection_c.h
[2.953s] -- Up-to-date: /home/snaak/Documents/manipulation/manipulation_ws/install/snaak_manipulation/include/snaak_manipulation/snaak_manipulation/action/detail/follow_trajectory__type_support.c
[2.953s] -- Up-to-date: /home/snaak/Documents/manipulation/manipulation_ws/install/snaak_manipulation/lib/libsnaak_manipulation__rosidl_typesupport_introspection_c.so
[2.953s] -- Up-to-date: /home/snaak/Documents/manipulation/manipulation_ws/install/snaak_manipulation/lib/libsnaak_manipulation__rosidl_typesupport_c.so
[2.953s] -- Up-to-date: /home/snaak/Documents/manipulation/manipulation_ws/install/snaak_manipulation/include/snaak_manipulation/snaak_manipulation
[2.953s] -- Up-to-date: /home/snaak/Documents/manipulation/manipulation_ws/install/snaak_manipulation/include/snaak_manipulation/snaak_manipulation/action
[2.953s] -- Up-to-date: /home/snaak/Documents/manipulation/manipulation_ws/install/snaak_manipulation/include/snaak_manipulation/snaak_manipulation/action/detail
[2.953s] -- Up-to-date: /home/snaak/Documents/manipulation/manipulation_ws/install/snaak_manipulation/include/snaak_manipulation/snaak_manipulation/action/detail/follow_trajectory__type_support.cpp
[2.953s] -- Up-to-date: /home/snaak/Documents/manipulation/manipulation_ws/install/snaak_manipulation/include/snaak_manipulation/snaak_manipulation/action/detail/follow_trajectory__rosidl_typesupport_introspection_cpp.hpp
[2.953s] -- Up-to-date: /home/snaak/Documents/manipulation/manipulation_ws/install/snaak_manipulation/lib/libsnaak_manipulation__rosidl_typesupport_introspection_cpp.so
[2.953s] -- Up-to-date: /home/snaak/Documents/manipulation/manipulation_ws/install/snaak_manipulation/lib/libsnaak_manipulation__rosidl_typesupport_cpp.so
[2.953s] -- Up-to-date: /home/snaak/Documents/manipulation/manipulation_ws/install/snaak_manipulation/share/snaak_manipulation/environment/pythonpath.sh
[2.953s] -- Installing: /home/snaak/Documents/manipulation/manipulation_ws/install/snaak_manipulation/share/snaak_manipulation/environment/pythonpath.dsv
[2.953s] -- Up-to-date: /home/snaak/Documents/manipulation/manipulation_ws/install/snaak_manipulation/local/lib/python3.10/dist-packages/snaak_manipulation-0.0.1-py3.10.egg-info
[2.953s] -- Installing: /home/snaak/Documents/manipulation/manipulation_ws/install/snaak_manipulation/local/lib/python3.10/dist-packages/snaak_manipulation-0.0.1-py3.10.egg-info/PKG-INFO
[2.953s] -- Installing: /home/snaak/Documents/manipulation/manipulation_ws/install/snaak_manipulation/local/lib/python3.10/dist-packages/snaak_manipulation-0.0.1-py3.10.egg-info/SOURCES.txt
[2.953s] -- Installing: /home/snaak/Documents/manipulation/manipulation_ws/install/snaak_manipulation/local/lib/python3.10/dist-packages/snaak_manipulation-0.0.1-py3.10.egg-info/dependency_links.txt
[2.953s] -- Installing: /home/snaak/Documents/manipulation/manipulation_ws/install/snaak_manipulation/local/lib/python3.10/dist-packages/snaak_manipulation-0.0.1-py3.10.egg-info/top_level.txt
[2.953s] -- Up-to-date: /home/snaak/Documents/manipulation/manipulation_ws/install/snaak_manipulation/local/lib/python3.10/dist-packages/snaak_manipulation
[2.953s] -- Up-to-date: /home/snaak/Documents/manipulation/manipulation_ws/install/snaak_manipulation/local/lib/python3.10/dist-packages/snaak_manipulation/snaak_manipulation_s__rosidl_typesupport_introspection_c.cpython-310-x86_64-linux-gnu.so
[2.953s] -- Up-to-date: /home/snaak/Documents/manipulation/manipulation_ws/install/snaak_manipulation/local/lib/python3.10/dist-packages/snaak_manipulation/_snaak_manipulation_s.ep.rosidl_typesupport_c.c
[2.953s] -- Installing: /home/snaak/Documents/manipulation/manipulation_ws/install/snaak_manipulation/local/lib/python3.10/dist-packages/snaak_manipulation/__init__.py
[2.954s] -- Up-to-date: /home/snaak/Documents/manipulation/manipulation_ws/install/snaak_manipulation/local/lib/python3.10/dist-packages/snaak_manipulation/libsnaak_manipulation__rosidl_generator_py.so
[2.954s] -- Up-to-date: /home/snaak/Documents/manipulation/manipulation_ws/install/snaak_manipulation/local/lib/python3.10/dist-packages/snaak_manipulation/snaak_manipulation_s__rosidl_typesupport_fastrtps_c.cpython-310-x86_64-linux-gnu.so
[2.954s] -- Up-to-date: /home/snaak/Documents/manipulation/manipulation_ws/install/snaak_manipulation/local/lib/python3.10/dist-packages/snaak_manipulation/_snaak_manipulation_s.ep.rosidl_typesupport_fastrtps_c.c
[2.954s] -- Up-to-date: /home/snaak/Documents/manipulation/manipulation_ws/install/snaak_manipulation/local/lib/python3.10/dist-packages/snaak_manipulation/snaak_manipulation_s__rosidl_typesupport_c.cpython-310-x86_64-linux-gnu.so
[2.954s] -- Up-to-date: /home/snaak/Documents/manipulation/manipulation_ws/install/snaak_manipulation/local/lib/python3.10/dist-packages/snaak_manipulation/action
[2.954s] -- Up-to-date: /home/snaak/Documents/manipulation/manipulation_ws/install/snaak_manipulation/local/lib/python3.10/dist-packages/snaak_manipulation/action/_follow_trajectory.py
[2.954s] -- Up-to-date: /home/snaak/Documents/manipulation/manipulation_ws/install/snaak_manipulation/local/lib/python3.10/dist-packages/snaak_manipulation/action/__init__.py
[2.954s] -- Up-to-date: /home/snaak/Documents/manipulation/manipulation_ws/install/snaak_manipulation/local/lib/python3.10/dist-packages/snaak_manipulation/action/_follow_trajectory_s.c
[2.954s] -- Up-to-date: /home/snaak/Documents/manipulation/manipulation_ws/install/snaak_manipulation/local/lib/python3.10/dist-packages/snaak_manipulation/_snaak_manipulation_s.ep.rosidl_typesupport_introspection_c.c
[2.981s] Listing '/home/snaak/Documents/manipulation/manipulation_ws/install/snaak_manipulation/local/lib/python3.10/dist-packages/snaak_manipulation'...
[2.981s] Compiling '/home/snaak/Documents/manipulation/manipulation_ws/install/snaak_manipulation/local/lib/python3.10/dist-packages/snaak_manipulation/__init__.py'...
[2.981s] Listing '/home/snaak/Documents/manipulation/manipulation_ws/install/snaak_manipulation/local/lib/python3.10/dist-packages/snaak_manipulation/action'...
[2.985s] -- Up-to-date: /home/snaak/Documents/manipulation/manipulation_ws/install/snaak_manipulation/local/lib/python3.10/dist-packages/snaak_manipulation/snaak_manipulation_s__rosidl_typesupport_fastrtps_c.cpython-310-x86_64-linux-gnu.so
[2.985s] -- Up-to-date: /home/snaak/Documents/manipulation/manipulation_ws/install/snaak_manipulation/local/lib/python3.10/dist-packages/snaak_manipulation/snaak_manipulation_s__rosidl_typesupport_introspection_c.cpython-310-x86_64-linux-gnu.so
[2.985s] -- Up-to-date: /home/snaak/Documents/manipulation/manipulation_ws/install/snaak_manipulation/local/lib/python3.10/dist-packages/snaak_manipulation/snaak_manipulation_s__rosidl_typesupport_c.cpython-310-x86_64-linux-gnu.so
[2.986s] -- Up-to-date: /home/snaak/Documents/manipulation/manipulation_ws/install/snaak_manipulation/lib/libsnaak_manipulation__rosidl_generator_py.so
[2.986s] -- Up-to-date: /home/snaak/Documents/manipulation/manipulation_ws/install/snaak_manipulation/share/snaak_manipulation/action/FollowTrajectory.idl
[2.986s] -- Up-to-date: /home/snaak/Documents/manipulation/manipulation_ws/install/snaak_manipulation/share/snaak_manipulation/action/FollowTrajectory.action
[2.986s] -- Up-to-date: /home/snaak/Documents/manipulation/manipulation_ws/install/snaak_manipulation/lib/snaak_manipulation/follow_trajectory.py
[2.986s] -- Installing: /home/snaak/Documents/manipulation/manipulation_ws/install/snaak_manipulation/share/ament_index/resource_index/package_run_dependencies/snaak_manipulation
[2.986s] -- Up-to-date: /home/snaak/Documents/manipulation/manipulation_ws/install/snaak_manipulation/share/ament_index/resource_index/parent_prefix_path/snaak_manipulation
[2.986s] -- Up-to-date: /home/snaak/Documents/manipulation/manipulation_ws/install/snaak_manipulation/share/snaak_manipulation/environment/ament_prefix_path.sh
[2.986s] -- Installing: /home/snaak/Documents/manipulation/manipulation_ws/install/snaak_manipulation/share/snaak_manipulation/environment/ament_prefix_path.dsv
[2.986s] -- Up-to-date: /home/snaak/Documents/manipulation/manipulation_ws/install/snaak_manipulation/share/snaak_manipulation/environment/path.sh
[2.986s] -- Installing: /home/snaak/Documents/manipulation/manipulation_ws/install/snaak_manipulation/share/snaak_manipulation/environment/path.dsv
[2.986s] -- Up-to-date: /home/snaak/Documents/manipulation/manipulation_ws/install/snaak_manipulation/share/snaak_manipulation/local_setup.bash
[2.986s] -- Up-to-date: /home/snaak/Documents/manipulation/manipulation_ws/install/snaak_manipulation/share/snaak_manipulation/local_setup.sh
[2.987s] -- Up-to-date: /home/snaak/Documents/manipulation/manipulation_ws/install/snaak_manipulation/share/snaak_manipulation/local_setup.zsh
[2.987s] -- Installing: /home/snaak/Documents/manipulation/manipulation_ws/install/snaak_manipulation/share/snaak_manipulation/local_setup.dsv
[2.987s] -- Installing: /home/snaak/Documents/manipulation/manipulation_ws/install/snaak_manipulation/share/snaak_manipulation/package.dsv
[2.987s] -- Up-to-date: /home/snaak/Documents/manipulation/manipulation_ws/install/snaak_manipulation/share/ament_index/resource_index/packages/snaak_manipulation
[2.987s] -- Up-to-date: /home/snaak/Documents/manipulation/manipulation_ws/install/snaak_manipulation/share/snaak_manipulation/cmake/export_snaak_manipulation__rosidl_generator_cExport.cmake
[2.987s] -- Up-to-date: /home/snaak/Documents/manipulation/manipulation_ws/install/snaak_manipulation/share/snaak_manipulation/cmake/export_snaak_manipulation__rosidl_generator_cExport-noconfig.cmake
[2.987s] -- Up-to-date: /home/snaak/Documents/manipulation/manipulation_ws/install/snaak_manipulation/share/snaak_manipulation/cmake/export_snaak_manipulation__rosidl_typesupport_fastrtps_cExport.cmake
[2.987s] -- Up-to-date: /home/snaak/Documents/manipulation/manipulation_ws/install/snaak_manipulation/share/snaak_manipulation/cmake/export_snaak_manipulation__rosidl_typesupport_fastrtps_cExport-noconfig.cmake
[2.987s] -- Up-to-date: /home/snaak/Documents/manipulation/manipulation_ws/install/snaak_manipulation/share/snaak_manipulation/cmake/export_snaak_manipulation__rosidl_generator_cppExport.cmake
[2.987s] -- Up-to-date: /home/snaak/Documents/manipulation/manipulation_ws/install/snaak_manipulation/share/snaak_manipulation/cmake/export_snaak_manipulation__rosidl_typesupport_fastrtps_cppExport.cmake
[2.987s] -- Up-to-date: /home/snaak/Documents/manipulation/manipulation_ws/install/snaak_manipulation/share/snaak_manipulation/cmake/export_snaak_manipulation__rosidl_typesupport_fastrtps_cppExport-noconfig.cmake
[2.987s] -- Up-to-date: /home/snaak/Documents/manipulation/manipulation_ws/install/snaak_manipulation/share/snaak_manipulation/cmake/snaak_manipulation__rosidl_typesupport_introspection_cExport.cmake
[2.987s] -- Up-to-date: /home/snaak/Documents/manipulation/manipulation_ws/install/snaak_manipulation/share/snaak_manipulation/cmake/snaak_manipulation__rosidl_typesupport_introspection_cExport-noconfig.cmake
[2.987s] -- Up-to-date: /home/snaak/Documents/manipulation/manipulation_ws/install/snaak_manipulation/share/snaak_manipulation/cmake/snaak_manipulation__rosidl_typesupport_cExport.cmake
[2.988s] -- Up-to-date: /home/snaak/Documents/manipulation/manipulation_ws/install/snaak_manipulation/share/snaak_manipulation/cmake/snaak_manipulation__rosidl_typesupport_cExport-noconfig.cmake
[2.988s] -- Up-to-date: /home/snaak/Documents/manipulation/manipulation_ws/install/snaak_manipulation/share/snaak_manipulation/cmake/snaak_manipulation__rosidl_typesupport_introspection_cppExport.cmake
[2.988s] -- Up-to-date: /home/snaak/Documents/manipulation/manipulation_ws/install/snaak_manipulation/share/snaak_manipulation/cmake/snaak_manipulation__rosidl_typesupport_introspection_cppExport-noconfig.cmake
[2.988s] -- Up-to-date: /home/snaak/Documents/manipulation/manipulation_ws/install/snaak_manipulation/share/snaak_manipulation/cmake/snaak_manipulation__rosidl_typesupport_cppExport.cmake
[2.988s] -- Up-to-date: /home/snaak/Documents/manipulation/manipulation_ws/install/snaak_manipulation/share/snaak_manipulation/cmake/snaak_manipulation__rosidl_typesupport_cppExport-noconfig.cmake
[2.988s] -- Up-to-date: /home/snaak/Documents/manipulation/manipulation_ws/install/snaak_manipulation/share/snaak_manipulation/cmake/export_snaak_manipulation__rosidl_generator_pyExport.cmake
[2.988s] -- Up-to-date: /home/snaak/Documents/manipulation/manipulation_ws/install/snaak_manipulation/share/snaak_manipulation/cmake/export_snaak_manipulation__rosidl_generator_pyExport-noconfig.cmake
[2.988s] -- Up-to-date: /home/snaak/Documents/manipulation/manipulation_ws/install/snaak_manipulation/share/snaak_manipulation/cmake/rosidl_cmake-extras.cmake
[2.988s] -- Up-to-date: /home/snaak/Documents/manipulation/manipulation_ws/install/snaak_manipulation/share/snaak_manipulation/cmake/ament_cmake_export_dependencies-extras.cmake
[2.988s] -- Up-to-date: /home/snaak/Documents/manipulation/manipulation_ws/install/snaak_manipulation/share/snaak_manipulation/cmake/ament_cmake_export_include_directories-extras.cmake
[2.988s] -- Up-to-date: /home/snaak/Documents/manipulation/manipulation_ws/install/snaak_manipulation/share/snaak_manipulation/cmake/ament_cmake_export_libraries-extras.cmake
[2.988s] -- Up-to-date: /home/snaak/Documents/manipulation/manipulation_ws/install/snaak_manipulation/share/snaak_manipulation/cmake/ament_cmake_export_targets-extras.cmake
[2.988s] -- Up-to-date: /home/snaak/Documents/manipulation/manipulation_ws/install/snaak_manipulation/share/snaak_manipulation/cmake/rosidl_cmake_export_typesupport_targets-extras.cmake
[2.988s] -- Up-to-date: /home/snaak/Documents/manipulation/manipulation_ws/install/snaak_manipulation/share/snaak_manipulation/cmake/rosidl_cmake_export_typesupport_libraries-extras.cmake
[2.988s] -- Up-to-date: /home/snaak/Documents/manipulation/manipulation_ws/install/snaak_manipulation/share/snaak_manipulation/cmake/snaak_manipulationConfig.cmake
[2.988s] -- Up-to-date: /home/snaak/Documents/manipulation/manipulation_ws/install/snaak_manipulation/share/snaak_manipulation/cmake/snaak_manipulationConfig-version.cmake
[2.988s] -- Installing: /home/snaak/Documents/manipulation/manipulation_ws/install/snaak_manipulation/share/snaak_manipulation/package.xml
[2.990s] Invoked command in '/home/snaak/Documents/manipulation/manipulation_ws/build/snaak_manipulation' returned '0': CMAKE_PREFIX_PATH=${CMAKE_PREFIX_PATH}:/opt/ros/humble /usr/bin/cmake --install /home/snaak/Documents/manipulation/manipulation_ws/build/snaak_manipulation
