[0.009s] Invoking command in '/home/oberton/manipulation/manipulation_ws/build/snaak_manipulation': CMAKE_PREFIX_PATH=/opt/ros/humble /usr/bin/cmake /home/oberton/manipulation/manipulation_ws/src/snaak_manipulation -DCMAKE_INSTALL_PREFIX=/home/oberton/manipulation/manipulation_ws/install/snaak_manipulation
[0.019s] -- Found ament_cmake: 1.3.11 (/opt/ros/humble/share/ament_cmake/cmake)
[0.094s] -- Found rclcpp: 16.0.11 (/opt/ros/humble/share/rclcpp/cmake)
[0.110s] -- Found rosidl_generator_c: 3.1.6 (/opt/ros/humble/share/rosidl_generator_c/cmake)
[0.112s] -- Found rosidl_adapter: 3.1.6 (/opt/ros/humble/share/rosidl_adapter/cmake)
[0.117s] -- Found rosidl_generator_cpp: 3.1.6 (/opt/ros/humble/share/rosidl_generator_cpp/cmake)
[0.122s] -- Using all available rosidl_typesupport_c: rosidl_typesupport_fastrtps_c;rosidl_typesupport_introspection_c
[0.129s] -- Using all available rosidl_typesupport_cpp: rosidl_typesupport_fastrtps_cpp;rosidl_typesupport_introspection_cpp
[0.146s] -- Found rmw_implementation_cmake: 6.1.2 (/opt/ros/humble/share/rmw_implementation_cmake/cmake)
[0.147s] -- Found rmw_fastrtps_cpp: 6.2.7 (/opt/ros/humble/share/rmw_fastrtps_cpp/cmake)
[0.218s] -- Using RMW implementation 'rmw_fastrtps_cpp' as default
[0.246s] -- Found rclpy: 3.3.15 (/opt/ros/humble/share/rclpy/cmake)
[0.249s] -- Found geometry_msgs: 4.2.4 (/opt/ros/humble/share/geometry_msgs/cmake)
[0.258s] -- Found rosidl_default_generators: 1.2.0 (/opt/ros/humble/share/rosidl_default_generators/cmake)
[0.262s] [31mCMake Error at /opt/ros/humble/share/rosidl_cmake/cmake/rosidl_generate_interfaces.cmake:93 (message):
[0.262s]   rosidl_generate_interfaces() the passed file 'msg/RigidTransform.msg'
[0.262s]   doesn't exist relative to the CMAKE_CURRENT_SOURCE_DIR
[0.262s]   '/home/oberton/manipulation/manipulation_ws/src/snaak_manipulation'
[0.262s] Call Stack (most recent call first):
[0.262s]   CMakeLists.txt:20 (rosidl_generate_interfaces)
[0.262s] 
[0.262s] [0m
[0.262s] -- Configuring incomplete, errors occurred!
[0.262s] See also "/home/oberton/manipulation/manipulation_ws/build/snaak_manipulation/CMakeFiles/CMakeOutput.log".
[0.268s] Invoked command in '/home/oberton/manipulation/manipulation_ws/build/snaak_manipulation' returned '1': CMAKE_PREFIX_PATH=/opt/ros/humble /usr/bin/cmake /home/oberton/manipulation/manipulation_ws/src/snaak_manipulation -DCMAKE_INSTALL_PREFIX=/home/oberton/manipulation/manipulation_ws/install/snaak_manipulation
