[0.009s] Invoking command in '/home/oberton/manipulation/manipulation_ws/build/snaak_manipulation': CMAKE_PREFIX_PATH=/opt/ros/humble /usr/bin/cmake /home/oberton/manipulation/manipulation_ws/src/snaak_manipulation -DCMAKE_INSTALL_PREFIX=/home/oberton/manipulation/manipulation_ws/install/snaak_manipulation
[0.018s] -- Found ament_cmake: 1.3.11 (/opt/ros/humble/share/ament_cmake/cmake)
[0.091s] -- Found rclcpp: 16.0.11 (/opt/ros/humble/share/rclcpp/cmake)
[0.108s] -- Found rosidl_generator_c: 3.1.6 (/opt/ros/humble/share/rosidl_generator_c/cmake)
[0.109s] -- Found rosidl_adapter: 3.1.6 (/opt/ros/humble/share/rosidl_adapter/cmake)
[0.113s] -- Found rosidl_generator_cpp: 3.1.6 (/opt/ros/humble/share/rosidl_generator_cpp/cmake)
[0.118s] -- Using all available rosidl_typesupport_c: rosidl_typesupport_fastrtps_c;rosidl_typesupport_introspection_c
[0.126s] -- Using all available rosidl_typesupport_cpp: rosidl_typesupport_fastrtps_cpp;rosidl_typesupport_introspection_cpp
[0.143s] -- Found rmw_implementation_cmake: 6.1.2 (/opt/ros/humble/share/rmw_implementation_cmake/cmake)
[0.143s] -- Found rmw_fastrtps_cpp: 6.2.7 (/opt/ros/humble/share/rmw_fastrtps_cpp/cmake)
[0.215s] -- Using RMW implementation 'rmw_fastrtps_cpp' as default
[0.243s] -- Found rclpy: 3.3.15 (/opt/ros/humble/share/rclpy/cmake)
[0.243s] -- Found rosidl_default_generators: 1.2.0 (/opt/ros/humble/share/rosidl_default_generators/cmake)
[0.346s] [31mCMake Error at /opt/ros/humble/share/rosidl_adapter/cmake/rosidl_adapt_interfaces.cmake:59 (message):
[0.346s]   execute_process(/usr/bin/python3 -m rosidl_adapter --package-name
[0.346s]   snaak_manipulation --arguments-file
[0.346s]   /home/oberton/manipulation/manipulation_ws/build/snaak_manipulation/rosidl_adapter__arguments__snaak_manipulation.json
[0.346s]   --output-dir
[0.346s]   /home/oberton/manipulation/manipulation_ws/build/snaak_manipulation/rosidl_adapter/snaak_manipulation
[0.346s]   --output-file
[0.346s]   /home/oberton/manipulation/manipulation_ws/build/snaak_manipulation/rosidl_adapter/snaak_manipulation.idls)
[0.346s]   returned error code 1:
[0.346s] 
[0.346s]   Error processing 'snaak_manipulation/msg/RigidTransform end_pose' of
[0.346s]   'snaak_manipulation/FollowTrajectory_Result':
[0.346s]   'snaak_manipulation/msg/RigidTransform'
[0.346s] 
[0.346s]   Traceback (most recent call last):
[0.346s] 
[0.346s]     File "/usr/lib/python3.10/runpy.py", line 196, in _run_module_as_main
[0.346s]       return _run_code(code, main_globals, None,
[0.346s]     File "/usr/lib/python3.10/runpy.py", line 86, in _run_code
[0.346s]       exec(code, run_globals)
[0.346s]     File "/opt/ros/humble/local/lib/python3.10/dist-packages/rosidl_adapter/__main__.py", line 19, in <module>
[0.346s]       sys.exit(main())
[0.346s]     File "/opt/ros/humble/local/lib/python3.10/dist-packages/rosidl_adapter/main.py", line 53, in main
[0.346s]       abs_idl_file = convert_to_idl(
[0.346s]     File "/opt/ros/humble/local/lib/python3.10/dist-packages/rosidl_adapter/__init__.py", line 29, in convert_to_idl
[0.347s]       return convert_action_to_idl(
[0.347s]     File "/opt/ros/humble/local/lib/python3.10/dist-packages/rosidl_adapter/action/__init__.py", line 28, in convert_action_to_idl
[0.347s]       action = parse_action_string(package_name, input_file.stem, content)
[0.347s]     File "/opt/ros/humble/local/lib/python3.10/dist-packages/rosidl_adapter/parser.py", line 904, in parse_action_string
[0.347s]       result_message = parse_message_string(
[0.347s]     File "/opt/ros/humble/local/lib/python3.10/dist-packages/rosidl_adapter/parser.py", line 520, in parse_message_string
[0.347s]       Type(type_string, context_package_name=pkg_name),
[0.347s]     File "/opt/ros/humble/local/lib/python3.10/dist-packages/rosidl_adapter/parser.py", line 277, in __init__
[0.347s]       super(Type, self).__init__(
[0.347s]     File "/opt/ros/humble/local/lib/python3.10/dist-packages/rosidl_adapter/parser.py", line 190, in __init__
[0.347s]       raise InvalidResourceName(type_string)
[0.347s] 
[0.347s]   rosidl_adapter.parser.InvalidResourceName:
[0.347s]   snaak_manipulation/msg/RigidTransform
[0.347s] 
[0.347s] Call Stack (most recent call first):
[0.347s]   /opt/ros/humble/share/rosidl_cmake/cmake/rosidl_generate_interfaces.cmake:130 (rosidl_adapt_interfaces)
[0.347s]   CMakeLists.txt:19 (rosidl_generate_interfaces)
[0.347s] 
[0.347s] [0m
[0.347s] -- Configuring incomplete, errors occurred!
[0.347s] See also "/home/oberton/manipulation/manipulation_ws/build/snaak_manipulation/CMakeFiles/CMakeOutput.log".
[0.358s] Invoked command in '/home/oberton/manipulation/manipulation_ws/build/snaak_manipulation' returned '1': CMAKE_PREFIX_PATH=/opt/ros/humble /usr/bin/cmake /home/oberton/manipulation/manipulation_ws/src/snaak_manipulation -DCMAKE_INSTALL_PREFIX=/home/oberton/manipulation/manipulation_ws/install/snaak_manipulation
